<?xml version="1.0" encoding="UTF-8"?>
<testsuite xmlns:xsi="http://www.w3.org/2001/XMLSchema-instance" xsi:noNamespaceSchemaLocation="https://maven.apache.org/surefire/maven-surefire-plugin/xsd/surefire-test-report.xsd" name="ru.skillbox.team13.legacy.controller_integration.PlatformControllerTest" time="3.531" tests="1" errors="1" skipped="0" failures="0">
  <properties>
    <property name="java.specification.version" value="16"/>
    <property name="sun.cpu.isalist" value="amd64"/>
    <property name="sun.jnu.encoding" value="Cp1251"/>
    <property name="java.class.path" value="C:\Users\java_basics\ComandDiplom\socnet\target\test-classes;C:\Users\java_basics\ComandDiplom\socnet\target\classes;C:\Users\asxma\.m2\repository\org\springframework\boot\spring-boot-starter-web\2.5.0\spring-boot-starter-web-2.5.0.jar;C:\Users\asxma\.m2\repository\org\springframework\boot\spring-boot-starter\2.5.0\spring-boot-starter-2.5.0.jar;C:\Users\asxma\.m2\repository\org\springframework\boot\spring-boot\2.5.0\spring-boot-2.5.0.jar;C:\Users\asxma\.m2\repository\org\springframework\boot\spring-boot-autoconfigure\2.5.0\spring-boot-autoconfigure-2.5.0.jar;C:\Users\asxma\.m2\repository\org\springframework\boot\spring-boot-starter-logging\2.5.0\spring-boot-starter-logging-2.5.0.jar;C:\Users\asxma\.m2\repository\ch\qos\logback\logback-classic\1.2.3\logback-classic-1.2.3.jar;C:\Users\asxma\.m2\repository\ch\qos\logback\logback-core\1.2.3\logback-core-1.2.3.jar;C:\Users\asxma\.m2\repository\org\apache\logging\log4j\log4j-to-slf4j\2.14.1\log4j-to-slf4j-2.14.1.jar;C:\Users\asxma\.m2\repository\org\apache\logging\log4j\log4j-api\2.14.1\log4j-api-2.14.1.jar;C:\Users\asxma\.m2\repository\org\slf4j\jul-to-slf4j\1.7.30\jul-to-slf4j-1.7.30.jar;C:\Users\asxma\.m2\repository\jakarta\annotation\jakarta.annotation-api\1.3.5\jakarta.annotation-api-1.3.5.jar;C:\Users\asxma\.m2\repository\org\yaml\snakeyaml\1.28\snakeyaml-1.28.jar;C:\Users\asxma\.m2\repository\org\springframework\boot\spring-boot-starter-json\2.5.0\spring-boot-starter-json-2.5.0.jar;C:\Users\asxma\.m2\repository\com\fasterxml\jackson\datatype\jackson-datatype-jdk8\2.12.3\jackson-datatype-jdk8-2.12.3.jar;C:\Users\asxma\.m2\repository\com\fasterxml\jackson\datatype\jackson-datatype-jsr310\2.12.3\jackson-datatype-jsr310-2.12.3.jar;C:\Users\asxma\.m2\repository\com\fasterxml\jackson\module\jackson-module-parameter-names\2.12.3\jackson-module-parameter-names-2.12.3.jar;C:\Users\asxma\.m2\repository\org\springframework\boot\spring-boot-starter-tomcat\2.5.0\spring-boot-starter-tomcat-2.5.0.jar;C:\Users\asxma\.m2\repository\org\apache\tomcat\embed\tomcat-embed-core\9.0.46\tomcat-embed-core-9.0.46.jar;C:\Users\asxma\.m2\repository\org\apache\tomcat\embed\tomcat-embed-websocket\9.0.46\tomcat-embed-websocket-9.0.46.jar;C:\Users\asxma\.m2\repository\org\springframework\spring-web\5.3.7\spring-web-5.3.7.jar;C:\Users\asxma\.m2\repository\org\springframework\spring-beans\5.3.7\spring-beans-5.3.7.jar;C:\Users\asxma\.m2\repository\org\springframework\spring-webmvc\5.3.7\spring-webmvc-5.3.7.jar;C:\Users\asxma\.m2\repository\org\springframework\spring-context\5.3.7\spring-context-5.3.7.jar;C:\Users\asxma\.m2\repository\org\springframework\spring-expression\5.3.7\spring-expression-5.3.7.jar;C:\Users\asxma\.m2\repository\org\springframework\boot\spring-boot-starter-data-jpa\2.5.0\spring-boot-starter-data-jpa-2.5.0.jar;C:\Users\asxma\.m2\repository\org\springframework\boot\spring-boot-starter-aop\2.5.0\spring-boot-starter-aop-2.5.0.jar;C:\Users\asxma\.m2\repository\org\aspectj\aspectjweaver\1.9.6\aspectjweaver-1.9.6.jar;C:\Users\asxma\.m2\repository\org\springframework\boot\spring-boot-starter-jdbc\2.5.0\spring-boot-starter-jdbc-2.5.0.jar;C:\Users\asxma\.m2\repository\com\zaxxer\HikariCP\4.0.3\HikariCP-4.0.3.jar;C:\Users\asxma\.m2\repository\org\springframework\spring-jdbc\5.3.7\spring-jdbc-5.3.7.jar;C:\Users\asxma\.m2\repository\jakarta\transaction\jakarta.transaction-api\1.3.3\jakarta.transaction-api-1.3.3.jar;C:\Users\asxma\.m2\repository\jakarta\persistence\jakarta.persistence-api\2.2.3\jakarta.persistence-api-2.2.3.jar;C:\Users\asxma\.m2\repository\org\hibernate\hibernate-core\5.4.31.Final\hibernate-core-5.4.31.Final.jar;C:\Users\asxma\.m2\repository\org\jboss\logging\jboss-logging\3.4.1.Final\jboss-logging-3.4.1.Final.jar;C:\Users\asxma\.m2\repository\org\javassist\javassist\3.27.0-GA\javassist-3.27.0-GA.jar;C:\Users\asxma\.m2\repository\net\bytebuddy\byte-buddy\1.10.22\byte-buddy-1.10.22.jar;C:\Users\asxma\.m2\repository\antlr\antlr\2.7.7\antlr-2.7.7.jar;C:\Users\asxma\.m2\repository\org\jboss\jandex\2.2.3.Final\jandex-2.2.3.Final.jar;C:\Users\asxma\.m2\repository\com\fasterxml\classmate\1.5.1\classmate-1.5.1.jar;C:\Users\asxma\.m2\repository\org\dom4j\dom4j\2.1.3\dom4j-2.1.3.jar;C:\Users\asxma\.m2\repository\org\hibernate\common\hibernate-commons-annotations\5.1.2.Final\hibernate-commons-annotations-5.1.2.Final.jar;C:\Users\asxma\.m2\repository\org\glassfish\jaxb\jaxb-runtime\2.3.4\jaxb-runtime-2.3.4.jar;C:\Users\asxma\.m2\repository\org\glassfish\jaxb\txw2\2.3.4\txw2-2.3.4.jar;C:\Users\asxma\.m2\repository\com\sun\istack\istack-commons-runtime\3.0.12\istack-commons-runtime-3.0.12.jar;C:\Users\asxma\.m2\repository\org\springframework\data\spring-data-jpa\2.5.1\spring-data-jpa-2.5.1.jar;C:\Users\asxma\.m2\repository\org\springframework\data\spring-data-commons\2.5.1\spring-data-commons-2.5.1.jar;C:\Users\asxma\.m2\repository\org\springframework\spring-orm\5.3.7\spring-orm-5.3.7.jar;C:\Users\asxma\.m2\repository\org\springframework\spring-tx\5.3.7\spring-tx-5.3.7.jar;C:\Users\asxma\.m2\repository\org\springframework\spring-aspects\5.3.7\spring-aspects-5.3.7.jar;C:\Users\asxma\.m2\repository\org\springframework\boot\spring-boot-starter-security\2.5.0\spring-boot-starter-security-2.5.0.jar;C:\Users\asxma\.m2\repository\org\springframework\spring-aop\5.3.7\spring-aop-5.3.7.jar;C:\Users\asxma\.m2\repository\org\springframework\security\spring-security-config\5.5.0\spring-security-config-5.5.0.jar;C:\Users\asxma\.m2\repository\org\jetbrains\kotlin\kotlin-stdlib-jdk8\1.5.0\kotlin-stdlib-jdk8-1.5.0.jar;C:\Users\asxma\.m2\repository\org\jetbrains\kotlin\kotlin-stdlib\1.5.0\kotlin-stdlib-1.5.0.jar;C:\Users\asxma\.m2\repository\org\jetbrains\annotations\13.0\annotations-13.0.jar;C:\Users\asxma\.m2\repository\org\jetbrains\kotlin\kotlin-stdlib-common\1.5.0\kotlin-stdlib-common-1.5.0.jar;C:\Users\asxma\.m2\repository\org\jetbrains\kotlin\kotlin-stdlib-jdk7\1.5.0\kotlin-stdlib-jdk7-1.5.0.jar;C:\Users\asxma\.m2\repository\org\springframework\security\spring-security-web\5.5.0\spring-security-web-5.5.0.jar;C:\Users\asxma\.m2\repository\org\springframework\boot\spring-boot-starter-test\2.5.0\spring-boot-starter-test-2.5.0.jar;C:\Users\asxma\.m2\repository\org\springframework\boot\spring-boot-test\2.5.0\spring-boot-test-2.5.0.jar;C:\Users\asxma\.m2\repository\org\springframework\boot\spring-boot-test-autoconfigure\2.5.0\spring-boot-test-autoconfigure-2.5.0.jar;C:\Users\asxma\.m2\repository\com\jayway\jsonpath\json-path\2.5.0\json-path-2.5.0.jar;C:\Users\asxma\.m2\repository\net\minidev\json-smart\2.4.7\json-smart-2.4.7.jar;C:\Users\asxma\.m2\repository\net\minidev\accessors-smart\2.4.7\accessors-smart-2.4.7.jar;C:\Users\asxma\.m2\repository\org\ow2\asm\asm\9.1\asm-9.1.jar;C:\Users\asxma\.m2\repository\jakarta\xml\bind\jakarta.xml.bind-api\2.3.3\jakarta.xml.bind-api-2.3.3.jar;C:\Users\asxma\.m2\repository\jakarta\activation\jakarta.activation-api\1.2.2\jakarta.activation-api-1.2.2.jar;C:\Users\asxma\.m2\repository\org\assertj\assertj-core\3.19.0\assertj-core-3.19.0.jar;C:\Users\asxma\.m2\repository\org\hamcrest\hamcrest\2.2\hamcrest-2.2.jar;C:\Users\asxma\.m2\repository\org\junit\jupiter\junit-jupiter\5.7.2\junit-jupiter-5.7.2.jar;C:\Users\asxma\.m2\repository\org\junit\jupiter\junit-jupiter-params\5.7.2\junit-jupiter-params-5.7.2.jar;C:\Users\asxma\.m2\repository\org\junit\jupiter\junit-jupiter-engine\5.7.2\junit-jupiter-engine-5.7.2.jar;C:\Users\asxma\.m2\repository\org\junit\platform\junit-platform-engine\1.7.2\junit-platform-engine-1.7.2.jar;C:\Users\asxma\.m2\repository\org\mockito\mockito-core\3.9.0\mockito-core-3.9.0.jar;C:\Users\asxma\.m2\repository\net\bytebuddy\byte-buddy-agent\1.10.22\byte-buddy-agent-1.10.22.jar;C:\Users\asxma\.m2\repository\org\objenesis\objenesis\3.2\objenesis-3.2.jar;C:\Users\asxma\.m2\repository\org\mockito\mockito-junit-jupiter\3.9.0\mockito-junit-jupiter-3.9.0.jar;C:\Users\asxma\.m2\repository\org\skyscreamer\jsonassert\1.5.0\jsonassert-1.5.0.jar;C:\Users\asxma\.m2\repository\com\vaadin\external\google\android-json\0.0.20131108.vaadin1\android-json-0.0.20131108.vaadin1.jar;C:\Users\asxma\.m2\repository\org\springframework\spring-core\5.3.7\spring-core-5.3.7.jar;C:\Users\asxma\.m2\repository\org\springframework\spring-jcl\5.3.7\spring-jcl-5.3.7.jar;C:\Users\asxma\.m2\repository\org\springframework\spring-test\5.3.7\spring-test-5.3.7.jar;C:\Users\asxma\.m2\repository\org\xmlunit\xmlunit-core\2.8.2\xmlunit-core-2.8.2.jar;C:\Users\asxma\.m2\repository\org\springframework\boot\spring-boot-starter-cache\2.5.0\spring-boot-starter-cache-2.5.0.jar;C:\Users\asxma\.m2\repository\org\springframework\spring-context-support\5.3.7\spring-context-support-5.3.7.jar;C:\Users\asxma\.m2\repository\org\springframework\boot\spring-boot-starter-websocket\2.5.0\spring-boot-starter-websocket-2.5.0.jar;C:\Users\asxma\.m2\repository\org\springframework\spring-messaging\5.3.7\spring-messaging-5.3.7.jar;C:\Users\asxma\.m2\repository\org\springframework\spring-websocket\5.3.7\spring-websocket-5.3.7.jar;C:\Users\asxma\.m2\repository\org\springframework\security\spring-security-test\5.5.0\spring-security-test-5.5.0.jar;C:\Users\asxma\.m2\repository\org\springframework\security\spring-security-core\5.5.0\spring-security-core-5.5.0.jar;C:\Users\asxma\.m2\repository\org\springframework\security\spring-security-crypto\5.5.0\spring-security-crypto-5.5.0.jar;C:\Users\asxma\.m2\repository\org\projectlombok\lombok\1.18.20\lombok-1.18.20.jar;C:\Users\asxma\.m2\repository\org\postgresql\postgresql\42.2.20\postgresql-42.2.20.jar;C:\Users\asxma\.m2\repository\org\checkerframework\checker-qual\3.5.0\checker-qual-3.5.0.jar;C:\Users\asxma\.m2\repository\org\liquibase\liquibase-core\4.3.5\liquibase-core-4.3.5.jar;C:\Users\asxma\.m2\repository\javax\xml\bind\jaxb-api\2.3.1\jaxb-api-2.3.1.jar;C:\Users\asxma\.m2\repository\javax\activation\javax.activation-api\1.2.0\javax.activation-api-1.2.0.jar;C:\Users\asxma\.m2\repository\com\h2database\h2\1.4.200\h2-1.4.200.jar;C:\Users\asxma\.m2\repository\io\jsonwebtoken\jjwt\0.8.0\jjwt-0.8.0.jar;C:\Users\asxma\.m2\repository\com\fasterxml\jackson\core\jackson-databind\2.12.3\jackson-databind-2.12.3.jar;C:\Users\asxma\.m2\repository\com\fasterxml\jackson\core\jackson-annotations\2.12.3\jackson-annotations-2.12.3.jar;C:\Users\asxma\.m2\repository\com\fasterxml\jackson\core\jackson-core\2.12.3\jackson-core-2.12.3.jar;C:\Users\asxma\.m2\repository\org\springframework\boot\spring-boot-starter-validation\2.5.0\spring-boot-starter-validation-2.5.0.jar;C:\Users\asxma\.m2\repository\org\apache\tomcat\embed\tomcat-embed-el\9.0.46\tomcat-embed-el-9.0.46.jar;C:\Users\asxma\.m2\repository\org\hibernate\validator\hibernate-validator\6.2.0.Final\hibernate-validator-6.2.0.Final.jar;C:\Users\asxma\.m2\repository\jakarta\validation\jakarta.validation-api\2.0.2\jakarta.validation-api-2.0.2.jar;C:\Users\asxma\.m2\repository\org\springframework\boot\spring-boot-starter-mail\2.5.0\spring-boot-starter-mail-2.5.0.jar;C:\Users\asxma\.m2\repository\com\sun\mail\jakarta.mail\1.6.7\jakarta.mail-1.6.7.jar;C:\Users\asxma\.m2\repository\com\sun\activation\jakarta.activation\1.2.2\jakarta.activation-1.2.2.jar;C:\Users\asxma\.m2\repository\com\querydsl\querydsl-jpa\4.4.0\querydsl-jpa-4.4.0.jar;C:\Users\asxma\.m2\repository\com\querydsl\querydsl-core\4.4.0\querydsl-core-4.4.0.jar;C:\Users\asxma\.m2\repository\com\google\guava\guava\18.0\guava-18.0.jar;C:\Users\asxma\.m2\repository\com\google\code\findbugs\jsr305\1.3.9\jsr305-1.3.9.jar;C:\Users\asxma\.m2\repository\com\mysema\commons\mysema-commons-lang\0.2.4\mysema-commons-lang-0.2.4.jar;C:\Users\asxma\.m2\repository\com\infradna\tool\bridge-method-annotation\1.13\bridge-method-annotation-1.13.jar;C:\Users\asxma\.m2\repository\javax\inject\javax.inject\1\javax.inject-1.jar;C:\Users\asxma\.m2\repository\org\slf4j\slf4j-api\1.7.30\slf4j-api-1.7.30.jar;C:\Users\asxma\.m2\repository\com\querydsl\querydsl-apt\4.4.0\querydsl-apt-4.4.0.jar;C:\Users\asxma\.m2\repository\com\querydsl\querydsl-codegen\4.4.0\querydsl-codegen-4.4.0.jar;C:\Users\asxma\.m2\repository\com\mysema\codegen\codegen\0.6.8\codegen-0.6.8.jar;C:\Users\asxma\.m2\repository\org\eclipse\jdt\core\compiler\ecj\4.3.1\ecj-4.3.1.jar;C:\Users\asxma\.m2\repository\org\reflections\reflections\0.9.9\reflections-0.9.9.jar;C:\Users\asxma\.m2\repository\com\google\code\findbugs\annotations\2.0.1\annotations-2.0.1.jar;C:\Users\asxma\.m2\repository\com\amazonaws\aws-java-sdk\1.11.931\aws-java-sdk-1.11.931.jar;C:\Users\asxma\.m2\repository\com\amazonaws\aws-java-sdk-wellarchitected\1.11.931\aws-java-sdk-wellarchitected-1.11.931.jar;C:\Users\asxma\.m2\repository\com\amazonaws\jmespath-java\1.11.931\jmespath-java-1.11.931.jar;C:\Users\asxma\.m2\repository\com\amazonaws\aws-java-sdk-location\1.11.931\aws-java-sdk-location-1.11.931.jar;C:\Users\asxma\.m2\repository\com\amazonaws\aws-java-sdk-iotdeviceadvisor\1.11.931\aws-java-sdk-iotdeviceadvisor-1.11.931.jar;C:\Users\asxma\.m2\repository\com\amazonaws\aws-java-sdk-iotfleethub\1.11.931\aws-java-sdk-iotfleethub-1.11.931.jar;C:\Users\asxma\.m2\repository\com\amazonaws\aws-java-sdk-iotwireless\1.11.931\aws-java-sdk-iotwireless-1.11.931.jar;C:\Users\asxma\.m2\repository\com\amazonaws\aws-java-sdk-greengrassv2\1.11.931\aws-java-sdk-greengrassv2-1.11.931.jar;C:\Users\asxma\.m2\repository\com\amazonaws\aws-java-sdk-prometheus\1.11.931\aws-java-sdk-prometheus-1.11.931.jar;C:\Users\asxma\.m2\repository\com\amazonaws\aws-java-sdk-auditmanager\1.11.931\aws-java-sdk-auditmanager-1.11.931.jar;C:\Users\asxma\.m2\repository\com\amazonaws\aws-java-sdk-healthlake\1.11.931\aws-java-sdk-healthlake-1.11.931.jar;C:\Users\asxma\.m2\repository\com\amazonaws\aws-java-sdk-sagemakeredgemanager\1.11.931\aws-java-sdk-sagemakeredgemanager-1.11.931.jar;C:\Users\asxma\.m2\repository\com\amazonaws\aws-java-sdk-emrcontainers\1.11.931\aws-java-sdk-emrcontainers-1.11.931.jar;C:\Users\asxma\.m2\repository\com\amazonaws\aws-java-sdk-customerprofiles\1.11.931\aws-java-sdk-customerprofiles-1.11.931.jar;C:\Users\asxma\.m2\repository\com\amazonaws\aws-java-sdk-lookoutforvision\1.11.931\aws-java-sdk-lookoutforvision-1.11.931.jar;C:\Users\asxma\.m2\repository\com\amazonaws\aws-java-sdk-connectcontactlens\1.11.931\aws-java-sdk-connectcontactlens-1.11.931.jar;C:\Users\asxma\.m2\repository\com\amazonaws\aws-java-sdk-amplifybackend\1.11.931\aws-java-sdk-amplifybackend-1.11.931.jar;C:\Users\asxma\.m2\repository\com\amazonaws\aws-java-sdk-ecrpublic\1.11.931\aws-java-sdk-ecrpublic-1.11.931.jar;C:\Users\asxma\.m2\repository\com\amazonaws\aws-java-sdk-appintegrations\1.11.931\aws-java-sdk-appintegrations-1.11.931.jar;C:\Users\asxma\.m2\repository\com\amazonaws\aws-java-sdk-sagemakerfeaturestoreruntime\1.11.931\aws-java-sdk-sagemakerfeaturestoreruntime-1.11.931.jar;C:\Users\asxma\.m2\repository\com\amazonaws\aws-java-sdk-devopsguru\1.11.931\aws-java-sdk-devopsguru-1.11.931.jar;C:\Users\asxma\.m2\repository\com\amazonaws\aws-java-sdk-mwaa\1.11.931\aws-java-sdk-mwaa-1.11.931.jar;C:\Users\asxma\.m2\repository\com\amazonaws\aws-java-sdk-networkfirewall\1.11.931\aws-java-sdk-networkfirewall-1.11.931.jar;C:\Users\asxma\.m2\repository\com\amazonaws\aws-java-sdk-appregistry\1.11.931\aws-java-sdk-appregistry-1.11.931.jar;C:\Users\asxma\.m2\repository\com\amazonaws\aws-java-sdk-gluedatabrew\1.11.931\aws-java-sdk-gluedatabrew-1.11.931.jar;C:\Users\asxma\.m2\repository\com\amazonaws\aws-java-sdk-s3outposts\1.11.931\aws-java-sdk-s3outposts-1.11.931.jar;C:\Users\asxma\.m2\repository\com\amazonaws\aws-java-sdk-timestreamquery\1.11.931\aws-java-sdk-timestreamquery-1.11.931.jar;C:\Users\asxma\.m2\repository\com\amazonaws\aws-java-sdk-timestreamwrite\1.11.931\aws-java-sdk-timestreamwrite-1.11.931.jar;C:\Users\asxma\.m2\repository\com\amazonaws\aws-java-sdk-ssoadmin\1.11.931\aws-java-sdk-ssoadmin-1.11.931.jar;C:\Users\asxma\.m2\repository\com\amazonaws\aws-java-sdk-redshiftdataapi\1.11.931\aws-java-sdk-redshiftdataapi-1.11.931.jar;C:\Users\asxma\.m2\repository\com\amazonaws\aws-java-sdk-appflow\1.11.931\aws-java-sdk-appflow-1.11.931.jar;C:\Users\asxma\.m2\repository\com\amazonaws\aws-java-sdk-identitystore\1.11.931\aws-java-sdk-identitystore-1.11.931.jar;C:\Users\asxma\.m2\repository\com\amazonaws\aws-java-sdk-braket\1.11.931\aws-java-sdk-braket-1.11.931.jar;C:\Users\asxma\.m2\repository\com\amazonaws\aws-java-sdk-ivs\1.11.931\aws-java-sdk-ivs-1.11.931.jar;C:\Users\asxma\.m2\repository\com\amazonaws\aws-java-sdk-honeycode\1.11.931\aws-java-sdk-honeycode-1.11.931.jar;C:\Users\asxma\.m2\repository\com\amazonaws\aws-java-sdk-codeartifact\1.11.931\aws-java-sdk-codeartifact-1.11.931.jar;C:\Users\asxma\.m2\repository\com\amazonaws\aws-java-sdk-macie2\1.11.931\aws-java-sdk-macie2-1.11.931.jar;C:\Users\asxma\.m2\repository\com\amazonaws\aws-java-sdk-iotsitewise\1.11.931\aws-java-sdk-iotsitewise-1.11.931.jar;C:\Users\asxma\.m2\repository\com\amazonaws\aws-java-sdk-synthetics\1.11.931\aws-java-sdk-synthetics-1.11.931.jar;C:\Users\asxma\.m2\repository\com\amazonaws\aws-java-sdk-codestarconnections\1.11.931\aws-java-sdk-codestarconnections-1.11.931.jar;C:\Users\asxma\.m2\repository\com\amazonaws\aws-java-sdk-detective\1.11.931\aws-java-sdk-detective-1.11.931.jar;C:\Users\asxma\.m2\repository\com\amazonaws\aws-java-sdk-kinesisvideosignalingchannels\1.11.931\aws-java-sdk-kinesisvideosignalingchannels-1.11.931.jar;C:\Users\asxma\.m2\repository\com\amazonaws\aws-java-sdk-ebs\1.11.931\aws-java-sdk-ebs-1.11.931.jar;C:\Users\asxma\.m2\repository\com\amazonaws\aws-java-sdk-augmentedairuntime\1.11.931\aws-java-sdk-augmentedairuntime-1.11.931.jar;C:\Users\asxma\.m2\repository\com\amazonaws\aws-java-sdk-outposts\1.11.931\aws-java-sdk-outposts-1.11.931.jar;C:\Users\asxma\.m2\repository\com\amazonaws\aws-java-sdk-codeguruprofiler\1.11.931\aws-java-sdk-codeguruprofiler-1.11.931.jar;C:\Users\asxma\.m2\repository\com\amazonaws\aws-java-sdk-codegurureviewer\1.11.931\aws-java-sdk-codegurureviewer-1.11.931.jar;C:\Users\asxma\.m2\repository\com\amazonaws\aws-java-sdk-frauddetector\1.11.931\aws-java-sdk-frauddetector-1.11.931.jar;C:\Users\asxma\.m2\repository\com\amazonaws\aws-java-sdk-kendra\1.11.931\aws-java-sdk-kendra-1.11.931.jar;C:\Users\asxma\.m2\repository\com\amazonaws\aws-java-sdk-networkmanager\1.11.931\aws-java-sdk-networkmanager-1.11.931.jar;C:\Users\asxma\.m2\repository\com\amazonaws\aws-java-sdk-computeoptimizer\1.11.931\aws-java-sdk-computeoptimizer-1.11.931.jar;C:\Users\asxma\.m2\repository\com\amazonaws\aws-java-sdk-accessanalyzer\1.11.931\aws-java-sdk-accessanalyzer-1.11.931.jar;C:\Users\asxma\.m2\repository\com\amazonaws\aws-java-sdk-schemas\1.11.931\aws-java-sdk-schemas-1.11.931.jar;C:\Users\asxma\.m2\repository\com\amazonaws\aws-java-sdk-imagebuilder\1.11.931\aws-java-sdk-imagebuilder-1.11.931.jar;C:\Users\asxma\.m2\repository\com\amazonaws\aws-java-sdk-elasticinference\1.11.931\aws-java-sdk-elasticinference-1.11.931.jar;C:\Users\asxma\.m2\repository\com\amazonaws\aws-java-sdk-iotsecuretunneling\1.11.931\aws-java-sdk-iotsecuretunneling-1.11.931.jar;C:\Users\asxma\.m2\repository\com\amazonaws\aws-java-sdk-appconfig\1.11.931\aws-java-sdk-appconfig-1.11.931.jar;C:\Users\asxma\.m2\repository\com\amazonaws\aws-java-sdk-wafv2\1.11.931\aws-java-sdk-wafv2-1.11.931.jar;C:\Users\asxma\.m2\repository\com\amazonaws\aws-java-sdk-connectparticipant\1.11.931\aws-java-sdk-connectparticipant-1.11.931.jar;C:\Users\asxma\.m2\repository\com\amazonaws\aws-java-sdk-migrationhubconfig\1.11.931\aws-java-sdk-migrationhubconfig-1.11.931.jar;C:\Users\asxma\.m2\repository\com\amazonaws\aws-java-sdk-dataexchange\1.11.931\aws-java-sdk-dataexchange-1.11.931.jar;C:\Users\asxma\.m2\repository\com\amazonaws\aws-java-sdk-sesv2\1.11.931\aws-java-sdk-sesv2-1.11.931.jar;C:\Users\asxma\.m2\repository\com\amazonaws\aws-java-sdk-marketplacecatalog\1.11.931\aws-java-sdk-marketplacecatalog-1.11.931.jar;C:\Users\asxma\.m2\repository\com\amazonaws\aws-java-sdk-ssooidc\1.11.931\aws-java-sdk-ssooidc-1.11.931.jar;C:\Users\asxma\.m2\repository\com\amazonaws\aws-java-sdk-sso\1.11.931\aws-java-sdk-sso-1.11.931.jar;C:\Users\asxma\.m2\repository\com\amazonaws\aws-java-sdk-savingsplans\1.11.931\aws-java-sdk-savingsplans-1.11.931.jar;C:\Users\asxma\.m2\repository\com\amazonaws\aws-java-sdk-codestarnotifications\1.11.931\aws-java-sdk-codestarnotifications-1.11.931.jar;C:\Users\asxma\.m2\repository\com\amazonaws\aws-java-sdk-workmailmessageflow\1.11.931\aws-java-sdk-workmailmessageflow-1.11.931.jar;C:\Users\asxma\.m2\repository\com\amazonaws\aws-java-sdk-qldbsession\1.11.931\aws-java-sdk-qldbsession-1.11.931.jar;C:\Users\asxma\.m2\repository\com\amazonaws\aws-java-sdk-qldb\1.11.931\aws-java-sdk-qldb-1.11.931.jar;C:\Users\asxma\.m2\repository\com\amazonaws\aws-java-sdk-forecastquery\1.11.931\aws-java-sdk-forecastquery-1.11.931.jar;C:\Users\asxma\.m2\repository\com\amazonaws\aws-java-sdk-forecast\1.11.931\aws-java-sdk-forecast-1.11.931.jar;C:\Users\asxma\.m2\repository\com\amazonaws\aws-java-sdk-lakeformation\1.11.931\aws-java-sdk-lakeformation-1.11.931.jar;C:\Users\asxma\.m2\repository\com\amazonaws\aws-java-sdk-eventbridge\1.11.931\aws-java-sdk-eventbridge-1.11.931.jar;C:\Users\asxma\.m2\repository\com\amazonaws\aws-java-sdk-ec2instanceconnect\1.11.931\aws-java-sdk-ec2instanceconnect-1.11.931.jar;C:\Users\asxma\.m2\repository\com\amazonaws\aws-java-sdk-applicationinsights\1.11.931\aws-java-sdk-applicationinsights-1.11.931.jar;C:\Users\asxma\.m2\repository\com\amazonaws\aws-java-sdk-servicequotas\1.11.931\aws-java-sdk-servicequotas-1.11.931.jar;C:\Users\asxma\.m2\repository\com\amazonaws\aws-java-sdk-personalizeevents\1.11.931\aws-java-sdk-personalizeevents-1.11.931.jar;C:\Users\asxma\.m2\repository\com\amazonaws\aws-java-sdk-personalize\1.11.931\aws-java-sdk-personalize-1.11.931.jar;C:\Users\asxma\.m2\repository\com\amazonaws\aws-java-sdk-personalizeruntime\1.11.931\aws-java-sdk-personalizeruntime-1.11.931.jar;C:\Users\asxma\.m2\repository\com\amazonaws\aws-java-sdk-ioteventsdata\1.11.931\aws-java-sdk-ioteventsdata-1.11.931.jar;C:\Users\asxma\.m2\repository\com\amazonaws\aws-java-sdk-iotevents\1.11.931\aws-java-sdk-iotevents-1.11.931.jar;C:\Users\asxma\.m2\repository\com\amazonaws\aws-java-sdk-iotthingsgraph\1.11.931\aws-java-sdk-iotthingsgraph-1.11.931.jar;C:\Users\asxma\.m2\repository\com\amazonaws\aws-java-sdk-groundstation\1.11.931\aws-java-sdk-groundstation-1.11.931.jar;C:\Users\asxma\.m2\repository\com\amazonaws\aws-java-sdk-mediapackagevod\1.11.931\aws-java-sdk-mediapackagevod-1.11.931.jar;C:\Users\asxma\.m2\repository\com\amazonaws\aws-java-sdk-managedblockchain\1.11.931\aws-java-sdk-managedblockchain-1.11.931.jar;C:\Users\asxma\.m2\repository\com\amazonaws\aws-java-sdk-textract\1.11.931\aws-java-sdk-textract-1.11.931.jar;C:\Users\asxma\.m2\repository\com\amazonaws\aws-java-sdk-worklink\1.11.931\aws-java-sdk-worklink-1.11.931.jar;C:\Users\asxma\.m2\repository\com\amazonaws\aws-java-sdk-backup\1.11.931\aws-java-sdk-backup-1.11.931.jar;C:\Users\asxma\.m2\repository\com\amazonaws\aws-java-sdk-docdb\1.11.931\aws-java-sdk-docdb-1.11.931.jar;C:\Users\asxma\.m2\repository\com\amazonaws\aws-java-sdk-apigatewayv2\1.11.931\aws-java-sdk-apigatewayv2-1.11.931.jar;C:\Users\asxma\.m2\repository\com\amazonaws\aws-java-sdk-apigatewaymanagementapi\1.11.931\aws-java-sdk-apigatewaymanagementapi-1.11.931.jar;C:\Users\asxma\.m2\repository\com\amazonaws\aws-java-sdk-kafka\1.11.931\aws-java-sdk-kafka-1.11.931.jar;C:\Users\asxma\.m2\repository\com\amazonaws\aws-java-sdk-appmesh\1.11.931\aws-java-sdk-appmesh-1.11.931.jar;C:\Users\asxma\.m2\repository\com\amazonaws\aws-java-sdk-licensemanager\1.11.931\aws-java-sdk-licensemanager-1.11.931.jar;C:\Users\asxma\.m2\repository\com\amazonaws\aws-java-sdk-securityhub\1.11.931\aws-java-sdk-securityhub-1.11.931.jar;C:\Users\asxma\.m2\repository\com\amazonaws\aws-java-sdk-fsx\1.11.931\aws-java-sdk-fsx-1.11.931.jar;C:\Users\asxma\.m2\repository\com\amazonaws\aws-java-sdk-mediaconnect\1.11.931\aws-java-sdk-mediaconnect-1.11.931.jar;C:\Users\asxma\.m2\repository\com\amazonaws\aws-java-sdk-kinesisanalyticsv2\1.11.931\aws-java-sdk-kinesisanalyticsv2-1.11.931.jar;C:\Users\asxma\.m2\repository\com\amazonaws\aws-java-sdk-comprehendmedical\1.11.931\aws-java-sdk-comprehendmedical-1.11.931.jar;C:\Users\asxma\.m2\repository\com\amazonaws\aws-java-sdk-globalaccelerator\1.11.931\aws-java-sdk-globalaccelerator-1.11.931.jar;C:\Users\asxma\.m2\repository\com\amazonaws\aws-java-sdk-transfer\1.11.931\aws-java-sdk-transfer-1.11.931.jar;C:\Users\asxma\.m2\repository\com\amazonaws\aws-java-sdk-datasync\1.11.931\aws-java-sdk-datasync-1.11.931.jar;C:\Users\asxma\.m2\repository\com\amazonaws\aws-java-sdk-robomaker\1.11.931\aws-java-sdk-robomaker-1.11.931.jar;C:\Users\asxma\.m2\repository\com\amazonaws\aws-java-sdk-amplify\1.11.931\aws-java-sdk-amplify-1.11.931.jar;C:\Users\asxma\.m2\repository\com\amazonaws\aws-java-sdk-quicksight\1.11.931\aws-java-sdk-quicksight-1.11.931.jar;C:\Users\asxma\.m2\repository\com\amazonaws\aws-java-sdk-rdsdata\1.11.931\aws-java-sdk-rdsdata-1.11.931.jar;C:\Users\asxma\.m2\repository\com\amazonaws\aws-java-sdk-route53resolver\1.11.931\aws-java-sdk-route53resolver-1.11.931.jar;C:\Users\asxma\.m2\repository\com\amazonaws\aws-java-sdk-ram\1.11.931\aws-java-sdk-ram-1.11.931.jar;C:\Users\asxma\.m2\repository\com\amazonaws\aws-java-sdk-s3control\1.11.931\aws-java-sdk-s3control-1.11.931.jar;C:\Users\asxma\.m2\repository\com\amazonaws\aws-java-sdk-pinpointsmsvoice\1.11.931\aws-java-sdk-pinpointsmsvoice-1.11.931.jar;C:\Users\asxma\.m2\repository\com\amazonaws\aws-java-sdk-pinpointemail\1.11.931\aws-java-sdk-pinpointemail-1.11.931.jar;C:\Users\asxma\.m2\repository\com\amazonaws\aws-java-sdk-chime\1.11.931\aws-java-sdk-chime-1.11.931.jar;C:\Users\asxma\.m2\repository\com\amazonaws\aws-java-sdk-signer\1.11.931\aws-java-sdk-signer-1.11.931.jar;C:\Users\asxma\.m2\repository\com\amazonaws\aws-java-sdk-dlm\1.11.931\aws-java-sdk-dlm-1.11.931.jar;C:\Users\asxma\.m2\repository\com\amazonaws\aws-java-sdk-macie\1.11.931\aws-java-sdk-macie-1.11.931.jar;C:\Users\asxma\.m2\repository\com\amazonaws\aws-java-sdk-eks\1.11.931\aws-java-sdk-eks-1.11.931.jar;C:\Users\asxma\.m2\repository\com\amazonaws\aws-java-sdk-mediatailor\1.11.931\aws-java-sdk-mediatailor-1.11.931.jar;C:\Users\asxma\.m2\repository\com\amazonaws\aws-java-sdk-neptune\1.11.931\aws-java-sdk-neptune-1.11.931.jar;C:\Users\asxma\.m2\repository\com\amazonaws\aws-java-sdk-pi\1.11.931\aws-java-sdk-pi-1.11.931.jar;C:\Users\asxma\.m2\repository\com\amazonaws\aws-java-sdk-iot1clickprojects\1.11.931\aws-java-sdk-iot1clickprojects-1.11.931.jar;C:\Users\asxma\.m2\repository\com\amazonaws\aws-java-sdk-iot1clickdevices\1.11.931\aws-java-sdk-iot1clickdevices-1.11.931.jar;C:\Users\asxma\.m2\repository\com\amazonaws\aws-java-sdk-iotanalytics\1.11.931\aws-java-sdk-iotanalytics-1.11.931.jar;C:\Users\asxma\.m2\repository\com\amazonaws\aws-java-sdk-acmpca\1.11.931\aws-java-sdk-acmpca-1.11.931.jar;C:\Users\asxma\.m2\repository\com\amazonaws\aws-java-sdk-secretsmanager\1.11.931\aws-java-sdk-secretsmanager-1.11.931.jar;C:\Users\asxma\.m2\repository\com\amazonaws\aws-java-sdk-fms\1.11.931\aws-java-sdk-fms-1.11.931.jar;C:\Users\asxma\.m2\repository\com\amazonaws\aws-java-sdk-connect\1.11.931\aws-java-sdk-connect-1.11.931.jar;C:\Users\asxma\.m2\repository\com\amazonaws\aws-java-sdk-transcribe\1.11.931\aws-java-sdk-transcribe-1.11.931.jar;C:\Users\asxma\.m2\repository\com\amazonaws\aws-java-sdk-autoscalingplans\1.11.931\aws-java-sdk-autoscalingplans-1.11.931.jar;C:\Users\asxma\.m2\repository\com\amazonaws\aws-java-sdk-workmail\1.11.931\aws-java-sdk-workmail-1.11.931.jar;C:\Users\asxma\.m2\repository\com\amazonaws\aws-java-sdk-servicediscovery\1.11.931\aws-java-sdk-servicediscovery-1.11.931.jar;C:\Users\asxma\.m2\repository\com\amazonaws\aws-java-sdk-cloud9\1.11.931\aws-java-sdk-cloud9-1.11.931.jar;C:\Users\asxma\.m2\repository\com\amazonaws\aws-java-sdk-serverlessapplicationrepository\1.11.931\aws-java-sdk-serverlessapplicationrepository-1.11.931.jar;C:\Users\asxma\.m2\repository\com\amazonaws\aws-java-sdk-alexaforbusiness\1.11.931\aws-java-sdk-alexaforbusiness-1.11.931.jar;C:\Users\asxma\.m2\repository\com\amazonaws\aws-java-sdk-resourcegroups\1.11.931\aws-java-sdk-resourcegroups-1.11.931.jar;C:\Users\asxma\.m2\repository\com\amazonaws\aws-java-sdk-comprehend\1.11.931\aws-java-sdk-comprehend-1.11.931.jar;C:\Users\asxma\.m2\repository\com\amazonaws\aws-java-sdk-translate\1.11.931\aws-java-sdk-translate-1.11.931.jar;C:\Users\asxma\.m2\repository\com\amazonaws\aws-java-sdk-sagemaker\1.11.931\aws-java-sdk-sagemaker-1.11.931.jar;C:\Users\asxma\.m2\repository\com\amazonaws\aws-java-sdk-iotjobsdataplane\1.11.931\aws-java-sdk-iotjobsdataplane-1.11.931.jar;C:\Users\asxma\.m2\repository\com\amazonaws\aws-java-sdk-sagemakerruntime\1.11.931\aws-java-sdk-sagemakerruntime-1.11.931.jar;C:\Users\asxma\.m2\repository\com\amazonaws\aws-java-sdk-kinesisvideo\1.11.931\aws-java-sdk-kinesisvideo-1.11.931.jar;C:\Users\asxma\.m2\repository\io\netty\netty-codec-http\4.1.65.Final\netty-codec-http-4.1.65.Final.jar;C:\Users\asxma\.m2\repository\io\netty\netty-common\4.1.65.Final\netty-common-4.1.65.Final.jar;C:\Users\asxma\.m2\repository\io\netty\netty-buffer\4.1.65.Final\netty-buffer-4.1.65.Final.jar;C:\Users\asxma\.m2\repository\io\netty\netty-transport\4.1.65.Final\netty-transport-4.1.65.Final.jar;C:\Users\asxma\.m2\repository\io\netty\netty-codec\4.1.65.Final\netty-codec-4.1.65.Final.jar;C:\Users\asxma\.m2\repository\io\netty\netty-handler\4.1.65.Final\netty-handler-4.1.65.Final.jar;C:\Users\asxma\.m2\repository\io\netty\netty-resolver\4.1.65.Final\netty-resolver-4.1.65.Final.jar;C:\Users\asxma\.m2\repository\com\amazonaws\aws-java-sdk-appsync\1.11.931\aws-java-sdk-appsync-1.11.931.jar;C:\Users\asxma\.m2\repository\com\amazonaws\aws-java-sdk-guardduty\1.11.931\aws-java-sdk-guardduty-1.11.931.jar;C:\Users\asxma\.m2\repository\com\amazonaws\aws-java-sdk-mq\1.11.931\aws-java-sdk-mq-1.11.931.jar;C:\Users\asxma\.m2\repository\com\amazonaws\aws-java-sdk-mediaconvert\1.11.931\aws-java-sdk-mediaconvert-1.11.931.jar;C:\Users\asxma\.m2\repository\com\amazonaws\aws-java-sdk-mediastore\1.11.931\aws-java-sdk-mediastore-1.11.931.jar;C:\Users\asxma\.m2\repository\com\amazonaws\aws-java-sdk-mediastoredata\1.11.931\aws-java-sdk-mediastoredata-1.11.931.jar;C:\Users\asxma\.m2\repository\com\amazonaws\aws-java-sdk-medialive\1.11.931\aws-java-sdk-medialive-1.11.931.jar;C:\Users\asxma\.m2\repository\com\amazonaws\aws-java-sdk-mediapackage\1.11.931\aws-java-sdk-mediapackage-1.11.931.jar;C:\Users\asxma\.m2\repository\com\amazonaws\aws-java-sdk-costexplorer\1.11.931\aws-java-sdk-costexplorer-1.11.931.jar;C:\Users\asxma\.m2\repository\com\amazonaws\aws-java-sdk-pricing\1.11.931\aws-java-sdk-pricing-1.11.931.jar;C:\Users\asxma\.m2\repository\com\amazonaws\aws-java-sdk-mobile\1.11.931\aws-java-sdk-mobile-1.11.931.jar;C:\Users\asxma\.m2\repository\com\amazonaws\aws-java-sdk-cloudhsmv2\1.11.931\aws-java-sdk-cloudhsmv2-1.11.931.jar;C:\Users\asxma\.m2\repository\com\amazonaws\aws-java-sdk-glue\1.11.931\aws-java-sdk-glue-1.11.931.jar;C:\Users\asxma\.m2\repository\com\amazonaws\aws-java-sdk-migrationhub\1.11.931\aws-java-sdk-migrationhub-1.11.931.jar;C:\Users\asxma\.m2\repository\com\amazonaws\aws-java-sdk-dax\1.11.931\aws-java-sdk-dax-1.11.931.jar;C:\Users\asxma\.m2\repository\com\amazonaws\aws-java-sdk-greengrass\1.11.931\aws-java-sdk-greengrass-1.11.931.jar;C:\Users\asxma\.m2\repository\com\amazonaws\aws-java-sdk-athena\1.11.931\aws-java-sdk-athena-1.11.931.jar;C:\Users\asxma\.m2\repository\com\amazonaws\aws-java-sdk-marketplaceentitlement\1.11.931\aws-java-sdk-marketplaceentitlement-1.11.931.jar;C:\Users\asxma\.m2\repository\com\amazonaws\aws-java-sdk-codestar\1.11.931\aws-java-sdk-codestar-1.11.931.jar;C:\Users\asxma\.m2\repository\com\amazonaws\aws-java-sdk-lexmodelbuilding\1.11.931\aws-java-sdk-lexmodelbuilding-1.11.931.jar;C:\Users\asxma\.m2\repository\com\amazonaws\aws-java-sdk-resourcegroupstaggingapi\1.11.931\aws-java-sdk-resourcegroupstaggingapi-1.11.931.jar;C:\Users\asxma\.m2\repository\com\amazonaws\aws-java-sdk-pinpoint\1.11.931\aws-java-sdk-pinpoint-1.11.931.jar;C:\Users\asxma\.m2\repository\com\amazonaws\aws-java-sdk-xray\1.11.931\aws-java-sdk-xray-1.11.931.jar;C:\Users\asxma\.m2\repository\com\amazonaws\aws-java-sdk-opsworkscm\1.11.931\aws-java-sdk-opsworkscm-1.11.931.jar;C:\Users\asxma\.m2\repository\com\amazonaws\aws-java-sdk-support\1.11.931\aws-java-sdk-support-1.11.931.jar;C:\Users\asxma\.m2\repository\com\amazonaws\aws-java-sdk-simpledb\1.11.931\aws-java-sdk-simpledb-1.11.931.jar;C:\Users\asxma\.m2\repository\com\amazonaws\aws-java-sdk-servicecatalog\1.11.931\aws-java-sdk-servicecatalog-1.11.931.jar;C:\Users\asxma\.m2\repository\com\amazonaws\aws-java-sdk-servermigration\1.11.931\aws-java-sdk-servermigration-1.11.931.jar;C:\Users\asxma\.m2\repository\com\amazonaws\aws-java-sdk-simpleworkflow\1.11.931\aws-java-sdk-simpleworkflow-1.11.931.jar;C:\Users\asxma\.m2\repository\com\amazonaws\aws-java-sdk-storagegateway\1.11.931\aws-java-sdk-storagegateway-1.11.931.jar;C:\Users\asxma\.m2\repository\com\amazonaws\aws-java-sdk-route53\1.11.931\aws-java-sdk-route53-1.11.931.jar;C:\Users\asxma\.m2\repository\com\amazonaws\aws-java-sdk-s3\1.11.931\aws-java-sdk-s3-1.11.931.jar;C:\Users\asxma\.m2\repository\com\amazonaws\aws-java-sdk-importexport\1.11.931\aws-java-sdk-importexport-1.11.931.jar;C:\Users\asxma\.m2\repository\com\amazonaws\aws-java-sdk-sts\1.11.931\aws-java-sdk-sts-1.11.931.jar;C:\Users\asxma\.m2\repository\com\amazonaws\aws-java-sdk-sqs\1.11.931\aws-java-sdk-sqs-1.11.931.jar;C:\Users\asxma\.m2\repository\com\amazonaws\aws-java-sdk-rds\1.11.931\aws-java-sdk-rds-1.11.931.jar;C:\Users\asxma\.m2\repository\com\amazonaws\aws-java-sdk-redshift\1.11.931\aws-java-sdk-redshift-1.11.931.jar;C:\Users\asxma\.m2\repository\com\amazonaws\aws-java-sdk-elasticbeanstalk\1.11.931\aws-java-sdk-elasticbeanstalk-1.11.931.jar;C:\Users\asxma\.m2\repository\com\amazonaws\aws-java-sdk-glacier\1.11.931\aws-java-sdk-glacier-1.11.931.jar;C:\Users\asxma\.m2\repository\com\amazonaws\aws-java-sdk-iam\1.11.931\aws-java-sdk-iam-1.11.931.jar;C:\Users\asxma\.m2\repository\com\amazonaws\aws-java-sdk-datapipeline\1.11.931\aws-java-sdk-datapipeline-1.11.931.jar;C:\Users\asxma\.m2\repository\com\amazonaws\aws-java-sdk-elasticloadbalancing\1.11.931\aws-java-sdk-elasticloadbalancing-1.11.931.jar;C:\Users\asxma\.m2\repository\com\amazonaws\aws-java-sdk-elasticloadbalancingv2\1.11.931\aws-java-sdk-elasticloadbalancingv2-1.11.931.jar;C:\Users\asxma\.m2\repository\com\amazonaws\aws-java-sdk-emr\1.11.931\aws-java-sdk-emr-1.11.931.jar;C:\Users\asxma\.m2\repository\com\amazonaws\aws-java-sdk-elasticache\1.11.931\aws-java-sdk-elasticache-1.11.931.jar;C:\Users\asxma\.m2\repository\com\amazonaws\aws-java-sdk-elastictranscoder\1.11.931\aws-java-sdk-elastictranscoder-1.11.931.jar;C:\Users\asxma\.m2\repository\com\amazonaws\aws-java-sdk-ec2\1.11.931\aws-java-sdk-ec2-1.11.931.jar;C:\Users\asxma\.m2\repository\com\amazonaws\aws-java-sdk-dynamodb\1.11.931\aws-java-sdk-dynamodb-1.11.931.jar;C:\Users\asxma\.m2\repository\com\amazonaws\aws-java-sdk-sns\1.11.931\aws-java-sdk-sns-1.11.931.jar;C:\Users\asxma\.m2\repository\com\amazonaws\aws-java-sdk-budgets\1.11.931\aws-java-sdk-budgets-1.11.931.jar;C:\Users\asxma\.m2\repository\com\amazonaws\aws-java-sdk-cloudtrail\1.11.931\aws-java-sdk-cloudtrail-1.11.931.jar;C:\Users\asxma\.m2\repository\com\amazonaws\aws-java-sdk-cloudwatch\1.11.931\aws-java-sdk-cloudwatch-1.11.931.jar;C:\Users\asxma\.m2\repository\com\amazonaws\aws-java-sdk-logs\1.11.931\aws-java-sdk-logs-1.11.931.jar;C:\Users\asxma\.m2\repository\com\amazonaws\aws-java-sdk-events\1.11.931\aws-java-sdk-events-1.11.931.jar;C:\Users\asxma\.m2\repository\com\amazonaws\aws-java-sdk-cognitoidentity\1.11.931\aws-java-sdk-cognitoidentity-1.11.931.jar;C:\Users\asxma\.m2\repository\com\amazonaws\aws-java-sdk-cognitosync\1.11.931\aws-java-sdk-cognitosync-1.11.931.jar;C:\Users\asxma\.m2\repository\com\amazonaws\aws-java-sdk-directconnect\1.11.931\aws-java-sdk-directconnect-1.11.931.jar;C:\Users\asxma\.m2\repository\com\amazonaws\aws-java-sdk-cloudformation\1.11.931\aws-java-sdk-cloudformation-1.11.931.jar;C:\Users\asxma\.m2\repository\com\amazonaws\aws-java-sdk-cloudfront\1.11.931\aws-java-sdk-cloudfront-1.11.931.jar;C:\Users\asxma\.m2\repository\com\amazonaws\aws-java-sdk-clouddirectory\1.11.931\aws-java-sdk-clouddirectory-1.11.931.jar;C:\Users\asxma\.m2\repository\com\amazonaws\aws-java-sdk-kinesis\1.11.931\aws-java-sdk-kinesis-1.11.931.jar;C:\Users\asxma\.m2\repository\com\amazonaws\aws-java-sdk-opsworks\1.11.931\aws-java-sdk-opsworks-1.11.931.jar;C:\Users\asxma\.m2\repository\com\amazonaws\aws-java-sdk-ses\1.11.931\aws-java-sdk-ses-1.11.931.jar;C:\Users\asxma\.m2\repository\com\amazonaws\aws-java-sdk-autoscaling\1.11.931\aws-java-sdk-autoscaling-1.11.931.jar;C:\Users\asxma\.m2\repository\com\amazonaws\aws-java-sdk-cloudsearch\1.11.931\aws-java-sdk-cloudsearch-1.11.931.jar;C:\Users\asxma\.m2\repository\com\amazonaws\aws-java-sdk-cloudwatchmetrics\1.11.931\aws-java-sdk-cloudwatchmetrics-1.11.931.jar;C:\Users\asxma\.m2\repository\com\amazonaws\aws-java-sdk-codedeploy\1.11.931\aws-java-sdk-codedeploy-1.11.931.jar;C:\Users\asxma\.m2\repository\com\amazonaws\aws-java-sdk-codepipeline\1.11.931\aws-java-sdk-codepipeline-1.11.931.jar;C:\Users\asxma\.m2\repository\com\amazonaws\aws-java-sdk-kms\1.11.931\aws-java-sdk-kms-1.11.931.jar;C:\Users\asxma\.m2\repository\com\amazonaws\aws-java-sdk-config\1.11.931\aws-java-sdk-config-1.11.931.jar;C:\Users\asxma\.m2\repository\com\amazonaws\aws-java-sdk-lambda\1.11.931\aws-java-sdk-lambda-1.11.931.jar;C:\Users\asxma\.m2\repository\com\amazonaws\aws-java-sdk-ecs\1.11.931\aws-java-sdk-ecs-1.11.931.jar;C:\Users\asxma\.m2\repository\com\amazonaws\aws-java-sdk-ecr\1.11.931\aws-java-sdk-ecr-1.11.931.jar;C:\Users\asxma\.m2\repository\com\amazonaws\aws-java-sdk-cloudhsm\1.11.931\aws-java-sdk-cloudhsm-1.11.931.jar;C:\Users\asxma\.m2\repository\com\amazonaws\aws-java-sdk-ssm\1.11.931\aws-java-sdk-ssm-1.11.931.jar;C:\Users\asxma\.m2\repository\com\amazonaws\aws-java-sdk-workspaces\1.11.931\aws-java-sdk-workspaces-1.11.931.jar;C:\Users\asxma\.m2\repository\com\amazonaws\aws-java-sdk-machinelearning\1.11.931\aws-java-sdk-machinelearning-1.11.931.jar;C:\Users\asxma\.m2\repository\com\amazonaws\aws-java-sdk-directory\1.11.931\aws-java-sdk-directory-1.11.931.jar;C:\Users\asxma\.m2\repository\com\amazonaws\aws-java-sdk-efs\1.11.931\aws-java-sdk-efs-1.11.931.jar;C:\Users\asxma\.m2\repository\com\amazonaws\aws-java-sdk-codecommit\1.11.931\aws-java-sdk-codecommit-1.11.931.jar;C:\Users\asxma\.m2\repository\com\amazonaws\aws-java-sdk-devicefarm\1.11.931\aws-java-sdk-devicefarm-1.11.931.jar;C:\Users\asxma\.m2\repository\com\amazonaws\aws-java-sdk-elasticsearch\1.11.931\aws-java-sdk-elasticsearch-1.11.931.jar;C:\Users\asxma\.m2\repository\com\amazonaws\aws-java-sdk-waf\1.11.931\aws-java-sdk-waf-1.11.931.jar;C:\Users\asxma\.m2\repository\com\amazonaws\aws-java-sdk-marketplacecommerceanalytics\1.11.931\aws-java-sdk-marketplacecommerceanalytics-1.11.931.jar;C:\Users\asxma\.m2\repository\com\amazonaws\aws-java-sdk-inspector\1.11.931\aws-java-sdk-inspector-1.11.931.jar;C:\Users\asxma\.m2\repository\com\amazonaws\aws-java-sdk-iot\1.11.931\aws-java-sdk-iot-1.11.931.jar;C:\Users\asxma\.m2\repository\com\amazonaws\aws-java-sdk-api-gateway\1.11.931\aws-java-sdk-api-gateway-1.11.931.jar;C:\Users\asxma\.m2\repository\com\amazonaws\aws-java-sdk-acm\1.11.931\aws-java-sdk-acm-1.11.931.jar;C:\Users\asxma\.m2\repository\com\amazonaws\aws-java-sdk-gamelift\1.11.931\aws-java-sdk-gamelift-1.11.931.jar;C:\Users\asxma\.m2\repository\com\amazonaws\aws-java-sdk-dms\1.11.931\aws-java-sdk-dms-1.11.931.jar;C:\Users\asxma\.m2\repository\com\amazonaws\aws-java-sdk-marketplacemeteringservice\1.11.931\aws-java-sdk-marketplacemeteringservice-1.11.931.jar;C:\Users\asxma\.m2\repository\com\amazonaws\aws-java-sdk-cognitoidp\1.11.931\aws-java-sdk-cognitoidp-1.11.931.jar;C:\Users\asxma\.m2\repository\com\amazonaws\aws-java-sdk-discovery\1.11.931\aws-java-sdk-discovery-1.11.931.jar;C:\Users\asxma\.m2\repository\com\amazonaws\aws-java-sdk-applicationautoscaling\1.11.931\aws-java-sdk-applicationautoscaling-1.11.931.jar;C:\Users\asxma\.m2\repository\com\amazonaws\aws-java-sdk-snowball\1.11.931\aws-java-sdk-snowball-1.11.931.jar;C:\Users\asxma\.m2\repository\com\amazonaws\aws-java-sdk-rekognition\1.11.931\aws-java-sdk-rekognition-1.11.931.jar;C:\Users\asxma\.m2\repository\com\amazonaws\aws-java-sdk-polly\1.11.931\aws-java-sdk-polly-1.11.931.jar;C:\Users\asxma\.m2\repository\com\amazonaws\aws-java-sdk-lightsail\1.11.931\aws-java-sdk-lightsail-1.11.931.jar;C:\Users\asxma\.m2\repository\com\amazonaws\aws-java-sdk-stepfunctions\1.11.931\aws-java-sdk-stepfunctions-1.11.931.jar;C:\Users\asxma\.m2\repository\com\amazonaws\aws-java-sdk-health\1.11.931\aws-java-sdk-health-1.11.931.jar;C:\Users\asxma\.m2\repository\com\amazonaws\aws-java-sdk-costandusagereport\1.11.931\aws-java-sdk-costandusagereport-1.11.931.jar;C:\Users\asxma\.m2\repository\com\amazonaws\aws-java-sdk-codebuild\1.11.931\aws-java-sdk-codebuild-1.11.931.jar;C:\Users\asxma\.m2\repository\com\amazonaws\aws-java-sdk-appstream\1.11.931\aws-java-sdk-appstream-1.11.931.jar;C:\Users\asxma\.m2\repository\com\amazonaws\aws-java-sdk-shield\1.11.931\aws-java-sdk-shield-1.11.931.jar;C:\Users\asxma\.m2\repository\com\amazonaws\aws-java-sdk-batch\1.11.931\aws-java-sdk-batch-1.11.931.jar;C:\Users\asxma\.m2\repository\com\amazonaws\aws-java-sdk-lex\1.11.931\aws-java-sdk-lex-1.11.931.jar;C:\Users\asxma\.m2\repository\com\amazonaws\aws-java-sdk-mechanicalturkrequester\1.11.931\aws-java-sdk-mechanicalturkrequester-1.11.931.jar;C:\Users\asxma\.m2\repository\com\amazonaws\aws-java-sdk-organizations\1.11.931\aws-java-sdk-organizations-1.11.931.jar;C:\Users\asxma\.m2\repository\com\amazonaws\aws-java-sdk-workdocs\1.11.931\aws-java-sdk-workdocs-1.11.931.jar;C:\Users\asxma\.m2\repository\com\amazonaws\aws-java-sdk-core\1.11.931\aws-java-sdk-core-1.11.931.jar;C:\Users\asxma\.m2\repository\commons-logging\commons-logging\1.1.3\commons-logging-1.1.3.jar;C:\Users\asxma\.m2\repository\org\apache\httpcomponents\httpclient\4.5.13\httpclient-4.5.13.jar;C:\Users\asxma\.m2\repository\org\apache\httpcomponents\httpcore\4.4.14\httpcore-4.4.14.jar;C:\Users\asxma\.m2\repository\commons-codec\commons-codec\1.15\commons-codec-1.15.jar;C:\Users\asxma\.m2\repository\software\amazon\ion\ion-java\1.0.2\ion-java-1.0.2.jar;C:\Users\asxma\.m2\repository\com\fasterxml\jackson\dataformat\jackson-dataformat-cbor\2.12.3\jackson-dataformat-cbor-2.12.3.jar;C:\Users\asxma\.m2\repository\joda-time\joda-time\2.8.1\joda-time-2.8.1.jar;C:\Users\asxma\.m2\repository\com\amazonaws\aws-java-sdk-models\1.11.931\aws-java-sdk-models-1.11.931.jar;C:\Users\asxma\.m2\repository\com\amazonaws\aws-java-sdk-swf-libraries\1.11.22\aws-java-sdk-swf-libraries-1.11.22.jar;C:\Users\asxma\.m2\repository\org\imgscalr\imgscalr-lib\4.2\imgscalr-lib-4.2.jar;C:\Users\asxma\.m2\repository\commons-io\commons-io\2.6\commons-io-2.6.jar;C:\Users\asxma\.m2\repository\org\testcontainers\postgresql\1.16.0\postgresql-1.16.0.jar;C:\Users\asxma\.m2\repository\org\testcontainers\jdbc\1.16.0\jdbc-1.16.0.jar;C:\Users\asxma\.m2\repository\org\testcontainers\database-commons\1.16.0\database-commons-1.16.0.jar;C:\Users\asxma\.m2\repository\org\testcontainers\junit-jupiter\1.16.0\junit-jupiter-1.16.0.jar;C:\Users\asxma\.m2\repository\org\testcontainers\testcontainers\1.16.0\testcontainers-1.16.0.jar;C:\Users\asxma\.m2\repository\junit\junit\4.13.2\junit-4.13.2.jar;C:\Users\asxma\.m2\repository\org\hamcrest\hamcrest-core\2.2\hamcrest-core-2.2.jar;C:\Users\asxma\.m2\repository\org\apache\commons\commons-compress\1.20\commons-compress-1.20.jar;C:\Users\asxma\.m2\repository\org\rnorth\duct-tape\duct-tape\1.0.8\duct-tape-1.0.8.jar;C:\Users\asxma\.m2\repository\com\github\docker-java\docker-java-api\3.2.11\docker-java-api-3.2.11.jar;C:\Users\asxma\.m2\repository\com\github\docker-java\docker-java-transport-zerodep\3.2.11\docker-java-transport-zerodep-3.2.11.jar;C:\Users\asxma\.m2\repository\com\github\docker-java\docker-java-transport\3.2.11\docker-java-transport-3.2.11.jar;C:\Users\asxma\.m2\repository\net\java\dev\jna\jna\5.8.0\jna-5.8.0.jar;C:\Users\asxma\.m2\repository\org\junit\jupiter\junit-jupiter-api\5.7.2\junit-jupiter-api-5.7.2.jar;C:\Users\asxma\.m2\repository\org\apiguardian\apiguardian-api\1.1.0\apiguardian-api-1.1.0.jar;C:\Users\asxma\.m2\repository\org\opentest4j\opentest4j\1.2.0\opentest4j-1.2.0.jar;C:\Users\asxma\.m2\repository\org\junit\platform\junit-platform-commons\1.7.2\junit-platform-commons-1.7.2.jar;C:\Users\asxma\.m2\repository\io\swagger\core\v3\swagger-annotations\2.1.10\swagger-annotations-2.1.10.jar;C:\Users\asxma\.m2\repository\org\springdoc\springdoc-openapi-ui\1.5.10\springdoc-openapi-ui-1.5.10.jar;C:\Users\asxma\.m2\repository\org\springdoc\springdoc-openapi-webmvc-core\1.5.10\springdoc-openapi-webmvc-core-1.5.10.jar;C:\Users\asxma\.m2\repository\org\springdoc\springdoc-openapi-common\1.5.10\springdoc-openapi-common-1.5.10.jar;C:\Users\asxma\.m2\repository\io\swagger\core\v3\swagger-models\2.1.10\swagger-models-2.1.10.jar;C:\Users\asxma\.m2\repository\io\swagger\core\v3\swagger-integration\2.1.10\swagger-integration-2.1.10.jar;C:\Users\asxma\.m2\repository\io\swagger\core\v3\swagger-core\2.1.10\swagger-core-2.1.10.jar;C:\Users\asxma\.m2\repository\com\fasterxml\jackson\dataformat\jackson-dataformat-yaml\2.12.3\jackson-dataformat-yaml-2.12.3.jar;C:\Users\asxma\.m2\repository\io\github\classgraph\classgraph\4.8.69\classgraph-4.8.69.jar;C:\Users\asxma\.m2\repository\org\apache\commons\commons-lang3\3.12.0\commons-lang3-3.12.0.jar;C:\Users\asxma\.m2\repository\org\webjars\swagger-ui\3.51.1\swagger-ui-3.51.1.jar;C:\Users\asxma\.m2\repository\org\webjars\webjars-locator-core\0.46\webjars-locator-core-0.46.jar;"/>
    <property name="java.vm.vendor" value="Oracle Corporation"/>
    <property name="sun.arch.data.model" value="64"/>
    <property name="user.variant" value=""/>
    <property name="java.vendor.url" value="https://java.oracle.com/"/>
    <property name="user.timezone" value="Europe/Moscow"/>
    <property name="os.name" value="Windows 10"/>
    <property name="java.vm.specification.version" value="16"/>
    <property name="sun.java.launcher" value="SUN_STANDARD"/>
    <property name="user.country" value="RU"/>
    <property name="sun.boot.library.path" value="C:\Program Files\Java\jdk-16.0.1\bin"/>
    <property name="sun.java.command" value="C:\Users\asxma\AppData\Local\Temp\surefire4522351245317805675\surefirebooter3059092210293699641.jar C:\Users\asxma\AppData\Local\Temp\surefire4522351245317805675 2021-09-02T15-49-13_573-jvmRun1 surefire10827061769136437499tmp surefire_04763879512363891511tmp"/>
    <property name="jdk.debug" value="release"/>
    <property name="surefire.test.class.path" value="C:\Users\java_basics\ComandDiplom\socnet\target\test-classes;C:\Users\java_basics\ComandDiplom\socnet\target\classes;C:\Users\asxma\.m2\repository\org\springframework\boot\spring-boot-starter-web\2.5.0\spring-boot-starter-web-2.5.0.jar;C:\Users\asxma\.m2\repository\org\springframework\boot\spring-boot-starter\2.5.0\spring-boot-starter-2.5.0.jar;C:\Users\asxma\.m2\repository\org\springframework\boot\spring-boot\2.5.0\spring-boot-2.5.0.jar;C:\Users\asxma\.m2\repository\org\springframework\boot\spring-boot-autoconfigure\2.5.0\spring-boot-autoconfigure-2.5.0.jar;C:\Users\asxma\.m2\repository\org\springframework\boot\spring-boot-starter-logging\2.5.0\spring-boot-starter-logging-2.5.0.jar;C:\Users\asxma\.m2\repository\ch\qos\logback\logback-classic\1.2.3\logback-classic-1.2.3.jar;C:\Users\asxma\.m2\repository\ch\qos\logback\logback-core\1.2.3\logback-core-1.2.3.jar;C:\Users\asxma\.m2\repository\org\apache\logging\log4j\log4j-to-slf4j\2.14.1\log4j-to-slf4j-2.14.1.jar;C:\Users\asxma\.m2\repository\org\apache\logging\log4j\log4j-api\2.14.1\log4j-api-2.14.1.jar;C:\Users\asxma\.m2\repository\org\slf4j\jul-to-slf4j\1.7.30\jul-to-slf4j-1.7.30.jar;C:\Users\asxma\.m2\repository\jakarta\annotation\jakarta.annotation-api\1.3.5\jakarta.annotation-api-1.3.5.jar;C:\Users\asxma\.m2\repository\org\yaml\snakeyaml\1.28\snakeyaml-1.28.jar;C:\Users\asxma\.m2\repository\org\springframework\boot\spring-boot-starter-json\2.5.0\spring-boot-starter-json-2.5.0.jar;C:\Users\asxma\.m2\repository\com\fasterxml\jackson\datatype\jackson-datatype-jdk8\2.12.3\jackson-datatype-jdk8-2.12.3.jar;C:\Users\asxma\.m2\repository\com\fasterxml\jackson\datatype\jackson-datatype-jsr310\2.12.3\jackson-datatype-jsr310-2.12.3.jar;C:\Users\asxma\.m2\repository\com\fasterxml\jackson\module\jackson-module-parameter-names\2.12.3\jackson-module-parameter-names-2.12.3.jar;C:\Users\asxma\.m2\repository\org\springframework\boot\spring-boot-starter-tomcat\2.5.0\spring-boot-starter-tomcat-2.5.0.jar;C:\Users\asxma\.m2\repository\org\apache\tomcat\embed\tomcat-embed-core\9.0.46\tomcat-embed-core-9.0.46.jar;C:\Users\asxma\.m2\repository\org\apache\tomcat\embed\tomcat-embed-websocket\9.0.46\tomcat-embed-websocket-9.0.46.jar;C:\Users\asxma\.m2\repository\org\springframework\spring-web\5.3.7\spring-web-5.3.7.jar;C:\Users\asxma\.m2\repository\org\springframework\spring-beans\5.3.7\spring-beans-5.3.7.jar;C:\Users\asxma\.m2\repository\org\springframework\spring-webmvc\5.3.7\spring-webmvc-5.3.7.jar;C:\Users\asxma\.m2\repository\org\springframework\spring-context\5.3.7\spring-context-5.3.7.jar;C:\Users\asxma\.m2\repository\org\springframework\spring-expression\5.3.7\spring-expression-5.3.7.jar;C:\Users\asxma\.m2\repository\org\springframework\boot\spring-boot-starter-data-jpa\2.5.0\spring-boot-starter-data-jpa-2.5.0.jar;C:\Users\asxma\.m2\repository\org\springframework\boot\spring-boot-starter-aop\2.5.0\spring-boot-starter-aop-2.5.0.jar;C:\Users\asxma\.m2\repository\org\aspectj\aspectjweaver\1.9.6\aspectjweaver-1.9.6.jar;C:\Users\asxma\.m2\repository\org\springframework\boot\spring-boot-starter-jdbc\2.5.0\spring-boot-starter-jdbc-2.5.0.jar;C:\Users\asxma\.m2\repository\com\zaxxer\HikariCP\4.0.3\HikariCP-4.0.3.jar;C:\Users\asxma\.m2\repository\org\springframework\spring-jdbc\5.3.7\spring-jdbc-5.3.7.jar;C:\Users\asxma\.m2\repository\jakarta\transaction\jakarta.transaction-api\1.3.3\jakarta.transaction-api-1.3.3.jar;C:\Users\asxma\.m2\repository\jakarta\persistence\jakarta.persistence-api\2.2.3\jakarta.persistence-api-2.2.3.jar;C:\Users\asxma\.m2\repository\org\hibernate\hibernate-core\5.4.31.Final\hibernate-core-5.4.31.Final.jar;C:\Users\asxma\.m2\repository\org\jboss\logging\jboss-logging\3.4.1.Final\jboss-logging-3.4.1.Final.jar;C:\Users\asxma\.m2\repository\org\javassist\javassist\3.27.0-GA\javassist-3.27.0-GA.jar;C:\Users\asxma\.m2\repository\net\bytebuddy\byte-buddy\1.10.22\byte-buddy-1.10.22.jar;C:\Users\asxma\.m2\repository\antlr\antlr\2.7.7\antlr-2.7.7.jar;C:\Users\asxma\.m2\repository\org\jboss\jandex\2.2.3.Final\jandex-2.2.3.Final.jar;C:\Users\asxma\.m2\repository\com\fasterxml\classmate\1.5.1\classmate-1.5.1.jar;C:\Users\asxma\.m2\repository\org\dom4j\dom4j\2.1.3\dom4j-2.1.3.jar;C:\Users\asxma\.m2\repository\org\hibernate\common\hibernate-commons-annotations\5.1.2.Final\hibernate-commons-annotations-5.1.2.Final.jar;C:\Users\asxma\.m2\repository\org\glassfish\jaxb\jaxb-runtime\2.3.4\jaxb-runtime-2.3.4.jar;C:\Users\asxma\.m2\repository\org\glassfish\jaxb\txw2\2.3.4\txw2-2.3.4.jar;C:\Users\asxma\.m2\repository\com\sun\istack\istack-commons-runtime\3.0.12\istack-commons-runtime-3.0.12.jar;C:\Users\asxma\.m2\repository\org\springframework\data\spring-data-jpa\2.5.1\spring-data-jpa-2.5.1.jar;C:\Users\asxma\.m2\repository\org\springframework\data\spring-data-commons\2.5.1\spring-data-commons-2.5.1.jar;C:\Users\asxma\.m2\repository\org\springframework\spring-orm\5.3.7\spring-orm-5.3.7.jar;C:\Users\asxma\.m2\repository\org\springframework\spring-tx\5.3.7\spring-tx-5.3.7.jar;C:\Users\asxma\.m2\repository\org\springframework\spring-aspects\5.3.7\spring-aspects-5.3.7.jar;C:\Users\asxma\.m2\repository\org\springframework\boot\spring-boot-starter-security\2.5.0\spring-boot-starter-security-2.5.0.jar;C:\Users\asxma\.m2\repository\org\springframework\spring-aop\5.3.7\spring-aop-5.3.7.jar;C:\Users\asxma\.m2\repository\org\springframework\security\spring-security-config\5.5.0\spring-security-config-5.5.0.jar;C:\Users\asxma\.m2\repository\org\jetbrains\kotlin\kotlin-stdlib-jdk8\1.5.0\kotlin-stdlib-jdk8-1.5.0.jar;C:\Users\asxma\.m2\repository\org\jetbrains\kotlin\kotlin-stdlib\1.5.0\kotlin-stdlib-1.5.0.jar;C:\Users\asxma\.m2\repository\org\jetbrains\annotations\13.0\annotations-13.0.jar;C:\Users\asxma\.m2\repository\org\jetbrains\kotlin\kotlin-stdlib-common\1.5.0\kotlin-stdlib-common-1.5.0.jar;C:\Users\asxma\.m2\repository\org\jetbrains\kotlin\kotlin-stdlib-jdk7\1.5.0\kotlin-stdlib-jdk7-1.5.0.jar;C:\Users\asxma\.m2\repository\org\springframework\security\spring-security-web\5.5.0\spring-security-web-5.5.0.jar;C:\Users\asxma\.m2\repository\org\springframework\boot\spring-boot-starter-test\2.5.0\spring-boot-starter-test-2.5.0.jar;C:\Users\asxma\.m2\repository\org\springframework\boot\spring-boot-test\2.5.0\spring-boot-test-2.5.0.jar;C:\Users\asxma\.m2\repository\org\springframework\boot\spring-boot-test-autoconfigure\2.5.0\spring-boot-test-autoconfigure-2.5.0.jar;C:\Users\asxma\.m2\repository\com\jayway\jsonpath\json-path\2.5.0\json-path-2.5.0.jar;C:\Users\asxma\.m2\repository\net\minidev\json-smart\2.4.7\json-smart-2.4.7.jar;C:\Users\asxma\.m2\repository\net\minidev\accessors-smart\2.4.7\accessors-smart-2.4.7.jar;C:\Users\asxma\.m2\repository\org\ow2\asm\asm\9.1\asm-9.1.jar;C:\Users\asxma\.m2\repository\jakarta\xml\bind\jakarta.xml.bind-api\2.3.3\jakarta.xml.bind-api-2.3.3.jar;C:\Users\asxma\.m2\repository\jakarta\activation\jakarta.activation-api\1.2.2\jakarta.activation-api-1.2.2.jar;C:\Users\asxma\.m2\repository\org\assertj\assertj-core\3.19.0\assertj-core-3.19.0.jar;C:\Users\asxma\.m2\repository\org\hamcrest\hamcrest\2.2\hamcrest-2.2.jar;C:\Users\asxma\.m2\repository\org\junit\jupiter\junit-jupiter\5.7.2\junit-jupiter-5.7.2.jar;C:\Users\asxma\.m2\repository\org\junit\jupiter\junit-jupiter-params\5.7.2\junit-jupiter-params-5.7.2.jar;C:\Users\asxma\.m2\repository\org\junit\jupiter\junit-jupiter-engine\5.7.2\junit-jupiter-engine-5.7.2.jar;C:\Users\asxma\.m2\repository\org\junit\platform\junit-platform-engine\1.7.2\junit-platform-engine-1.7.2.jar;C:\Users\asxma\.m2\repository\org\mockito\mockito-core\3.9.0\mockito-core-3.9.0.jar;C:\Users\asxma\.m2\repository\net\bytebuddy\byte-buddy-agent\1.10.22\byte-buddy-agent-1.10.22.jar;C:\Users\asxma\.m2\repository\org\objenesis\objenesis\3.2\objenesis-3.2.jar;C:\Users\asxma\.m2\repository\org\mockito\mockito-junit-jupiter\3.9.0\mockito-junit-jupiter-3.9.0.jar;C:\Users\asxma\.m2\repository\org\skyscreamer\jsonassert\1.5.0\jsonassert-1.5.0.jar;C:\Users\asxma\.m2\repository\com\vaadin\external\google\android-json\0.0.20131108.vaadin1\android-json-0.0.20131108.vaadin1.jar;C:\Users\asxma\.m2\repository\org\springframework\spring-core\5.3.7\spring-core-5.3.7.jar;C:\Users\asxma\.m2\repository\org\springframework\spring-jcl\5.3.7\spring-jcl-5.3.7.jar;C:\Users\asxma\.m2\repository\org\springframework\spring-test\5.3.7\spring-test-5.3.7.jar;C:\Users\asxma\.m2\repository\org\xmlunit\xmlunit-core\2.8.2\xmlunit-core-2.8.2.jar;C:\Users\asxma\.m2\repository\org\springframework\boot\spring-boot-starter-cache\2.5.0\spring-boot-starter-cache-2.5.0.jar;C:\Users\asxma\.m2\repository\org\springframework\spring-context-support\5.3.7\spring-context-support-5.3.7.jar;C:\Users\asxma\.m2\repository\org\springframework\boot\spring-boot-starter-websocket\2.5.0\spring-boot-starter-websocket-2.5.0.jar;C:\Users\asxma\.m2\repository\org\springframework\spring-messaging\5.3.7\spring-messaging-5.3.7.jar;C:\Users\asxma\.m2\repository\org\springframework\spring-websocket\5.3.7\spring-websocket-5.3.7.jar;C:\Users\asxma\.m2\repository\org\springframework\security\spring-security-test\5.5.0\spring-security-test-5.5.0.jar;C:\Users\asxma\.m2\repository\org\springframework\security\spring-security-core\5.5.0\spring-security-core-5.5.0.jar;C:\Users\asxma\.m2\repository\org\springframework\security\spring-security-crypto\5.5.0\spring-security-crypto-5.5.0.jar;C:\Users\asxma\.m2\repository\org\projectlombok\lombok\1.18.20\lombok-1.18.20.jar;C:\Users\asxma\.m2\repository\org\postgresql\postgresql\42.2.20\postgresql-42.2.20.jar;C:\Users\asxma\.m2\repository\org\checkerframework\checker-qual\3.5.0\checker-qual-3.5.0.jar;C:\Users\asxma\.m2\repository\org\liquibase\liquibase-core\4.3.5\liquibase-core-4.3.5.jar;C:\Users\asxma\.m2\repository\javax\xml\bind\jaxb-api\2.3.1\jaxb-api-2.3.1.jar;C:\Users\asxma\.m2\repository\javax\activation\javax.activation-api\1.2.0\javax.activation-api-1.2.0.jar;C:\Users\asxma\.m2\repository\com\h2database\h2\1.4.200\h2-1.4.200.jar;C:\Users\asxma\.m2\repository\io\jsonwebtoken\jjwt\0.8.0\jjwt-0.8.0.jar;C:\Users\asxma\.m2\repository\com\fasterxml\jackson\core\jackson-databind\2.12.3\jackson-databind-2.12.3.jar;C:\Users\asxma\.m2\repository\com\fasterxml\jackson\core\jackson-annotations\2.12.3\jackson-annotations-2.12.3.jar;C:\Users\asxma\.m2\repository\com\fasterxml\jackson\core\jackson-core\2.12.3\jackson-core-2.12.3.jar;C:\Users\asxma\.m2\repository\org\springframework\boot\spring-boot-starter-validation\2.5.0\spring-boot-starter-validation-2.5.0.jar;C:\Users\asxma\.m2\repository\org\apache\tomcat\embed\tomcat-embed-el\9.0.46\tomcat-embed-el-9.0.46.jar;C:\Users\asxma\.m2\repository\org\hibernate\validator\hibernate-validator\6.2.0.Final\hibernate-validator-6.2.0.Final.jar;C:\Users\asxma\.m2\repository\jakarta\validation\jakarta.validation-api\2.0.2\jakarta.validation-api-2.0.2.jar;C:\Users\asxma\.m2\repository\org\springframework\boot\spring-boot-starter-mail\2.5.0\spring-boot-starter-mail-2.5.0.jar;C:\Users\asxma\.m2\repository\com\sun\mail\jakarta.mail\1.6.7\jakarta.mail-1.6.7.jar;C:\Users\asxma\.m2\repository\com\sun\activation\jakarta.activation\1.2.2\jakarta.activation-1.2.2.jar;C:\Users\asxma\.m2\repository\com\querydsl\querydsl-jpa\4.4.0\querydsl-jpa-4.4.0.jar;C:\Users\asxma\.m2\repository\com\querydsl\querydsl-core\4.4.0\querydsl-core-4.4.0.jar;C:\Users\asxma\.m2\repository\com\google\guava\guava\18.0\guava-18.0.jar;C:\Users\asxma\.m2\repository\com\google\code\findbugs\jsr305\1.3.9\jsr305-1.3.9.jar;C:\Users\asxma\.m2\repository\com\mysema\commons\mysema-commons-lang\0.2.4\mysema-commons-lang-0.2.4.jar;C:\Users\asxma\.m2\repository\com\infradna\tool\bridge-method-annotation\1.13\bridge-method-annotation-1.13.jar;C:\Users\asxma\.m2\repository\javax\inject\javax.inject\1\javax.inject-1.jar;C:\Users\asxma\.m2\repository\org\slf4j\slf4j-api\1.7.30\slf4j-api-1.7.30.jar;C:\Users\asxma\.m2\repository\com\querydsl\querydsl-apt\4.4.0\querydsl-apt-4.4.0.jar;C:\Users\asxma\.m2\repository\com\querydsl\querydsl-codegen\4.4.0\querydsl-codegen-4.4.0.jar;C:\Users\asxma\.m2\repository\com\mysema\codegen\codegen\0.6.8\codegen-0.6.8.jar;C:\Users\asxma\.m2\repository\org\eclipse\jdt\core\compiler\ecj\4.3.1\ecj-4.3.1.jar;C:\Users\asxma\.m2\repository\org\reflections\reflections\0.9.9\reflections-0.9.9.jar;C:\Users\asxma\.m2\repository\com\google\code\findbugs\annotations\2.0.1\annotations-2.0.1.jar;C:\Users\asxma\.m2\repository\com\amazonaws\aws-java-sdk\1.11.931\aws-java-sdk-1.11.931.jar;C:\Users\asxma\.m2\repository\com\amazonaws\aws-java-sdk-wellarchitected\1.11.931\aws-java-sdk-wellarchitected-1.11.931.jar;C:\Users\asxma\.m2\repository\com\amazonaws\jmespath-java\1.11.931\jmespath-java-1.11.931.jar;C:\Users\asxma\.m2\repository\com\amazonaws\aws-java-sdk-location\1.11.931\aws-java-sdk-location-1.11.931.jar;C:\Users\asxma\.m2\repository\com\amazonaws\aws-java-sdk-iotdeviceadvisor\1.11.931\aws-java-sdk-iotdeviceadvisor-1.11.931.jar;C:\Users\asxma\.m2\repository\com\amazonaws\aws-java-sdk-iotfleethub\1.11.931\aws-java-sdk-iotfleethub-1.11.931.jar;C:\Users\asxma\.m2\repository\com\amazonaws\aws-java-sdk-iotwireless\1.11.931\aws-java-sdk-iotwireless-1.11.931.jar;C:\Users\asxma\.m2\repository\com\amazonaws\aws-java-sdk-greengrassv2\1.11.931\aws-java-sdk-greengrassv2-1.11.931.jar;C:\Users\asxma\.m2\repository\com\amazonaws\aws-java-sdk-prometheus\1.11.931\aws-java-sdk-prometheus-1.11.931.jar;C:\Users\asxma\.m2\repository\com\amazonaws\aws-java-sdk-auditmanager\1.11.931\aws-java-sdk-auditmanager-1.11.931.jar;C:\Users\asxma\.m2\repository\com\amazonaws\aws-java-sdk-healthlake\1.11.931\aws-java-sdk-healthlake-1.11.931.jar;C:\Users\asxma\.m2\repository\com\amazonaws\aws-java-sdk-sagemakeredgemanager\1.11.931\aws-java-sdk-sagemakeredgemanager-1.11.931.jar;C:\Users\asxma\.m2\repository\com\amazonaws\aws-java-sdk-emrcontainers\1.11.931\aws-java-sdk-emrcontainers-1.11.931.jar;C:\Users\asxma\.m2\repository\com\amazonaws\aws-java-sdk-customerprofiles\1.11.931\aws-java-sdk-customerprofiles-1.11.931.jar;C:\Users\asxma\.m2\repository\com\amazonaws\aws-java-sdk-lookoutforvision\1.11.931\aws-java-sdk-lookoutforvision-1.11.931.jar;C:\Users\asxma\.m2\repository\com\amazonaws\aws-java-sdk-connectcontactlens\1.11.931\aws-java-sdk-connectcontactlens-1.11.931.jar;C:\Users\asxma\.m2\repository\com\amazonaws\aws-java-sdk-amplifybackend\1.11.931\aws-java-sdk-amplifybackend-1.11.931.jar;C:\Users\asxma\.m2\repository\com\amazonaws\aws-java-sdk-ecrpublic\1.11.931\aws-java-sdk-ecrpublic-1.11.931.jar;C:\Users\asxma\.m2\repository\com\amazonaws\aws-java-sdk-appintegrations\1.11.931\aws-java-sdk-appintegrations-1.11.931.jar;C:\Users\asxma\.m2\repository\com\amazonaws\aws-java-sdk-sagemakerfeaturestoreruntime\1.11.931\aws-java-sdk-sagemakerfeaturestoreruntime-1.11.931.jar;C:\Users\asxma\.m2\repository\com\amazonaws\aws-java-sdk-devopsguru\1.11.931\aws-java-sdk-devopsguru-1.11.931.jar;C:\Users\asxma\.m2\repository\com\amazonaws\aws-java-sdk-mwaa\1.11.931\aws-java-sdk-mwaa-1.11.931.jar;C:\Users\asxma\.m2\repository\com\amazonaws\aws-java-sdk-networkfirewall\1.11.931\aws-java-sdk-networkfirewall-1.11.931.jar;C:\Users\asxma\.m2\repository\com\amazonaws\aws-java-sdk-appregistry\1.11.931\aws-java-sdk-appregistry-1.11.931.jar;C:\Users\asxma\.m2\repository\com\amazonaws\aws-java-sdk-gluedatabrew\1.11.931\aws-java-sdk-gluedatabrew-1.11.931.jar;C:\Users\asxma\.m2\repository\com\amazonaws\aws-java-sdk-s3outposts\1.11.931\aws-java-sdk-s3outposts-1.11.931.jar;C:\Users\asxma\.m2\repository\com\amazonaws\aws-java-sdk-timestreamquery\1.11.931\aws-java-sdk-timestreamquery-1.11.931.jar;C:\Users\asxma\.m2\repository\com\amazonaws\aws-java-sdk-timestreamwrite\1.11.931\aws-java-sdk-timestreamwrite-1.11.931.jar;C:\Users\asxma\.m2\repository\com\amazonaws\aws-java-sdk-ssoadmin\1.11.931\aws-java-sdk-ssoadmin-1.11.931.jar;C:\Users\asxma\.m2\repository\com\amazonaws\aws-java-sdk-redshiftdataapi\1.11.931\aws-java-sdk-redshiftdataapi-1.11.931.jar;C:\Users\asxma\.m2\repository\com\amazonaws\aws-java-sdk-appflow\1.11.931\aws-java-sdk-appflow-1.11.931.jar;C:\Users\asxma\.m2\repository\com\amazonaws\aws-java-sdk-identitystore\1.11.931\aws-java-sdk-identitystore-1.11.931.jar;C:\Users\asxma\.m2\repository\com\amazonaws\aws-java-sdk-braket\1.11.931\aws-java-sdk-braket-1.11.931.jar;C:\Users\asxma\.m2\repository\com\amazonaws\aws-java-sdk-ivs\1.11.931\aws-java-sdk-ivs-1.11.931.jar;C:\Users\asxma\.m2\repository\com\amazonaws\aws-java-sdk-honeycode\1.11.931\aws-java-sdk-honeycode-1.11.931.jar;C:\Users\asxma\.m2\repository\com\amazonaws\aws-java-sdk-codeartifact\1.11.931\aws-java-sdk-codeartifact-1.11.931.jar;C:\Users\asxma\.m2\repository\com\amazonaws\aws-java-sdk-macie2\1.11.931\aws-java-sdk-macie2-1.11.931.jar;C:\Users\asxma\.m2\repository\com\amazonaws\aws-java-sdk-iotsitewise\1.11.931\aws-java-sdk-iotsitewise-1.11.931.jar;C:\Users\asxma\.m2\repository\com\amazonaws\aws-java-sdk-synthetics\1.11.931\aws-java-sdk-synthetics-1.11.931.jar;C:\Users\asxma\.m2\repository\com\amazonaws\aws-java-sdk-codestarconnections\1.11.931\aws-java-sdk-codestarconnections-1.11.931.jar;C:\Users\asxma\.m2\repository\com\amazonaws\aws-java-sdk-detective\1.11.931\aws-java-sdk-detective-1.11.931.jar;C:\Users\asxma\.m2\repository\com\amazonaws\aws-java-sdk-kinesisvideosignalingchannels\1.11.931\aws-java-sdk-kinesisvideosignalingchannels-1.11.931.jar;C:\Users\asxma\.m2\repository\com\amazonaws\aws-java-sdk-ebs\1.11.931\aws-java-sdk-ebs-1.11.931.jar;C:\Users\asxma\.m2\repository\com\amazonaws\aws-java-sdk-augmentedairuntime\1.11.931\aws-java-sdk-augmentedairuntime-1.11.931.jar;C:\Users\asxma\.m2\repository\com\amazonaws\aws-java-sdk-outposts\1.11.931\aws-java-sdk-outposts-1.11.931.jar;C:\Users\asxma\.m2\repository\com\amazonaws\aws-java-sdk-codeguruprofiler\1.11.931\aws-java-sdk-codeguruprofiler-1.11.931.jar;C:\Users\asxma\.m2\repository\com\amazonaws\aws-java-sdk-codegurureviewer\1.11.931\aws-java-sdk-codegurureviewer-1.11.931.jar;C:\Users\asxma\.m2\repository\com\amazonaws\aws-java-sdk-frauddetector\1.11.931\aws-java-sdk-frauddetector-1.11.931.jar;C:\Users\asxma\.m2\repository\com\amazonaws\aws-java-sdk-kendra\1.11.931\aws-java-sdk-kendra-1.11.931.jar;C:\Users\asxma\.m2\repository\com\amazonaws\aws-java-sdk-networkmanager\1.11.931\aws-java-sdk-networkmanager-1.11.931.jar;C:\Users\asxma\.m2\repository\com\amazonaws\aws-java-sdk-computeoptimizer\1.11.931\aws-java-sdk-computeoptimizer-1.11.931.jar;C:\Users\asxma\.m2\repository\com\amazonaws\aws-java-sdk-accessanalyzer\1.11.931\aws-java-sdk-accessanalyzer-1.11.931.jar;C:\Users\asxma\.m2\repository\com\amazonaws\aws-java-sdk-schemas\1.11.931\aws-java-sdk-schemas-1.11.931.jar;C:\Users\asxma\.m2\repository\com\amazonaws\aws-java-sdk-imagebuilder\1.11.931\aws-java-sdk-imagebuilder-1.11.931.jar;C:\Users\asxma\.m2\repository\com\amazonaws\aws-java-sdk-elasticinference\1.11.931\aws-java-sdk-elasticinference-1.11.931.jar;C:\Users\asxma\.m2\repository\com\amazonaws\aws-java-sdk-iotsecuretunneling\1.11.931\aws-java-sdk-iotsecuretunneling-1.11.931.jar;C:\Users\asxma\.m2\repository\com\amazonaws\aws-java-sdk-appconfig\1.11.931\aws-java-sdk-appconfig-1.11.931.jar;C:\Users\asxma\.m2\repository\com\amazonaws\aws-java-sdk-wafv2\1.11.931\aws-java-sdk-wafv2-1.11.931.jar;C:\Users\asxma\.m2\repository\com\amazonaws\aws-java-sdk-connectparticipant\1.11.931\aws-java-sdk-connectparticipant-1.11.931.jar;C:\Users\asxma\.m2\repository\com\amazonaws\aws-java-sdk-migrationhubconfig\1.11.931\aws-java-sdk-migrationhubconfig-1.11.931.jar;C:\Users\asxma\.m2\repository\com\amazonaws\aws-java-sdk-dataexchange\1.11.931\aws-java-sdk-dataexchange-1.11.931.jar;C:\Users\asxma\.m2\repository\com\amazonaws\aws-java-sdk-sesv2\1.11.931\aws-java-sdk-sesv2-1.11.931.jar;C:\Users\asxma\.m2\repository\com\amazonaws\aws-java-sdk-marketplacecatalog\1.11.931\aws-java-sdk-marketplacecatalog-1.11.931.jar;C:\Users\asxma\.m2\repository\com\amazonaws\aws-java-sdk-ssooidc\1.11.931\aws-java-sdk-ssooidc-1.11.931.jar;C:\Users\asxma\.m2\repository\com\amazonaws\aws-java-sdk-sso\1.11.931\aws-java-sdk-sso-1.11.931.jar;C:\Users\asxma\.m2\repository\com\amazonaws\aws-java-sdk-savingsplans\1.11.931\aws-java-sdk-savingsplans-1.11.931.jar;C:\Users\asxma\.m2\repository\com\amazonaws\aws-java-sdk-codestarnotifications\1.11.931\aws-java-sdk-codestarnotifications-1.11.931.jar;C:\Users\asxma\.m2\repository\com\amazonaws\aws-java-sdk-workmailmessageflow\1.11.931\aws-java-sdk-workmailmessageflow-1.11.931.jar;C:\Users\asxma\.m2\repository\com\amazonaws\aws-java-sdk-qldbsession\1.11.931\aws-java-sdk-qldbsession-1.11.931.jar;C:\Users\asxma\.m2\repository\com\amazonaws\aws-java-sdk-qldb\1.11.931\aws-java-sdk-qldb-1.11.931.jar;C:\Users\asxma\.m2\repository\com\amazonaws\aws-java-sdk-forecastquery\1.11.931\aws-java-sdk-forecastquery-1.11.931.jar;C:\Users\asxma\.m2\repository\com\amazonaws\aws-java-sdk-forecast\1.11.931\aws-java-sdk-forecast-1.11.931.jar;C:\Users\asxma\.m2\repository\com\amazonaws\aws-java-sdk-lakeformation\1.11.931\aws-java-sdk-lakeformation-1.11.931.jar;C:\Users\asxma\.m2\repository\com\amazonaws\aws-java-sdk-eventbridge\1.11.931\aws-java-sdk-eventbridge-1.11.931.jar;C:\Users\asxma\.m2\repository\com\amazonaws\aws-java-sdk-ec2instanceconnect\1.11.931\aws-java-sdk-ec2instanceconnect-1.11.931.jar;C:\Users\asxma\.m2\repository\com\amazonaws\aws-java-sdk-applicationinsights\1.11.931\aws-java-sdk-applicationinsights-1.11.931.jar;C:\Users\asxma\.m2\repository\com\amazonaws\aws-java-sdk-servicequotas\1.11.931\aws-java-sdk-servicequotas-1.11.931.jar;C:\Users\asxma\.m2\repository\com\amazonaws\aws-java-sdk-personalizeevents\1.11.931\aws-java-sdk-personalizeevents-1.11.931.jar;C:\Users\asxma\.m2\repository\com\amazonaws\aws-java-sdk-personalize\1.11.931\aws-java-sdk-personalize-1.11.931.jar;C:\Users\asxma\.m2\repository\com\amazonaws\aws-java-sdk-personalizeruntime\1.11.931\aws-java-sdk-personalizeruntime-1.11.931.jar;C:\Users\asxma\.m2\repository\com\amazonaws\aws-java-sdk-ioteventsdata\1.11.931\aws-java-sdk-ioteventsdata-1.11.931.jar;C:\Users\asxma\.m2\repository\com\amazonaws\aws-java-sdk-iotevents\1.11.931\aws-java-sdk-iotevents-1.11.931.jar;C:\Users\asxma\.m2\repository\com\amazonaws\aws-java-sdk-iotthingsgraph\1.11.931\aws-java-sdk-iotthingsgraph-1.11.931.jar;C:\Users\asxma\.m2\repository\com\amazonaws\aws-java-sdk-groundstation\1.11.931\aws-java-sdk-groundstation-1.11.931.jar;C:\Users\asxma\.m2\repository\com\amazonaws\aws-java-sdk-mediapackagevod\1.11.931\aws-java-sdk-mediapackagevod-1.11.931.jar;C:\Users\asxma\.m2\repository\com\amazonaws\aws-java-sdk-managedblockchain\1.11.931\aws-java-sdk-managedblockchain-1.11.931.jar;C:\Users\asxma\.m2\repository\com\amazonaws\aws-java-sdk-textract\1.11.931\aws-java-sdk-textract-1.11.931.jar;C:\Users\asxma\.m2\repository\com\amazonaws\aws-java-sdk-worklink\1.11.931\aws-java-sdk-worklink-1.11.931.jar;C:\Users\asxma\.m2\repository\com\amazonaws\aws-java-sdk-backup\1.11.931\aws-java-sdk-backup-1.11.931.jar;C:\Users\asxma\.m2\repository\com\amazonaws\aws-java-sdk-docdb\1.11.931\aws-java-sdk-docdb-1.11.931.jar;C:\Users\asxma\.m2\repository\com\amazonaws\aws-java-sdk-apigatewayv2\1.11.931\aws-java-sdk-apigatewayv2-1.11.931.jar;C:\Users\asxma\.m2\repository\com\amazonaws\aws-java-sdk-apigatewaymanagementapi\1.11.931\aws-java-sdk-apigatewaymanagementapi-1.11.931.jar;C:\Users\asxma\.m2\repository\com\amazonaws\aws-java-sdk-kafka\1.11.931\aws-java-sdk-kafka-1.11.931.jar;C:\Users\asxma\.m2\repository\com\amazonaws\aws-java-sdk-appmesh\1.11.931\aws-java-sdk-appmesh-1.11.931.jar;C:\Users\asxma\.m2\repository\com\amazonaws\aws-java-sdk-licensemanager\1.11.931\aws-java-sdk-licensemanager-1.11.931.jar;C:\Users\asxma\.m2\repository\com\amazonaws\aws-java-sdk-securityhub\1.11.931\aws-java-sdk-securityhub-1.11.931.jar;C:\Users\asxma\.m2\repository\com\amazonaws\aws-java-sdk-fsx\1.11.931\aws-java-sdk-fsx-1.11.931.jar;C:\Users\asxma\.m2\repository\com\amazonaws\aws-java-sdk-mediaconnect\1.11.931\aws-java-sdk-mediaconnect-1.11.931.jar;C:\Users\asxma\.m2\repository\com\amazonaws\aws-java-sdk-kinesisanalyticsv2\1.11.931\aws-java-sdk-kinesisanalyticsv2-1.11.931.jar;C:\Users\asxma\.m2\repository\com\amazonaws\aws-java-sdk-comprehendmedical\1.11.931\aws-java-sdk-comprehendmedical-1.11.931.jar;C:\Users\asxma\.m2\repository\com\amazonaws\aws-java-sdk-globalaccelerator\1.11.931\aws-java-sdk-globalaccelerator-1.11.931.jar;C:\Users\asxma\.m2\repository\com\amazonaws\aws-java-sdk-transfer\1.11.931\aws-java-sdk-transfer-1.11.931.jar;C:\Users\asxma\.m2\repository\com\amazonaws\aws-java-sdk-datasync\1.11.931\aws-java-sdk-datasync-1.11.931.jar;C:\Users\asxma\.m2\repository\com\amazonaws\aws-java-sdk-robomaker\1.11.931\aws-java-sdk-robomaker-1.11.931.jar;C:\Users\asxma\.m2\repository\com\amazonaws\aws-java-sdk-amplify\1.11.931\aws-java-sdk-amplify-1.11.931.jar;C:\Users\asxma\.m2\repository\com\amazonaws\aws-java-sdk-quicksight\1.11.931\aws-java-sdk-quicksight-1.11.931.jar;C:\Users\asxma\.m2\repository\com\amazonaws\aws-java-sdk-rdsdata\1.11.931\aws-java-sdk-rdsdata-1.11.931.jar;C:\Users\asxma\.m2\repository\com\amazonaws\aws-java-sdk-route53resolver\1.11.931\aws-java-sdk-route53resolver-1.11.931.jar;C:\Users\asxma\.m2\repository\com\amazonaws\aws-java-sdk-ram\1.11.931\aws-java-sdk-ram-1.11.931.jar;C:\Users\asxma\.m2\repository\com\amazonaws\aws-java-sdk-s3control\1.11.931\aws-java-sdk-s3control-1.11.931.jar;C:\Users\asxma\.m2\repository\com\amazonaws\aws-java-sdk-pinpointsmsvoice\1.11.931\aws-java-sdk-pinpointsmsvoice-1.11.931.jar;C:\Users\asxma\.m2\repository\com\amazonaws\aws-java-sdk-pinpointemail\1.11.931\aws-java-sdk-pinpointemail-1.11.931.jar;C:\Users\asxma\.m2\repository\com\amazonaws\aws-java-sdk-chime\1.11.931\aws-java-sdk-chime-1.11.931.jar;C:\Users\asxma\.m2\repository\com\amazonaws\aws-java-sdk-signer\1.11.931\aws-java-sdk-signer-1.11.931.jar;C:\Users\asxma\.m2\repository\com\amazonaws\aws-java-sdk-dlm\1.11.931\aws-java-sdk-dlm-1.11.931.jar;C:\Users\asxma\.m2\repository\com\amazonaws\aws-java-sdk-macie\1.11.931\aws-java-sdk-macie-1.11.931.jar;C:\Users\asxma\.m2\repository\com\amazonaws\aws-java-sdk-eks\1.11.931\aws-java-sdk-eks-1.11.931.jar;C:\Users\asxma\.m2\repository\com\amazonaws\aws-java-sdk-mediatailor\1.11.931\aws-java-sdk-mediatailor-1.11.931.jar;C:\Users\asxma\.m2\repository\com\amazonaws\aws-java-sdk-neptune\1.11.931\aws-java-sdk-neptune-1.11.931.jar;C:\Users\asxma\.m2\repository\com\amazonaws\aws-java-sdk-pi\1.11.931\aws-java-sdk-pi-1.11.931.jar;C:\Users\asxma\.m2\repository\com\amazonaws\aws-java-sdk-iot1clickprojects\1.11.931\aws-java-sdk-iot1clickprojects-1.11.931.jar;C:\Users\asxma\.m2\repository\com\amazonaws\aws-java-sdk-iot1clickdevices\1.11.931\aws-java-sdk-iot1clickdevices-1.11.931.jar;C:\Users\asxma\.m2\repository\com\amazonaws\aws-java-sdk-iotanalytics\1.11.931\aws-java-sdk-iotanalytics-1.11.931.jar;C:\Users\asxma\.m2\repository\com\amazonaws\aws-java-sdk-acmpca\1.11.931\aws-java-sdk-acmpca-1.11.931.jar;C:\Users\asxma\.m2\repository\com\amazonaws\aws-java-sdk-secretsmanager\1.11.931\aws-java-sdk-secretsmanager-1.11.931.jar;C:\Users\asxma\.m2\repository\com\amazonaws\aws-java-sdk-fms\1.11.931\aws-java-sdk-fms-1.11.931.jar;C:\Users\asxma\.m2\repository\com\amazonaws\aws-java-sdk-connect\1.11.931\aws-java-sdk-connect-1.11.931.jar;C:\Users\asxma\.m2\repository\com\amazonaws\aws-java-sdk-transcribe\1.11.931\aws-java-sdk-transcribe-1.11.931.jar;C:\Users\asxma\.m2\repository\com\amazonaws\aws-java-sdk-autoscalingplans\1.11.931\aws-java-sdk-autoscalingplans-1.11.931.jar;C:\Users\asxma\.m2\repository\com\amazonaws\aws-java-sdk-workmail\1.11.931\aws-java-sdk-workmail-1.11.931.jar;C:\Users\asxma\.m2\repository\com\amazonaws\aws-java-sdk-servicediscovery\1.11.931\aws-java-sdk-servicediscovery-1.11.931.jar;C:\Users\asxma\.m2\repository\com\amazonaws\aws-java-sdk-cloud9\1.11.931\aws-java-sdk-cloud9-1.11.931.jar;C:\Users\asxma\.m2\repository\com\amazonaws\aws-java-sdk-serverlessapplicationrepository\1.11.931\aws-java-sdk-serverlessapplicationrepository-1.11.931.jar;C:\Users\asxma\.m2\repository\com\amazonaws\aws-java-sdk-alexaforbusiness\1.11.931\aws-java-sdk-alexaforbusiness-1.11.931.jar;C:\Users\asxma\.m2\repository\com\amazonaws\aws-java-sdk-resourcegroups\1.11.931\aws-java-sdk-resourcegroups-1.11.931.jar;C:\Users\asxma\.m2\repository\com\amazonaws\aws-java-sdk-comprehend\1.11.931\aws-java-sdk-comprehend-1.11.931.jar;C:\Users\asxma\.m2\repository\com\amazonaws\aws-java-sdk-translate\1.11.931\aws-java-sdk-translate-1.11.931.jar;C:\Users\asxma\.m2\repository\com\amazonaws\aws-java-sdk-sagemaker\1.11.931\aws-java-sdk-sagemaker-1.11.931.jar;C:\Users\asxma\.m2\repository\com\amazonaws\aws-java-sdk-iotjobsdataplane\1.11.931\aws-java-sdk-iotjobsdataplane-1.11.931.jar;C:\Users\asxma\.m2\repository\com\amazonaws\aws-java-sdk-sagemakerruntime\1.11.931\aws-java-sdk-sagemakerruntime-1.11.931.jar;C:\Users\asxma\.m2\repository\com\amazonaws\aws-java-sdk-kinesisvideo\1.11.931\aws-java-sdk-kinesisvideo-1.11.931.jar;C:\Users\asxma\.m2\repository\io\netty\netty-codec-http\4.1.65.Final\netty-codec-http-4.1.65.Final.jar;C:\Users\asxma\.m2\repository\io\netty\netty-common\4.1.65.Final\netty-common-4.1.65.Final.jar;C:\Users\asxma\.m2\repository\io\netty\netty-buffer\4.1.65.Final\netty-buffer-4.1.65.Final.jar;C:\Users\asxma\.m2\repository\io\netty\netty-transport\4.1.65.Final\netty-transport-4.1.65.Final.jar;C:\Users\asxma\.m2\repository\io\netty\netty-codec\4.1.65.Final\netty-codec-4.1.65.Final.jar;C:\Users\asxma\.m2\repository\io\netty\netty-handler\4.1.65.Final\netty-handler-4.1.65.Final.jar;C:\Users\asxma\.m2\repository\io\netty\netty-resolver\4.1.65.Final\netty-resolver-4.1.65.Final.jar;C:\Users\asxma\.m2\repository\com\amazonaws\aws-java-sdk-appsync\1.11.931\aws-java-sdk-appsync-1.11.931.jar;C:\Users\asxma\.m2\repository\com\amazonaws\aws-java-sdk-guardduty\1.11.931\aws-java-sdk-guardduty-1.11.931.jar;C:\Users\asxma\.m2\repository\com\amazonaws\aws-java-sdk-mq\1.11.931\aws-java-sdk-mq-1.11.931.jar;C:\Users\asxma\.m2\repository\com\amazonaws\aws-java-sdk-mediaconvert\1.11.931\aws-java-sdk-mediaconvert-1.11.931.jar;C:\Users\asxma\.m2\repository\com\amazonaws\aws-java-sdk-mediastore\1.11.931\aws-java-sdk-mediastore-1.11.931.jar;C:\Users\asxma\.m2\repository\com\amazonaws\aws-java-sdk-mediastoredata\1.11.931\aws-java-sdk-mediastoredata-1.11.931.jar;C:\Users\asxma\.m2\repository\com\amazonaws\aws-java-sdk-medialive\1.11.931\aws-java-sdk-medialive-1.11.931.jar;C:\Users\asxma\.m2\repository\com\amazonaws\aws-java-sdk-mediapackage\1.11.931\aws-java-sdk-mediapackage-1.11.931.jar;C:\Users\asxma\.m2\repository\com\amazonaws\aws-java-sdk-costexplorer\1.11.931\aws-java-sdk-costexplorer-1.11.931.jar;C:\Users\asxma\.m2\repository\com\amazonaws\aws-java-sdk-pricing\1.11.931\aws-java-sdk-pricing-1.11.931.jar;C:\Users\asxma\.m2\repository\com\amazonaws\aws-java-sdk-mobile\1.11.931\aws-java-sdk-mobile-1.11.931.jar;C:\Users\asxma\.m2\repository\com\amazonaws\aws-java-sdk-cloudhsmv2\1.11.931\aws-java-sdk-cloudhsmv2-1.11.931.jar;C:\Users\asxma\.m2\repository\com\amazonaws\aws-java-sdk-glue\1.11.931\aws-java-sdk-glue-1.11.931.jar;C:\Users\asxma\.m2\repository\com\amazonaws\aws-java-sdk-migrationhub\1.11.931\aws-java-sdk-migrationhub-1.11.931.jar;C:\Users\asxma\.m2\repository\com\amazonaws\aws-java-sdk-dax\1.11.931\aws-java-sdk-dax-1.11.931.jar;C:\Users\asxma\.m2\repository\com\amazonaws\aws-java-sdk-greengrass\1.11.931\aws-java-sdk-greengrass-1.11.931.jar;C:\Users\asxma\.m2\repository\com\amazonaws\aws-java-sdk-athena\1.11.931\aws-java-sdk-athena-1.11.931.jar;C:\Users\asxma\.m2\repository\com\amazonaws\aws-java-sdk-marketplaceentitlement\1.11.931\aws-java-sdk-marketplaceentitlement-1.11.931.jar;C:\Users\asxma\.m2\repository\com\amazonaws\aws-java-sdk-codestar\1.11.931\aws-java-sdk-codestar-1.11.931.jar;C:\Users\asxma\.m2\repository\com\amazonaws\aws-java-sdk-lexmodelbuilding\1.11.931\aws-java-sdk-lexmodelbuilding-1.11.931.jar;C:\Users\asxma\.m2\repository\com\amazonaws\aws-java-sdk-resourcegroupstaggingapi\1.11.931\aws-java-sdk-resourcegroupstaggingapi-1.11.931.jar;C:\Users\asxma\.m2\repository\com\amazonaws\aws-java-sdk-pinpoint\1.11.931\aws-java-sdk-pinpoint-1.11.931.jar;C:\Users\asxma\.m2\repository\com\amazonaws\aws-java-sdk-xray\1.11.931\aws-java-sdk-xray-1.11.931.jar;C:\Users\asxma\.m2\repository\com\amazonaws\aws-java-sdk-opsworkscm\1.11.931\aws-java-sdk-opsworkscm-1.11.931.jar;C:\Users\asxma\.m2\repository\com\amazonaws\aws-java-sdk-support\1.11.931\aws-java-sdk-support-1.11.931.jar;C:\Users\asxma\.m2\repository\com\amazonaws\aws-java-sdk-simpledb\1.11.931\aws-java-sdk-simpledb-1.11.931.jar;C:\Users\asxma\.m2\repository\com\amazonaws\aws-java-sdk-servicecatalog\1.11.931\aws-java-sdk-servicecatalog-1.11.931.jar;C:\Users\asxma\.m2\repository\com\amazonaws\aws-java-sdk-servermigration\1.11.931\aws-java-sdk-servermigration-1.11.931.jar;C:\Users\asxma\.m2\repository\com\amazonaws\aws-java-sdk-simpleworkflow\1.11.931\aws-java-sdk-simpleworkflow-1.11.931.jar;C:\Users\asxma\.m2\repository\com\amazonaws\aws-java-sdk-storagegateway\1.11.931\aws-java-sdk-storagegateway-1.11.931.jar;C:\Users\asxma\.m2\repository\com\amazonaws\aws-java-sdk-route53\1.11.931\aws-java-sdk-route53-1.11.931.jar;C:\Users\asxma\.m2\repository\com\amazonaws\aws-java-sdk-s3\1.11.931\aws-java-sdk-s3-1.11.931.jar;C:\Users\asxma\.m2\repository\com\amazonaws\aws-java-sdk-importexport\1.11.931\aws-java-sdk-importexport-1.11.931.jar;C:\Users\asxma\.m2\repository\com\amazonaws\aws-java-sdk-sts\1.11.931\aws-java-sdk-sts-1.11.931.jar;C:\Users\asxma\.m2\repository\com\amazonaws\aws-java-sdk-sqs\1.11.931\aws-java-sdk-sqs-1.11.931.jar;C:\Users\asxma\.m2\repository\com\amazonaws\aws-java-sdk-rds\1.11.931\aws-java-sdk-rds-1.11.931.jar;C:\Users\asxma\.m2\repository\com\amazonaws\aws-java-sdk-redshift\1.11.931\aws-java-sdk-redshift-1.11.931.jar;C:\Users\asxma\.m2\repository\com\amazonaws\aws-java-sdk-elasticbeanstalk\1.11.931\aws-java-sdk-elasticbeanstalk-1.11.931.jar;C:\Users\asxma\.m2\repository\com\amazonaws\aws-java-sdk-glacier\1.11.931\aws-java-sdk-glacier-1.11.931.jar;C:\Users\asxma\.m2\repository\com\amazonaws\aws-java-sdk-iam\1.11.931\aws-java-sdk-iam-1.11.931.jar;C:\Users\asxma\.m2\repository\com\amazonaws\aws-java-sdk-datapipeline\1.11.931\aws-java-sdk-datapipeline-1.11.931.jar;C:\Users\asxma\.m2\repository\com\amazonaws\aws-java-sdk-elasticloadbalancing\1.11.931\aws-java-sdk-elasticloadbalancing-1.11.931.jar;C:\Users\asxma\.m2\repository\com\amazonaws\aws-java-sdk-elasticloadbalancingv2\1.11.931\aws-java-sdk-elasticloadbalancingv2-1.11.931.jar;C:\Users\asxma\.m2\repository\com\amazonaws\aws-java-sdk-emr\1.11.931\aws-java-sdk-emr-1.11.931.jar;C:\Users\asxma\.m2\repository\com\amazonaws\aws-java-sdk-elasticache\1.11.931\aws-java-sdk-elasticache-1.11.931.jar;C:\Users\asxma\.m2\repository\com\amazonaws\aws-java-sdk-elastictranscoder\1.11.931\aws-java-sdk-elastictranscoder-1.11.931.jar;C:\Users\asxma\.m2\repository\com\amazonaws\aws-java-sdk-ec2\1.11.931\aws-java-sdk-ec2-1.11.931.jar;C:\Users\asxma\.m2\repository\com\amazonaws\aws-java-sdk-dynamodb\1.11.931\aws-java-sdk-dynamodb-1.11.931.jar;C:\Users\asxma\.m2\repository\com\amazonaws\aws-java-sdk-sns\1.11.931\aws-java-sdk-sns-1.11.931.jar;C:\Users\asxma\.m2\repository\com\amazonaws\aws-java-sdk-budgets\1.11.931\aws-java-sdk-budgets-1.11.931.jar;C:\Users\asxma\.m2\repository\com\amazonaws\aws-java-sdk-cloudtrail\1.11.931\aws-java-sdk-cloudtrail-1.11.931.jar;C:\Users\asxma\.m2\repository\com\amazonaws\aws-java-sdk-cloudwatch\1.11.931\aws-java-sdk-cloudwatch-1.11.931.jar;C:\Users\asxma\.m2\repository\com\amazonaws\aws-java-sdk-logs\1.11.931\aws-java-sdk-logs-1.11.931.jar;C:\Users\asxma\.m2\repository\com\amazonaws\aws-java-sdk-events\1.11.931\aws-java-sdk-events-1.11.931.jar;C:\Users\asxma\.m2\repository\com\amazonaws\aws-java-sdk-cognitoidentity\1.11.931\aws-java-sdk-cognitoidentity-1.11.931.jar;C:\Users\asxma\.m2\repository\com\amazonaws\aws-java-sdk-cognitosync\1.11.931\aws-java-sdk-cognitosync-1.11.931.jar;C:\Users\asxma\.m2\repository\com\amazonaws\aws-java-sdk-directconnect\1.11.931\aws-java-sdk-directconnect-1.11.931.jar;C:\Users\asxma\.m2\repository\com\amazonaws\aws-java-sdk-cloudformation\1.11.931\aws-java-sdk-cloudformation-1.11.931.jar;C:\Users\asxma\.m2\repository\com\amazonaws\aws-java-sdk-cloudfront\1.11.931\aws-java-sdk-cloudfront-1.11.931.jar;C:\Users\asxma\.m2\repository\com\amazonaws\aws-java-sdk-clouddirectory\1.11.931\aws-java-sdk-clouddirectory-1.11.931.jar;C:\Users\asxma\.m2\repository\com\amazonaws\aws-java-sdk-kinesis\1.11.931\aws-java-sdk-kinesis-1.11.931.jar;C:\Users\asxma\.m2\repository\com\amazonaws\aws-java-sdk-opsworks\1.11.931\aws-java-sdk-opsworks-1.11.931.jar;C:\Users\asxma\.m2\repository\com\amazonaws\aws-java-sdk-ses\1.11.931\aws-java-sdk-ses-1.11.931.jar;C:\Users\asxma\.m2\repository\com\amazonaws\aws-java-sdk-autoscaling\1.11.931\aws-java-sdk-autoscaling-1.11.931.jar;C:\Users\asxma\.m2\repository\com\amazonaws\aws-java-sdk-cloudsearch\1.11.931\aws-java-sdk-cloudsearch-1.11.931.jar;C:\Users\asxma\.m2\repository\com\amazonaws\aws-java-sdk-cloudwatchmetrics\1.11.931\aws-java-sdk-cloudwatchmetrics-1.11.931.jar;C:\Users\asxma\.m2\repository\com\amazonaws\aws-java-sdk-codedeploy\1.11.931\aws-java-sdk-codedeploy-1.11.931.jar;C:\Users\asxma\.m2\repository\com\amazonaws\aws-java-sdk-codepipeline\1.11.931\aws-java-sdk-codepipeline-1.11.931.jar;C:\Users\asxma\.m2\repository\com\amazonaws\aws-java-sdk-kms\1.11.931\aws-java-sdk-kms-1.11.931.jar;C:\Users\asxma\.m2\repository\com\amazonaws\aws-java-sdk-config\1.11.931\aws-java-sdk-config-1.11.931.jar;C:\Users\asxma\.m2\repository\com\amazonaws\aws-java-sdk-lambda\1.11.931\aws-java-sdk-lambda-1.11.931.jar;C:\Users\asxma\.m2\repository\com\amazonaws\aws-java-sdk-ecs\1.11.931\aws-java-sdk-ecs-1.11.931.jar;C:\Users\asxma\.m2\repository\com\amazonaws\aws-java-sdk-ecr\1.11.931\aws-java-sdk-ecr-1.11.931.jar;C:\Users\asxma\.m2\repository\com\amazonaws\aws-java-sdk-cloudhsm\1.11.931\aws-java-sdk-cloudhsm-1.11.931.jar;C:\Users\asxma\.m2\repository\com\amazonaws\aws-java-sdk-ssm\1.11.931\aws-java-sdk-ssm-1.11.931.jar;C:\Users\asxma\.m2\repository\com\amazonaws\aws-java-sdk-workspaces\1.11.931\aws-java-sdk-workspaces-1.11.931.jar;C:\Users\asxma\.m2\repository\com\amazonaws\aws-java-sdk-machinelearning\1.11.931\aws-java-sdk-machinelearning-1.11.931.jar;C:\Users\asxma\.m2\repository\com\amazonaws\aws-java-sdk-directory\1.11.931\aws-java-sdk-directory-1.11.931.jar;C:\Users\asxma\.m2\repository\com\amazonaws\aws-java-sdk-efs\1.11.931\aws-java-sdk-efs-1.11.931.jar;C:\Users\asxma\.m2\repository\com\amazonaws\aws-java-sdk-codecommit\1.11.931\aws-java-sdk-codecommit-1.11.931.jar;C:\Users\asxma\.m2\repository\com\amazonaws\aws-java-sdk-devicefarm\1.11.931\aws-java-sdk-devicefarm-1.11.931.jar;C:\Users\asxma\.m2\repository\com\amazonaws\aws-java-sdk-elasticsearch\1.11.931\aws-java-sdk-elasticsearch-1.11.931.jar;C:\Users\asxma\.m2\repository\com\amazonaws\aws-java-sdk-waf\1.11.931\aws-java-sdk-waf-1.11.931.jar;C:\Users\asxma\.m2\repository\com\amazonaws\aws-java-sdk-marketplacecommerceanalytics\1.11.931\aws-java-sdk-marketplacecommerceanalytics-1.11.931.jar;C:\Users\asxma\.m2\repository\com\amazonaws\aws-java-sdk-inspector\1.11.931\aws-java-sdk-inspector-1.11.931.jar;C:\Users\asxma\.m2\repository\com\amazonaws\aws-java-sdk-iot\1.11.931\aws-java-sdk-iot-1.11.931.jar;C:\Users\asxma\.m2\repository\com\amazonaws\aws-java-sdk-api-gateway\1.11.931\aws-java-sdk-api-gateway-1.11.931.jar;C:\Users\asxma\.m2\repository\com\amazonaws\aws-java-sdk-acm\1.11.931\aws-java-sdk-acm-1.11.931.jar;C:\Users\asxma\.m2\repository\com\amazonaws\aws-java-sdk-gamelift\1.11.931\aws-java-sdk-gamelift-1.11.931.jar;C:\Users\asxma\.m2\repository\com\amazonaws\aws-java-sdk-dms\1.11.931\aws-java-sdk-dms-1.11.931.jar;C:\Users\asxma\.m2\repository\com\amazonaws\aws-java-sdk-marketplacemeteringservice\1.11.931\aws-java-sdk-marketplacemeteringservice-1.11.931.jar;C:\Users\asxma\.m2\repository\com\amazonaws\aws-java-sdk-cognitoidp\1.11.931\aws-java-sdk-cognitoidp-1.11.931.jar;C:\Users\asxma\.m2\repository\com\amazonaws\aws-java-sdk-discovery\1.11.931\aws-java-sdk-discovery-1.11.931.jar;C:\Users\asxma\.m2\repository\com\amazonaws\aws-java-sdk-applicationautoscaling\1.11.931\aws-java-sdk-applicationautoscaling-1.11.931.jar;C:\Users\asxma\.m2\repository\com\amazonaws\aws-java-sdk-snowball\1.11.931\aws-java-sdk-snowball-1.11.931.jar;C:\Users\asxma\.m2\repository\com\amazonaws\aws-java-sdk-rekognition\1.11.931\aws-java-sdk-rekognition-1.11.931.jar;C:\Users\asxma\.m2\repository\com\amazonaws\aws-java-sdk-polly\1.11.931\aws-java-sdk-polly-1.11.931.jar;C:\Users\asxma\.m2\repository\com\amazonaws\aws-java-sdk-lightsail\1.11.931\aws-java-sdk-lightsail-1.11.931.jar;C:\Users\asxma\.m2\repository\com\amazonaws\aws-java-sdk-stepfunctions\1.11.931\aws-java-sdk-stepfunctions-1.11.931.jar;C:\Users\asxma\.m2\repository\com\amazonaws\aws-java-sdk-health\1.11.931\aws-java-sdk-health-1.11.931.jar;C:\Users\asxma\.m2\repository\com\amazonaws\aws-java-sdk-costandusagereport\1.11.931\aws-java-sdk-costandusagereport-1.11.931.jar;C:\Users\asxma\.m2\repository\com\amazonaws\aws-java-sdk-codebuild\1.11.931\aws-java-sdk-codebuild-1.11.931.jar;C:\Users\asxma\.m2\repository\com\amazonaws\aws-java-sdk-appstream\1.11.931\aws-java-sdk-appstream-1.11.931.jar;C:\Users\asxma\.m2\repository\com\amazonaws\aws-java-sdk-shield\1.11.931\aws-java-sdk-shield-1.11.931.jar;C:\Users\asxma\.m2\repository\com\amazonaws\aws-java-sdk-batch\1.11.931\aws-java-sdk-batch-1.11.931.jar;C:\Users\asxma\.m2\repository\com\amazonaws\aws-java-sdk-lex\1.11.931\aws-java-sdk-lex-1.11.931.jar;C:\Users\asxma\.m2\repository\com\amazonaws\aws-java-sdk-mechanicalturkrequester\1.11.931\aws-java-sdk-mechanicalturkrequester-1.11.931.jar;C:\Users\asxma\.m2\repository\com\amazonaws\aws-java-sdk-organizations\1.11.931\aws-java-sdk-organizations-1.11.931.jar;C:\Users\asxma\.m2\repository\com\amazonaws\aws-java-sdk-workdocs\1.11.931\aws-java-sdk-workdocs-1.11.931.jar;C:\Users\asxma\.m2\repository\com\amazonaws\aws-java-sdk-core\1.11.931\aws-java-sdk-core-1.11.931.jar;C:\Users\asxma\.m2\repository\commons-logging\commons-logging\1.1.3\commons-logging-1.1.3.jar;C:\Users\asxma\.m2\repository\org\apache\httpcomponents\httpclient\4.5.13\httpclient-4.5.13.jar;C:\Users\asxma\.m2\repository\org\apache\httpcomponents\httpcore\4.4.14\httpcore-4.4.14.jar;C:\Users\asxma\.m2\repository\commons-codec\commons-codec\1.15\commons-codec-1.15.jar;C:\Users\asxma\.m2\repository\software\amazon\ion\ion-java\1.0.2\ion-java-1.0.2.jar;C:\Users\asxma\.m2\repository\com\fasterxml\jackson\dataformat\jackson-dataformat-cbor\2.12.3\jackson-dataformat-cbor-2.12.3.jar;C:\Users\asxma\.m2\repository\joda-time\joda-time\2.8.1\joda-time-2.8.1.jar;C:\Users\asxma\.m2\repository\com\amazonaws\aws-java-sdk-models\1.11.931\aws-java-sdk-models-1.11.931.jar;C:\Users\asxma\.m2\repository\com\amazonaws\aws-java-sdk-swf-libraries\1.11.22\aws-java-sdk-swf-libraries-1.11.22.jar;C:\Users\asxma\.m2\repository\org\imgscalr\imgscalr-lib\4.2\imgscalr-lib-4.2.jar;C:\Users\asxma\.m2\repository\commons-io\commons-io\2.6\commons-io-2.6.jar;C:\Users\asxma\.m2\repository\org\testcontainers\postgresql\1.16.0\postgresql-1.16.0.jar;C:\Users\asxma\.m2\repository\org\testcontainers\jdbc\1.16.0\jdbc-1.16.0.jar;C:\Users\asxma\.m2\repository\org\testcontainers\database-commons\1.16.0\database-commons-1.16.0.jar;C:\Users\asxma\.m2\repository\org\testcontainers\junit-jupiter\1.16.0\junit-jupiter-1.16.0.jar;C:\Users\asxma\.m2\repository\org\testcontainers\testcontainers\1.16.0\testcontainers-1.16.0.jar;C:\Users\asxma\.m2\repository\junit\junit\4.13.2\junit-4.13.2.jar;C:\Users\asxma\.m2\repository\org\hamcrest\hamcrest-core\2.2\hamcrest-core-2.2.jar;C:\Users\asxma\.m2\repository\org\apache\commons\commons-compress\1.20\commons-compress-1.20.jar;C:\Users\asxma\.m2\repository\org\rnorth\duct-tape\duct-tape\1.0.8\duct-tape-1.0.8.jar;C:\Users\asxma\.m2\repository\com\github\docker-java\docker-java-api\3.2.11\docker-java-api-3.2.11.jar;C:\Users\asxma\.m2\repository\com\github\docker-java\docker-java-transport-zerodep\3.2.11\docker-java-transport-zerodep-3.2.11.jar;C:\Users\asxma\.m2\repository\com\github\docker-java\docker-java-transport\3.2.11\docker-java-transport-3.2.11.jar;C:\Users\asxma\.m2\repository\net\java\dev\jna\jna\5.8.0\jna-5.8.0.jar;C:\Users\asxma\.m2\repository\org\junit\jupiter\junit-jupiter-api\5.7.2\junit-jupiter-api-5.7.2.jar;C:\Users\asxma\.m2\repository\org\apiguardian\apiguardian-api\1.1.0\apiguardian-api-1.1.0.jar;C:\Users\asxma\.m2\repository\org\opentest4j\opentest4j\1.2.0\opentest4j-1.2.0.jar;C:\Users\asxma\.m2\repository\org\junit\platform\junit-platform-commons\1.7.2\junit-platform-commons-1.7.2.jar;C:\Users\asxma\.m2\repository\io\swagger\core\v3\swagger-annotations\2.1.10\swagger-annotations-2.1.10.jar;C:\Users\asxma\.m2\repository\org\springdoc\springdoc-openapi-ui\1.5.10\springdoc-openapi-ui-1.5.10.jar;C:\Users\asxma\.m2\repository\org\springdoc\springdoc-openapi-webmvc-core\1.5.10\springdoc-openapi-webmvc-core-1.5.10.jar;C:\Users\asxma\.m2\repository\org\springdoc\springdoc-openapi-common\1.5.10\springdoc-openapi-common-1.5.10.jar;C:\Users\asxma\.m2\repository\io\swagger\core\v3\swagger-models\2.1.10\swagger-models-2.1.10.jar;C:\Users\asxma\.m2\repository\io\swagger\core\v3\swagger-integration\2.1.10\swagger-integration-2.1.10.jar;C:\Users\asxma\.m2\repository\io\swagger\core\v3\swagger-core\2.1.10\swagger-core-2.1.10.jar;C:\Users\asxma\.m2\repository\com\fasterxml\jackson\dataformat\jackson-dataformat-yaml\2.12.3\jackson-dataformat-yaml-2.12.3.jar;C:\Users\asxma\.m2\repository\io\github\classgraph\classgraph\4.8.69\classgraph-4.8.69.jar;C:\Users\asxma\.m2\repository\org\apache\commons\commons-lang3\3.12.0\commons-lang3-3.12.0.jar;C:\Users\asxma\.m2\repository\org\webjars\swagger-ui\3.51.1\swagger-ui-3.51.1.jar;C:\Users\asxma\.m2\repository\org\webjars\webjars-locator-core\0.46\webjars-locator-core-0.46.jar;"/>
    <property name="sun.cpu.endian" value="little"/>
    <property name="user.home" value="C:\Users\asxma"/>
    <property name="user.language" value="ru"/>
    <property name="java.specification.vendor" value="Oracle Corporation"/>
    <property name="java.version.date" value="2021-04-20"/>
    <property name="java.home" value="C:\Program Files\Java\jdk-16.0.1"/>
    <property name="file.separator" value="\"/>
    <property name="basedir" value="C:\Users\java_basics\ComandDiplom\socnet"/>
    <property name="java.vm.compressedOopsMode" value="32-bit"/>
    <property name="line.separator" value="&#10;"/>
    <property name="java.vm.specification.vendor" value="Oracle Corporation"/>
    <property name="java.specification.name" value="Java Platform API Specification"/>
    <property name="surefire.real.class.path" value="C:\Users\asxma\AppData\Local\Temp\surefire4522351245317805675\surefirebooter3059092210293699641.jar"/>
    <property name="user.script" value=""/>
    <property name="sun.management.compiler" value="HotSpot 64-Bit Tiered Compilers"/>
    <property name="java.runtime.version" value="16.0.1+9-24"/>
    <property name="user.name" value="asxma"/>
    <property name="path.separator" value=";"/>
    <property name="os.version" value="10.0"/>
    <property name="java.runtime.name" value="Java(TM) SE Runtime Environment"/>
    <property name="file.encoding" value="Cp1251"/>
    <property name="java.vm.name" value="Java HotSpot(TM) 64-Bit Server VM"/>
    <property name="localRepository" value="C:\Users\asxma\.m2\repository"/>
    <property name="java.vendor.url.bug" value="https://bugreport.java.com/bugreport/"/>
    <property name="java.io.tmpdir" value="C:\Users\asxma\AppData\Local\Temp\"/>
    <property name="idea.version" value="2021.1.3"/>
    <property name="java.version" value="16.0.1"/>
    <property name="user.dir" value="C:\Users\java_basics\ComandDiplom\socnet"/>
    <property name="os.arch" value="amd64"/>
    <property name="java.vm.specification.name" value="Java Virtual Machine Specification"/>
    <property name="sun.os.patch.level" value=""/>
    <property name="java.library.path" value="C:\Program Files\Java\jdk-16.0.1\bin;C:\WINDOWS\Sun\Java\bin;C:\WINDOWS\system32;C:\WINDOWS;C:\Program Files\Java\jdk-16.0.1\bin;C:\Program Files\Common Files\Oracle\Java\javapath;C:\Program Files (x86)\Intel\iCLS Client\;C:\Program Files\Intel\iCLS Client\;C:\Windows\system32;C:\Windows;C:\Windows\System32\Wbem;C:\Windows\System32\WindowsPowerShell\v1.0\;C:\Program Files (x86)\Intel\Intel(R) Management Engine Components\DAL;C:\Program Files\Intel\Intel(R) Management Engine Components\DAL;C:\Program Files (x86)\Intel\Intel(R) Management Engine Components\IPT;C:\Program Files\Intel\Intel(R) Management Engine Components\IPT;C:\Program Files (x86)\NVIDIA Corporation\PhysX\Common;C:\Program Files\Intel\WiFi\bin\;C:\Program Files\Common Files\Intel\WirelessCommon\;C:\WINDOWS\system32;C:\WINDOWS;C:\WINDOWS\System32\Wbem;C:\WINDOWS\System32\WindowsPowerShell\v1.0\;C:\WINDOWS\System32\OpenSSH\;C:\Program Files\TortoiseGit\bin;C:\Program Files\PuTTY\;C:\ProgramData\chocolatey\bin;C:\Program Files\Git\cmd;C:\Program Files\Docker\Docker\resources\bin;C:\ProgramData\DockerDesktop\version-bin;C:\Users\asxma\AppData\Roaming\nvm;C:\Program Files\nodejs;&quot;C:\Users\asxma\AppData\Roaming\npm;C:\Program Files\nodejs&quot;;C:\Program Files\Java\jdk-16.0.1\bin;C:\Users\asxma\AppData\Local\Microsoft\WindowsApps;C:\Program Files\Intel\WiFi\bin\;C:\Program Files\Common Files\Intel\WirelessCommon\;C:\Program Files\JetBrains\PyCharm Community Edition 2019.2.4\bin;;C:\Program Files\MongoDB\Server\4.2\bin;C:\Program Files\JetBrains\IntelliJ IDEA 2021.1.2\bin;;C:\Program Files\heroku\bin;C:\Program Files\liquibase;C:\Users\asxma\AppData\Roaming\nvm;C:\Program Files\nodejs;."/>
    <property name="java.vm.info" value="mixed mode, sharing"/>
    <property name="java.vendor" value="Oracle Corporation"/>
    <property name="java.vm.version" value="16.0.1+9-24"/>
    <property name="sun.io.unicode.encoding" value="UnicodeLittle"/>
    <property name="java.class.version" value="60.0"/>
  </properties>
  <testcase name="ru.skillbox.team13.legacy.controller_integration.PlatformControllerTest" classname="ru.skillbox.team13.legacy.controller_integration.PlatformControllerTest" time="3.531">
    <error message="Failed to load ApplicationContext" type="java.lang.IllegalStateException">java.lang.IllegalStateException: Failed to load ApplicationContext
Caused by: org.springframework.beans.factory.UnsatisfiedDependencyException: Error creating bean with name 'requestService' defined in file [C:\Users\java_basics\ComandDiplom\socnet\target\test-classes\ru\skillbox\team13\test_util\RequestService.class]: Unsatisfied dependency expressed through constructor parameter 0; nested exception is org.springframework.beans.factory.BeanCreationException: Error creating bean with name 'mockMvc' defined in class path resource [org/springframework/boot/test/autoconfigure/web/servlet/MockMvcAutoConfiguration.class]: Bean instantiation via factory method failed; nested exception is org.springframework.beans.BeanInstantiationException: Failed to instantiate [org.springframework.test.web.servlet.MockMvc]: Factory method 'mockMvc' threw exception; nested exception is org.springframework.beans.factory.UnsatisfiedDependencyException: Error creating bean with name 'org.springframework.boot.autoconfigure.web.servlet.WebMvcAutoConfiguration$EnableWebMvcConfiguration': Unsatisfied dependency expressed through method 'setConfigurers' parameter 0; nested exception is org.springframework.beans.factory.UnsatisfiedDependencyException: Error creating bean with name 'securityConfig' defined in file [C:\Users\java_basics\ComandDiplom\socnet\target\classes\ru\skillbox\team13\config\SecurityConfig.class]: Unsatisfied dependency expressed through constructor parameter 0; nested exception is org.springframework.beans.factory.BeanCreationException: Error creating bean with name 'jwtTokenProvider': Injection of autowired dependencies failed; nested exception is java.lang.IllegalArgumentException: Could not resolve placeholder 'JWT_SECRET' in value "${JWT_SECRET}"
Caused by: org.springframework.beans.factory.BeanCreationException: Error creating bean with name 'mockMvc' defined in class path resource [org/springframework/boot/test/autoconfigure/web/servlet/MockMvcAutoConfiguration.class]: Bean instantiation via factory method failed; nested exception is org.springframework.beans.BeanInstantiationException: Failed to instantiate [org.springframework.test.web.servlet.MockMvc]: Factory method 'mockMvc' threw exception; nested exception is org.springframework.beans.factory.UnsatisfiedDependencyException: Error creating bean with name 'org.springframework.boot.autoconfigure.web.servlet.WebMvcAutoConfiguration$EnableWebMvcConfiguration': Unsatisfied dependency expressed through method 'setConfigurers' parameter 0; nested exception is org.springframework.beans.factory.UnsatisfiedDependencyException: Error creating bean with name 'securityConfig' defined in file [C:\Users\java_basics\ComandDiplom\socnet\target\classes\ru\skillbox\team13\config\SecurityConfig.class]: Unsatisfied dependency expressed through constructor parameter 0; nested exception is org.springframework.beans.factory.BeanCreationException: Error creating bean with name 'jwtTokenProvider': Injection of autowired dependencies failed; nested exception is java.lang.IllegalArgumentException: Could not resolve placeholder 'JWT_SECRET' in value "${JWT_SECRET}"
Caused by: org.springframework.beans.BeanInstantiationException: Failed to instantiate [org.springframework.test.web.servlet.MockMvc]: Factory method 'mockMvc' threw exception; nested exception is org.springframework.beans.factory.UnsatisfiedDependencyException: Error creating bean with name 'org.springframework.boot.autoconfigure.web.servlet.WebMvcAutoConfiguration$EnableWebMvcConfiguration': Unsatisfied dependency expressed through method 'setConfigurers' parameter 0; nested exception is org.springframework.beans.factory.UnsatisfiedDependencyException: Error creating bean with name 'securityConfig' defined in file [C:\Users\java_basics\ComandDiplom\socnet\target\classes\ru\skillbox\team13\config\SecurityConfig.class]: Unsatisfied dependency expressed through constructor parameter 0; nested exception is org.springframework.beans.factory.BeanCreationException: Error creating bean with name 'jwtTokenProvider': Injection of autowired dependencies failed; nested exception is java.lang.IllegalArgumentException: Could not resolve placeholder 'JWT_SECRET' in value "${JWT_SECRET}"
Caused by: org.springframework.beans.factory.UnsatisfiedDependencyException: Error creating bean with name 'org.springframework.boot.autoconfigure.web.servlet.WebMvcAutoConfiguration$EnableWebMvcConfiguration': Unsatisfied dependency expressed through method 'setConfigurers' parameter 0; nested exception is org.springframework.beans.factory.UnsatisfiedDependencyException: Error creating bean with name 'securityConfig' defined in file [C:\Users\java_basics\ComandDiplom\socnet\target\classes\ru\skillbox\team13\config\SecurityConfig.class]: Unsatisfied dependency expressed through constructor parameter 0; nested exception is org.springframework.beans.factory.BeanCreationException: Error creating bean with name 'jwtTokenProvider': Injection of autowired dependencies failed; nested exception is java.lang.IllegalArgumentException: Could not resolve placeholder 'JWT_SECRET' in value "${JWT_SECRET}"
Caused by: org.springframework.beans.factory.UnsatisfiedDependencyException: Error creating bean with name 'securityConfig' defined in file [C:\Users\java_basics\ComandDiplom\socnet\target\classes\ru\skillbox\team13\config\SecurityConfig.class]: Unsatisfied dependency expressed through constructor parameter 0; nested exception is org.springframework.beans.factory.BeanCreationException: Error creating bean with name 'jwtTokenProvider': Injection of autowired dependencies failed; nested exception is java.lang.IllegalArgumentException: Could not resolve placeholder 'JWT_SECRET' in value "${JWT_SECRET}"
Caused by: org.springframework.beans.factory.BeanCreationException: Error creating bean with name 'jwtTokenProvider': Injection of autowired dependencies failed; nested exception is java.lang.IllegalArgumentException: Could not resolve placeholder 'JWT_SECRET' in value "${JWT_SECRET}"
Caused by: java.lang.IllegalArgumentException: Could not resolve placeholder 'JWT_SECRET' in value "${JWT_SECRET}"
</error>
    <system-out><![CDATA[02.09-15:49:37.665 &amp#27;[34m INFO&amp#27;[0;39m [main] o.s.b.t.c.SpringBootTestContextBootstrapper: Neither @ContextConfiguration nor @ContextHierarchy found for test class [ru.skillbox.team13.legacy.controller_integration.PlatformControllerTest], using SpringBootContextLoader 
02.09-15:49:37.667 &amp#27;[34m INFO&amp#27;[0;39m [main] o.s.t.context.support.AbstractContextLoader: Could not detect default resource locations for test class [ru.skillbox.team13.legacy.controller_integration.PlatformControllerTest]: no resource found for suffixes {-context.xml, Context.groovy}. 
02.09-15:49:37.668 &amp#27;[34m INFO&amp#27;[0;39m [main] o.s.t.c.s.AnnotationConfigContextLoaderUtils: Could not detect default configuration classes for test class [ru.skillbox.team13.legacy.controller_integration.PlatformControllerTest]: PlatformControllerTest does not declare any static, non-private, non-final, nested classes annotated with @Configuration. 
02.09-15:49:37.683 &amp#27;[34m INFO&amp#27;[0;39m [main] o.s.b.t.c.SpringBootTestContextBootstrapper: Found @SpringBootConfiguration ru.skillbox.team13.App for test class ru.skillbox.team13.legacy.controller_integration.PlatformControllerTest 
02.09-15:49:37.688 &amp#27;[34m INFO&amp#27;[0;39m [main] o.s.b.t.c.SpringBootTestContextBootstrapper: Loaded default TestExecutionListener class names from location [META-INF/spring.factories]: [org.springframework.boot.test.mock.mockito.MockitoTestExecutionListener, org.springframework.boot.test.mock.mockito.ResetMocksTestExecutionListener, org.springframework.boot.test.autoconfigure.restdocs.RestDocsTestExecutionListener, org.springframework.boot.test.autoconfigure.web.client.MockRestServiceServerResetTestExecutionListener, org.springframework.boot.test.autoconfigure.web.servlet.MockMvcPrintOnlyOnFailureTestExecutionListener, org.springframework.boot.test.autoconfigure.web.servlet.WebDriverTestExecutionListener, org.springframework.boot.test.autoconfigure.webservices.client.MockWebServiceServerTestExecutionListener, org.springframework.test.context.web.ServletTestExecutionListener, org.springframework.test.context.support.DirtiesContextBeforeModesTestExecutionListener, org.springframework.test.context.event.ApplicationEventsTestExecutionListener, org.springframework.test.context.support.DependencyInjectionTestExecutionListener, org.springframework.test.context.support.DirtiesContextTestExecutionListener, org.springframework.test.context.transaction.TransactionalTestExecutionListener, org.springframework.test.context.jdbc.SqlScriptsTestExecutionListener, org.springframework.test.context.event.EventPublishingTestExecutionListener, org.springframework.security.test.context.support.WithSecurityContextTestExecutionListener, org.springframework.security.test.context.support.ReactorContextTestExecutionListener] 
02.09-15:49:37.689 &amp#27;[34m INFO&amp#27;[0;39m [main] o.s.b.t.c.SpringBootTestContextBootstrapper: Using TestExecutionListeners: [org.springframework.test.context.web.ServletTestExecutionListener@16a89351, org.springframework.test.context.support.DirtiesContextBeforeModesTestExecutionListener@395854dd, org.springframework.test.context.event.ApplicationEventsTestExecutionListener@53b60595, org.springframework.boot.test.mock.mockito.MockitoTestExecutionListener@2f9d47a3, org.springframework.boot.test.autoconfigure.SpringBootDependencyInjectionTestExecutionListener@7d7d7b1a, org.springframework.test.context.support.DirtiesContextTestExecutionListener@67836d4, org.springframework.test.context.transaction.TransactionalTestExecutionListener@65011123, org.springframework.test.context.jdbc.SqlScriptsTestExecutionListener@20e4e27f, org.springframework.test.context.event.EventPublishingTestExecutionListener@36d7e8d2, org.springframework.security.test.context.support.WithSecurityContextTestExecutionListener@715ea64a, org.springframework.security.test.context.support.ReactorContextTestExecutionListener@1cbb394b, org.springframework.boot.test.mock.mockito.ResetMocksTestExecutionListener@1b4bc7b9, org.springframework.boot.test.autoconfigure.restdocs.RestDocsTestExecutionListener@12d33d7a, org.springframework.boot.test.autoconfigure.web.client.MockRestServiceServerResetTestExecutionListener@16bbb59c, org.springframework.boot.test.autoconfigure.web.servlet.MockMvcPrintOnlyOnFailureTestExecutionListener@538fb761, org.springframework.boot.test.autoconfigure.web.servlet.WebDriverTestExecutionListener@163cd4a6, org.springframework.boot.test.autoconfigure.webservices.client.MockWebServiceServerTestExecutionListener@1d0f03f6] 

  .   ____          _            __ _ _
 /\\ / ___'_ __ _ _(_)_ __  __ _ \ \ \ \
( ( )\___ | '_ | '_| | '_ \/ _` | \ \ \ \
 \\/  ___)| |_)| | | | | || (_| |  ) ) ) )
  '  |____| .__|_| |_|_| |_\__, | / / / /
 =========|_|==============|___/=/_/_/_/
 :: Spring Boot ::                (v2.5.0)

02.09-15:49:37.970 &amp#27;[34m INFO&amp#27;[0;39m [main] r.s.t.l.c.PlatformControllerTest: Starting PlatformControllerTest using Java 16.0.1 on Borocomp with PID 3772 (started by asxma in C:\Users\java_basics\ComandDiplom\socnet) 
02.09-15:49:37.971 &amp#27;[39mDEBUG&amp#27;[0;39m [main] r.s.t.l.c.PlatformControllerTest: Running with Spring Boot v2.5.0, Spring v5.3.7 
02.09-15:49:37.972 &amp#27;[34m INFO&amp#27;[0;39m [main] r.s.t.l.c.PlatformControllerTest: No active profile set, falling back to default profiles: default 
02.09-15:49:39.918 &amp#27;[34m INFO&amp#27;[0;39m [main] o.s.d.r.c.RepositoryConfigurationDelegate: Bootstrapping Spring Data JPA repositories in DEFAULT mode. 
02.09-15:49:40.151 &amp#27;[34m INFO&amp#27;[0;39m [main] o.s.d.r.c.RepositoryConfigurationDelegate: Finished Spring Data repository scanning in 232 ms. Found 15 JPA repository interfaces. 
02.09-15:49:40.576 &amp#27;[34m INFO&amp#27;[0;39m [main] o.s.c.s.PostProcessorRegistrationDelegate$BeanPostProcessorChecker: Bean 'org.springframework.security.access.expression.method.DefaultMethodSecurityExpressionHandler@5911dd25' of type [org.springframework.security.access.expression.method.DefaultMethodSecurityExpressionHandler] is not eligible for getting processed by all BeanPostProcessors (for example: not eligible for auto-proxying) 
02.09-15:49:40.612 &amp#27;[34m INFO&amp#27;[0;39m [main] o.s.c.s.PostProcessorRegistrationDelegate$BeanPostProcessorChecker: Bean 'methodSecurityMetadataSource' of type [org.springframework.security.access.method.DelegatingMethodSecurityMetadataSource] is not eligible for getting processed by all BeanPostProcessors (for example: not eligible for auto-proxying) 
02.09-15:49:40.687 &amp#27;[34m INFO&amp#27;[0;39m [main] o.s.j.d.embedded.EmbeddedDatabaseFactory: Starting embedded database: url='jdbc:h2:mem:1aa37492-4044-46c7-8edd-96cfbf0bb7d2;DB_CLOSE_DELAY=-1;DB_CLOSE_ON_EXIT=false', username='sa' 
02.09-15:49:40.835 &amp#27;[34m INFO&amp#27;[0;39m [main] org.hibernate.jpa.internal.util.LogHelper: HHH000204: Processing PersistenceUnitInfo [name: default] 
02.09-15:49:40.860 &amp#27;[34m INFO&amp#27;[0;39m [main] org.hibernate.dialect.Dialect: HHH000400: Using dialect: org.hibernate.dialect.H2Dialect 
02.09-15:49:41.410 &amp#27;[34m INFO&amp#27;[0;39m [main] o.h.e.t.j.p.internal.JtaPlatformInitiator: HHH000490: Using JtaPlatform implementation: [org.hibernate.engine.transaction.jta.platform.internal.NoJtaPlatform] 
02.09-15:49:41.412 &amp#27;[34m INFO&amp#27;[0;39m [main] o.s.o.j.LocalContainerEntityManagerFactoryBean: Initialized JPA EntityManagerFactory for persistence unit 'default' 
02.09-15:49:41.637 &amp#27;[34m INFO&amp#27;[0;39m [main] o.s.b.t.mock.web.SpringBootMockServletContext: Initializing Spring TestDispatcherServlet '' 
02.09-15:49:41.638 &amp#27;[34m INFO&amp#27;[0;39m [main] o.s.test.web.servlet.TestDispatcherServlet: Initializing Servlet '' 
02.09-15:49:41.706 &amp#27;[1;31mERROR&amp#27;[0;39m [main] o.s.test.web.servlet.TestDispatcherServlet: Context initialization failed 
org.springframework.beans.factory.UnsatisfiedDependencyException: Error creating bean with name 'org.springframework.boot.autoconfigure.web.servlet.WebMvcAutoConfiguration$EnableWebMvcConfiguration': Unsatisfied dependency expressed through method 'setConfigurers' parameter 0; nested exception is org.springframework.beans.factory.UnsatisfiedDependencyException: Error creating bean with name 'securityConfig' defined in file [C:\Users\java_basics\ComandDiplom\socnet\target\classes\ru\skillbox\team13\config\SecurityConfig.class]: Unsatisfied dependency expressed through constructor parameter 0; nested exception is org.springframework.beans.factory.BeanCreationException: Error creating bean with name 'jwtTokenProvider': Injection of autowired dependencies failed; nested exception is java.lang.IllegalArgumentException: Could not resolve placeholder 'JWT_SECRET' in value "${JWT_SECRET}"
	at org.springframework.beans.factory.annotation.AutowiredAnnotationBeanPostProcessor$AutowiredMethodElement.resolveMethodArguments(AutowiredAnnotationBeanPostProcessor.java:768) ~[spring-beans-5.3.7.jar:5.3.7]
	at org.springframework.beans.factory.annotation.AutowiredAnnotationBeanPostProcessor$AutowiredMethodElement.inject(AutowiredAnnotationBeanPostProcessor.java:720) ~[spring-beans-5.3.7.jar:5.3.7]
	at org.springframework.beans.factory.annotation.InjectionMetadata.inject(InjectionMetadata.java:119) ~[spring-beans-5.3.7.jar:5.3.7]
	at org.springframework.beans.factory.annotation.AutowiredAnnotationBeanPostProcessor.postProcessProperties(AutowiredAnnotationBeanPostProcessor.java:399) ~[spring-beans-5.3.7.jar:5.3.7]
	at org.springframework.beans.factory.support.AbstractAutowireCapableBeanFactory.populateBean(AbstractAutowireCapableBeanFactory.java:1413) ~[spring-beans-5.3.7.jar:5.3.7]
	at org.springframework.beans.factory.support.AbstractAutowireCapableBeanFactory.doCreateBean(AbstractAutowireCapableBeanFactory.java:601) ~[spring-beans-5.3.7.jar:5.3.7]
	at org.springframework.beans.factory.support.AbstractAutowireCapableBeanFactory.createBean(AbstractAutowireCapableBeanFactory.java:524) ~[spring-beans-5.3.7.jar:5.3.7]
	at org.springframework.beans.factory.support.AbstractBeanFactory.lambda$doGetBean$0(AbstractBeanFactory.java:335) ~[spring-beans-5.3.7.jar:5.3.7]
	at org.springframework.beans.factory.support.DefaultSingletonBeanRegistry.getSingleton(DefaultSingletonBeanRegistry.java:234) ~[spring-beans-5.3.7.jar:5.3.7]
	at org.springframework.beans.factory.support.AbstractBeanFactory.doGetBean(AbstractBeanFactory.java:333) ~[spring-beans-5.3.7.jar:5.3.7]
	at org.springframework.beans.factory.support.AbstractBeanFactory.getBean(AbstractBeanFactory.java:208) ~[spring-beans-5.3.7.jar:5.3.7]
	at org.springframework.beans.factory.support.ConstructorResolver.instantiateUsingFactoryMethod(ConstructorResolver.java:410) ~[spring-beans-5.3.7.jar:5.3.7]
	at org.springframework.beans.factory.support.AbstractAutowireCapableBeanFactory.instantiateUsingFactoryMethod(AbstractAutowireCapableBeanFactory.java:1334) ~[spring-beans-5.3.7.jar:5.3.7]
	at org.springframework.beans.factory.support.AbstractAutowireCapableBeanFactory.createBeanInstance(AbstractAutowireCapableBeanFactory.java:1177) ~[spring-beans-5.3.7.jar:5.3.7]
	at org.springframework.beans.factory.support.AbstractAutowireCapableBeanFactory.doCreateBean(AbstractAutowireCapableBeanFactory.java:564) ~[spring-beans-5.3.7.jar:5.3.7]
	at org.springframework.beans.factory.support.AbstractAutowireCapableBeanFactory.createBean(AbstractAutowireCapableBeanFactory.java:524) ~[spring-beans-5.3.7.jar:5.3.7]
	at org.springframework.beans.factory.support.AbstractBeanFactory.lambda$doGetBean$0(AbstractBeanFactory.java:335) ~[spring-beans-5.3.7.jar:5.3.7]
	at org.springframework.beans.factory.support.DefaultSingletonBeanRegistry.getSingleton(DefaultSingletonBeanRegistry.java:234) ~[spring-beans-5.3.7.jar:5.3.7]
	at org.springframework.beans.factory.support.AbstractBeanFactory.doGetBean(AbstractBeanFactory.java:333) ~[spring-beans-5.3.7.jar:5.3.7]
	at org.springframework.beans.factory.support.AbstractBeanFactory.getBean(AbstractBeanFactory.java:213) ~[spring-beans-5.3.7.jar:5.3.7]
	at org.springframework.context.support.AbstractApplicationContext.getBean(AbstractApplicationContext.java:1160) ~[spring-context-5.3.7.jar:5.3.7]
	at org.springframework.web.servlet.DispatcherServlet.initLocaleResolver(DispatcherServlet.java:539) ~[spring-webmvc-5.3.7.jar:5.3.7]
	at org.springframework.web.servlet.DispatcherServlet.initStrategies(DispatcherServlet.java:498) ~[spring-webmvc-5.3.7.jar:5.3.7]
	at org.springframework.web.servlet.DispatcherServlet.onRefresh(DispatcherServlet.java:489) ~[spring-webmvc-5.3.7.jar:5.3.7]
	at org.springframework.web.servlet.FrameworkServlet.initWebApplicationContext(FrameworkServlet.java:599) ~[spring-webmvc-5.3.7.jar:5.3.7]
	at org.springframework.web.servlet.FrameworkServlet.initServletBean(FrameworkServlet.java:530) ~[spring-webmvc-5.3.7.jar:5.3.7]
	at org.springframework.web.servlet.HttpServletBean.init(HttpServletBean.java:170) ~[spring-webmvc-5.3.7.jar:5.3.7]
	at javax.servlet.GenericServlet.init(GenericServlet.java:158) ~[tomcat-embed-core-9.0.46.jar:4.0.FR]
	at org.springframework.test.web.servlet.MockMvcBuilderSupport.createMockMvc(MockMvcBuilderSupport.java:56) ~[spring-test-5.3.7.jar:5.3.7]
	at org.springframework.test.web.servlet.setup.AbstractMockMvcBuilder.build(AbstractMockMvcBuilder.java:159) ~[spring-test-5.3.7.jar:5.3.7]
	at org.springframework.boot.test.autoconfigure.web.servlet.MockMvcAutoConfiguration.mockMvc(MockMvcAutoConfiguration.java:91) ~[spring-boot-test-autoconfigure-2.5.0.jar:2.5.0]
	at java.base/jdk.internal.reflect.NativeMethodAccessorImpl.invoke0(Native Method) ~[na:na]
	at java.base/jdk.internal.reflect.NativeMethodAccessorImpl.invoke(NativeMethodAccessorImpl.java:78) ~[na:na]
	at java.base/jdk.internal.reflect.DelegatingMethodAccessorImpl.invoke(DelegatingMethodAccessorImpl.java:43) ~[na:na]
	at java.base/java.lang.reflect.Method.invoke(Method.java:567) ~[na:na]
	at org.springframework.beans.factory.support.SimpleInstantiationStrategy.instantiate(SimpleInstantiationStrategy.java:154) ~[spring-beans-5.3.7.jar:5.3.7]
	at org.springframework.beans.factory.support.ConstructorResolver.instantiate(ConstructorResolver.java:653) ~[spring-beans-5.3.7.jar:5.3.7]
	at org.springframework.beans.factory.support.ConstructorResolver.instantiateUsingFactoryMethod(ConstructorResolver.java:638) ~[spring-beans-5.3.7.jar:5.3.7]
	at org.springframework.beans.factory.support.AbstractAutowireCapableBeanFactory.instantiateUsingFactoryMethod(AbstractAutowireCapableBeanFactory.java:1334) ~[spring-beans-5.3.7.jar:5.3.7]
	at org.springframework.beans.factory.support.AbstractAutowireCapableBeanFactory.createBeanInstance(AbstractAutowireCapableBeanFactory.java:1177) ~[spring-beans-5.3.7.jar:5.3.7]
	at org.springframework.beans.factory.support.AbstractAutowireCapableBeanFactory.doCreateBean(AbstractAutowireCapableBeanFactory.java:564) ~[spring-beans-5.3.7.jar:5.3.7]
	at org.springframework.beans.factory.support.AbstractAutowireCapableBeanFactory.createBean(AbstractAutowireCapableBeanFactory.java:524) ~[spring-beans-5.3.7.jar:5.3.7]
	at org.springframework.beans.factory.support.AbstractBeanFactory.lambda$doGetBean$0(AbstractBeanFactory.java:335) ~[spring-beans-5.3.7.jar:5.3.7]
	at org.springframework.beans.factory.support.DefaultSingletonBeanRegistry.getSingleton(DefaultSingletonBeanRegistry.java:234) ~[spring-beans-5.3.7.jar:5.3.7]
	at org.springframework.beans.factory.support.AbstractBeanFactory.doGetBean(AbstractBeanFactory.java:333) ~[spring-beans-5.3.7.jar:5.3.7]
	at org.springframework.beans.factory.support.AbstractBeanFactory.getBean(AbstractBeanFactory.java:208) ~[spring-beans-5.3.7.jar:5.3.7]
	at org.springframework.beans.factory.config.DependencyDescriptor.resolveCandidate(DependencyDescriptor.java:276) ~[spring-beans-5.3.7.jar:5.3.7]
	at org.springframework.beans.factory.support.DefaultListableBeanFactory.doResolveDependency(DefaultListableBeanFactory.java:1380) ~[spring-beans-5.3.7.jar:5.3.7]
	at org.springframework.beans.factory.support.DefaultListableBeanFactory.resolveDependency(DefaultListableBeanFactory.java:1300) ~[spring-beans-5.3.7.jar:5.3.7]
	at org.springframework.beans.factory.support.ConstructorResolver.resolveAutowiredArgument(ConstructorResolver.java:887) ~[spring-beans-5.3.7.jar:5.3.7]
	at org.springframework.beans.factory.support.ConstructorResolver.createArgumentArray(ConstructorResolver.java:791) ~[spring-beans-5.3.7.jar:5.3.7]
	at org.springframework.beans.factory.support.ConstructorResolver.autowireConstructor(ConstructorResolver.java:229) ~[spring-beans-5.3.7.jar:5.3.7]
	at org.springframework.beans.factory.support.AbstractAutowireCapableBeanFactory.autowireConstructor(AbstractAutowireCapableBeanFactory.java:1354) ~[spring-beans-5.3.7.jar:5.3.7]
	at org.springframework.beans.factory.support.AbstractAutowireCapableBeanFactory.createBeanInstance(AbstractAutowireCapableBeanFactory.java:1204) ~[spring-beans-5.3.7.jar:5.3.7]
	at org.springframework.beans.factory.support.AbstractAutowireCapableBeanFactory.doCreateBean(AbstractAutowireCapableBeanFactory.java:564) ~[spring-beans-5.3.7.jar:5.3.7]
	at org.springframework.beans.factory.support.AbstractAutowireCapableBeanFactory.createBean(AbstractAutowireCapableBeanFactory.java:524) ~[spring-beans-5.3.7.jar:5.3.7]
	at org.springframework.beans.factory.support.AbstractBeanFactory.lambda$doGetBean$0(AbstractBeanFactory.java:335) ~[spring-beans-5.3.7.jar:5.3.7]
	at org.springframework.beans.factory.support.DefaultSingletonBeanRegistry.getSingleton(DefaultSingletonBeanRegistry.java:234) ~[spring-beans-5.3.7.jar:5.3.7]
	at org.springframework.beans.factory.support.AbstractBeanFactory.doGetBean(AbstractBeanFactory.java:333) ~[spring-beans-5.3.7.jar:5.3.7]
	at org.springframework.beans.factory.support.AbstractBeanFactory.getBean(AbstractBeanFactory.java:208) ~[spring-beans-5.3.7.jar:5.3.7]
	at org.springframework.beans.factory.support.DefaultListableBeanFactory.preInstantiateSingletons(DefaultListableBeanFactory.java:944) ~[spring-beans-5.3.7.jar:5.3.7]
	at org.springframework.context.support.AbstractApplicationContext.finishBeanFactoryInitialization(AbstractApplicationContext.java:918) ~[spring-context-5.3.7.jar:5.3.7]
	at org.springframework.context.support.AbstractApplicationContext.refresh(AbstractApplicationContext.java:583) ~[spring-context-5.3.7.jar:5.3.7]
	at org.springframework.boot.SpringApplication.refresh(SpringApplication.java:758) ~[spring-boot-2.5.0.jar:2.5.0]
	at org.springframework.boot.SpringApplication.refreshContext(SpringApplication.java:438) ~[spring-boot-2.5.0.jar:2.5.0]
	at org.springframework.boot.SpringApplication.run(SpringApplication.java:337) ~[spring-boot-2.5.0.jar:2.5.0]
	at org.springframework.boot.test.context.SpringBootContextLoader.loadContext(SpringBootContextLoader.java:123) ~[spring-boot-test-2.5.0.jar:2.5.0]
	at org.springframework.test.context.cache.DefaultCacheAwareContextLoaderDelegate.loadContextInternal(DefaultCacheAwareContextLoaderDelegate.java:99) ~[spring-test-5.3.7.jar:5.3.7]
	at org.springframework.test.context.cache.DefaultCacheAwareContextLoaderDelegate.loadContext(DefaultCacheAwareContextLoaderDelegate.java:124) ~[spring-test-5.3.7.jar:5.3.7]
	at org.springframework.test.context.support.DefaultTestContext.getApplicationContext(DefaultTestContext.java:124) ~[spring-test-5.3.7.jar:5.3.7]
	at org.springframework.test.context.web.ServletTestExecutionListener.setUpRequestContextIfNecessary(ServletTestExecutionListener.java:190) ~[spring-test-5.3.7.jar:5.3.7]
	at org.springframework.test.context.web.ServletTestExecutionListener.prepareTestInstance(ServletTestExecutionListener.java:132) ~[spring-test-5.3.7.jar:5.3.7]
	at org.springframework.test.context.TestContextManager.prepareTestInstance(TestContextManager.java:244) ~[spring-test-5.3.7.jar:5.3.7]
	at org.springframework.test.context.junit.jupiter.SpringExtension.postProcessTestInstance(SpringExtension.java:138) ~[spring-test-5.3.7.jar:5.3.7]
	at org.junit.jupiter.engine.descriptor.ClassBasedTestDescriptor.lambda$invokeTestInstancePostProcessors$6(ClassBasedTestDescriptor.java:350) ~[junit-jupiter-engine-5.7.2.jar:5.7.2]
	at org.junit.jupiter.engine.descriptor.ClassBasedTestDescriptor.executeAndMaskThrowable(ClassBasedTestDescriptor.java:355) ~[junit-jupiter-engine-5.7.2.jar:5.7.2]
	at org.junit.jupiter.engine.descriptor.ClassBasedTestDescriptor.lambda$invokeTestInstancePostProcessors$7(ClassBasedTestDescriptor.java:350) ~[junit-jupiter-engine-5.7.2.jar:5.7.2]
	at java.base/java.util.stream.ReferencePipeline$3$1.accept(ReferencePipeline.java:197) ~[na:na]
	at java.base/java.util.stream.ReferencePipeline$2$1.accept(ReferencePipeline.java:179) ~[na:na]
	at java.base/java.util.ArrayList$ArrayListSpliterator.forEachRemaining(ArrayList.java:1625) ~[na:na]
	at java.base/java.util.stream.AbstractPipeline.copyInto(AbstractPipeline.java:484) ~[na:na]
	at java.base/java.util.stream.AbstractPipeline.wrapAndCopyInto(AbstractPipeline.java:474) ~[na:na]
	at java.base/java.util.stream.StreamSpliterators$WrappingSpliterator.forEachRemaining(StreamSpliterators.java:312) ~[na:na]
	at java.base/java.util.stream.Streams$ConcatSpliterator.forEachRemaining(Streams.java:735) ~[na:na]
	at java.base/java.util.stream.ReferencePipeline$Head.forEach(ReferencePipeline.java:762) ~[na:na]
	at org.junit.jupiter.engine.descriptor.ClassBasedTestDescriptor.invokeTestInstancePostProcessors(ClassBasedTestDescriptor.java:349) ~[junit-jupiter-engine-5.7.2.jar:5.7.2]
	at org.junit.jupiter.engine.descriptor.ClassBasedTestDescriptor.lambda$instantiateAndPostProcessTestInstance$4(ClassBasedTestDescriptor.java:270) ~[junit-jupiter-engine-5.7.2.jar:5.7.2]
	at org.junit.platform.engine.support.hierarchical.ThrowableCollector.execute(ThrowableCollector.java:73) ~[junit-platform-engine-1.7.2.jar:1.7.2]
	at org.junit.jupiter.engine.descriptor.ClassBasedTestDescriptor.instantiateAndPostProcessTestInstance(ClassBasedTestDescriptor.java:269) ~[junit-jupiter-engine-5.7.2.jar:5.7.2]
	at org.junit.jupiter.engine.descriptor.ClassBasedTestDescriptor.lambda$testInstancesProvider$2(ClassBasedTestDescriptor.java:259) ~[junit-jupiter-engine-5.7.2.jar:5.7.2]
	at java.base/java.util.Optional.orElseGet(Optional.java:364) ~[na:na]
	at org.junit.jupiter.engine.descriptor.ClassBasedTestDescriptor.lambda$testInstancesProvider$3(ClassBasedTestDescriptor.java:258) ~[junit-jupiter-engine-5.7.2.jar:5.7.2]
	at org.junit.jupiter.engine.execution.TestInstancesProvider.getTestInstances(TestInstancesProvider.java:31) ~[junit-jupiter-engine-5.7.2.jar:5.7.2]
	at org.junit.jupiter.engine.descriptor.ClassBasedTestDescriptor.lambda$before$0(ClassBasedTestDescriptor.java:184) ~[junit-jupiter-engine-5.7.2.jar:5.7.2]
	at org.junit.platform.engine.support.hierarchical.ThrowableCollector.execute(ThrowableCollector.java:73) ~[junit-platform-engine-1.7.2.jar:1.7.2]
	at org.junit.jupiter.engine.descriptor.ClassBasedTestDescriptor.before(ClassBasedTestDescriptor.java:183) ~[junit-jupiter-engine-5.7.2.jar:5.7.2]
	at org.junit.jupiter.engine.descriptor.ClassBasedTestDescriptor.before(ClassBasedTestDescriptor.java:78) ~[junit-jupiter-engine-5.7.2.jar:5.7.2]
	at org.junit.platform.engine.support.hierarchical.NodeTestTask.lambda$executeRecursively$5(NodeTestTask.java:136) ~[junit-platform-engine-1.7.2.jar:1.7.2]
	at org.junit.platform.engine.support.hierarchical.ThrowableCollector.execute(ThrowableCollector.java:73) ~[junit-platform-engine-1.7.2.jar:1.7.2]
	at org.junit.platform.engine.support.hierarchical.NodeTestTask.lambda$executeRecursively$7(NodeTestTask.java:129) ~[junit-platform-engine-1.7.2.jar:1.7.2]
	at org.junit.platform.engine.support.hierarchical.Node.around(Node.java:137) ~[junit-platform-engine-1.7.2.jar:1.7.2]
	at org.junit.platform.engine.support.hierarchical.NodeTestTask.lambda$executeRecursively$8(NodeTestTask.java:127) ~[junit-platform-engine-1.7.2.jar:1.7.2]
	at org.junit.platform.engine.support.hierarchical.ThrowableCollector.execute(ThrowableCollector.java:73) ~[junit-platform-engine-1.7.2.jar:1.7.2]
	at org.junit.platform.engine.support.hierarchical.NodeTestTask.executeRecursively(NodeTestTask.java:126) ~[junit-platform-engine-1.7.2.jar:1.7.2]
	at org.junit.platform.engine.support.hierarchical.NodeTestTask.execute(NodeTestTask.java:84) ~[junit-platform-engine-1.7.2.jar:1.7.2]
	at java.base/java.util.ArrayList.forEach(ArrayList.java:1511) ~[na:na]
	at org.junit.platform.engine.support.hierarchical.SameThreadHierarchicalTestExecutorService.invokeAll(SameThreadHierarchicalTestExecutorService.java:38) ~[junit-platform-engine-1.7.2.jar:1.7.2]
	at org.junit.platform.engine.support.hierarchical.NodeTestTask.lambda$executeRecursively$5(NodeTestTask.java:143) ~[junit-platform-engine-1.7.2.jar:1.7.2]
	at org.junit.platform.engine.support.hierarchical.ThrowableCollector.execute(ThrowableCollector.java:73) ~[junit-platform-engine-1.7.2.jar:1.7.2]
	at org.junit.platform.engine.support.hierarchical.NodeTestTask.lambda$executeRecursively$7(NodeTestTask.java:129) ~[junit-platform-engine-1.7.2.jar:1.7.2]
	at org.junit.platform.engine.support.hierarchical.Node.around(Node.java:137) ~[junit-platform-engine-1.7.2.jar:1.7.2]
	at org.junit.platform.engine.support.hierarchical.NodeTestTask.lambda$executeRecursively$8(NodeTestTask.java:127) ~[junit-platform-engine-1.7.2.jar:1.7.2]
	at org.junit.platform.engine.support.hierarchical.ThrowableCollector.execute(ThrowableCollector.java:73) ~[junit-platform-engine-1.7.2.jar:1.7.2]
	at org.junit.platform.engine.support.hierarchical.NodeTestTask.executeRecursively(NodeTestTask.java:126) ~[junit-platform-engine-1.7.2.jar:1.7.2]
	at org.junit.platform.engine.support.hierarchical.NodeTestTask.execute(NodeTestTask.java:84) ~[junit-platform-engine-1.7.2.jar:1.7.2]
	at org.junit.platform.engine.support.hierarchical.SameThreadHierarchicalTestExecutorService.submit(SameThreadHierarchicalTestExecutorService.java:32) ~[junit-platform-engine-1.7.2.jar:1.7.2]
	at org.junit.platform.engine.support.hierarchical.HierarchicalTestExecutor.execute(HierarchicalTestExecutor.java:57) ~[junit-platform-engine-1.7.2.jar:1.7.2]
	at org.junit.platform.engine.support.hierarchical.HierarchicalTestEngine.execute(HierarchicalTestEngine.java:51) ~[junit-platform-engine-1.7.2.jar:1.7.2]
	at org.junit.platform.launcher.core.DefaultLauncher.execute(DefaultLauncher.java:220) ~[junit-platform-launcher-1.3.1.jar:1.3.1]
	at org.junit.platform.launcher.core.DefaultLauncher.lambda$execute$6(DefaultLauncher.java:188) ~[junit-platform-launcher-1.3.1.jar:1.3.1]
	at org.junit.platform.launcher.core.DefaultLauncher.withInterceptedStreams(DefaultLauncher.java:202) ~[junit-platform-launcher-1.3.1.jar:1.3.1]
	at org.junit.platform.launcher.core.DefaultLauncher.execute(DefaultLauncher.java:181) ~[junit-platform-launcher-1.3.1.jar:1.3.1]
	at org.junit.platform.launcher.core.DefaultLauncher.execute(DefaultLauncher.java:128) ~[junit-platform-launcher-1.3.1.jar:1.3.1]
	at org.apache.maven.surefire.junitplatform.JUnitPlatformProvider.invokeAllTests(JUnitPlatformProvider.java:150) ~[surefire-junit-platform-2.22.2.jar:2.22.2]
	at org.apache.maven.surefire.junitplatform.JUnitPlatformProvider.invoke(JUnitPlatformProvider.java:124) ~[surefire-junit-platform-2.22.2.jar:2.22.2]
	at org.apache.maven.surefire.booter.ForkedBooter.invokeProviderInSameClassLoader(ForkedBooter.java:384) ~[surefire-booter-2.22.2.jar:2.22.2]
	at org.apache.maven.surefire.booter.ForkedBooter.runSuitesInProcess(ForkedBooter.java:345) ~[surefire-booter-2.22.2.jar:2.22.2]
	at org.apache.maven.surefire.booter.ForkedBooter.execute(ForkedBooter.java:126) ~[surefire-booter-2.22.2.jar:2.22.2]
	at org.apache.maven.surefire.booter.ForkedBooter.main(ForkedBooter.java:418) ~[surefire-booter-2.22.2.jar:2.22.2]
Caused by: org.springframework.beans.factory.UnsatisfiedDependencyException: Error creating bean with name 'securityConfig' defined in file [C:\Users\java_basics\ComandDiplom\socnet\target\classes\ru\skillbox\team13\config\SecurityConfig.class]: Unsatisfied dependency expressed through constructor parameter 0; nested exception is org.springframework.beans.factory.BeanCreationException: Error creating bean with name 'jwtTokenProvider': Injection of autowired dependencies failed; nested exception is java.lang.IllegalArgumentException: Could not resolve placeholder 'JWT_SECRET' in value "${JWT_SECRET}"
	at org.springframework.beans.factory.support.ConstructorResolver.createArgumentArray(ConstructorResolver.java:800) ~[spring-beans-5.3.7.jar:5.3.7]
	at org.springframework.beans.factory.support.ConstructorResolver.autowireConstructor(ConstructorResolver.java:229) ~[spring-beans-5.3.7.jar:5.3.7]
	at org.springframework.beans.factory.support.AbstractAutowireCapableBeanFactory.autowireConstructor(AbstractAutowireCapableBeanFactory.java:1354) ~[spring-beans-5.3.7.jar:5.3.7]
	at org.springframework.beans.factory.support.AbstractAutowireCapableBeanFactory.createBeanInstance(AbstractAutowireCapableBeanFactory.java:1204) ~[spring-beans-5.3.7.jar:5.3.7]
	at org.springframework.beans.factory.support.AbstractAutowireCapableBeanFactory.doCreateBean(AbstractAutowireCapableBeanFactory.java:564) ~[spring-beans-5.3.7.jar:5.3.7]
	at org.springframework.beans.factory.support.AbstractAutowireCapableBeanFactory.createBean(AbstractAutowireCapableBeanFactory.java:524) ~[spring-beans-5.3.7.jar:5.3.7]
	at org.springframework.beans.factory.support.AbstractBeanFactory.lambda$doGetBean$0(AbstractBeanFactory.java:335) ~[spring-beans-5.3.7.jar:5.3.7]
	at org.springframework.beans.factory.support.DefaultSingletonBeanRegistry.getSingleton(DefaultSingletonBeanRegistry.java:234) ~[spring-beans-5.3.7.jar:5.3.7]
	at org.springframework.beans.factory.support.AbstractBeanFactory.doGetBean(AbstractBeanFactory.java:333) ~[spring-beans-5.3.7.jar:5.3.7]
	at org.springframework.beans.factory.support.AbstractBeanFactory.getBean(AbstractBeanFactory.java:208) ~[spring-beans-5.3.7.jar:5.3.7]
	at org.springframework.beans.factory.config.DependencyDescriptor.resolveCandidate(DependencyDescriptor.java:276) ~[spring-beans-5.3.7.jar:5.3.7]
	at org.springframework.beans.factory.support.DefaultListableBeanFactory.addCandidateEntry(DefaultListableBeanFactory.java:1598) ~[spring-beans-5.3.7.jar:5.3.7]
	at org.springframework.beans.factory.support.DefaultListableBeanFactory.findAutowireCandidates(DefaultListableBeanFactory.java:1562) ~[spring-beans-5.3.7.jar:5.3.7]
	at org.springframework.beans.factory.support.DefaultListableBeanFactory.resolveMultipleBeans(DefaultListableBeanFactory.java:1451) ~[spring-beans-5.3.7.jar:5.3.7]
	at org.springframework.beans.factory.support.DefaultListableBeanFactory.doResolveDependency(DefaultListableBeanFactory.java:1338) ~[spring-beans-5.3.7.jar:5.3.7]
	at org.springframework.beans.factory.support.DefaultListableBeanFactory.resolveDependency(DefaultListableBeanFactory.java:1300) ~[spring-beans-5.3.7.jar:5.3.7]
	at org.springframework.beans.factory.annotation.AutowiredAnnotationBeanPostProcessor$AutowiredMethodElement.resolveMethodArguments(AutowiredAnnotationBeanPostProcessor.java:760) ~[spring-beans-5.3.7.jar:5.3.7]
	... 128 common frames omitted
Caused by: org.springframework.beans.factory.BeanCreationException: Error creating bean with name 'jwtTokenProvider': Injection of autowired dependencies failed; nested exception is java.lang.IllegalArgumentException: Could not resolve placeholder 'JWT_SECRET' in value "${JWT_SECRET}"
	at org.springframework.beans.factory.annotation.AutowiredAnnotationBeanPostProcessor.postProcessProperties(AutowiredAnnotationBeanPostProcessor.java:405) ~[spring-beans-5.3.7.jar:5.3.7]
	at org.springframework.beans.factory.support.AbstractAutowireCapableBeanFactory.populateBean(AbstractAutowireCapableBeanFactory.java:1413) ~[spring-beans-5.3.7.jar:5.3.7]
	at org.springframework.beans.factory.support.AbstractAutowireCapableBeanFactory.doCreateBean(AbstractAutowireCapableBeanFactory.java:601) ~[spring-beans-5.3.7.jar:5.3.7]
	at org.springframework.beans.factory.support.AbstractAutowireCapableBeanFactory.createBean(AbstractAutowireCapableBeanFactory.java:524) ~[spring-beans-5.3.7.jar:5.3.7]
	at org.springframework.beans.factory.support.AbstractBeanFactory.lambda$doGetBean$0(AbstractBeanFactory.java:335) ~[spring-beans-5.3.7.jar:5.3.7]
	at org.springframework.beans.factory.support.DefaultSingletonBeanRegistry.getSingleton(DefaultSingletonBeanRegistry.java:234) ~[spring-beans-5.3.7.jar:5.3.7]
	at org.springframework.beans.factory.support.AbstractBeanFactory.doGetBean(AbstractBeanFactory.java:333) ~[spring-beans-5.3.7.jar:5.3.7]
	at org.springframework.beans.factory.support.AbstractBeanFactory.getBean(AbstractBeanFactory.java:208) ~[spring-beans-5.3.7.jar:5.3.7]
	at org.springframework.beans.factory.config.DependencyDescriptor.resolveCandidate(DependencyDescriptor.java:276) ~[spring-beans-5.3.7.jar:5.3.7]
	at org.springframework.beans.factory.support.DefaultListableBeanFactory.doResolveDependency(DefaultListableBeanFactory.java:1380) ~[spring-beans-5.3.7.jar:5.3.7]
	at org.springframework.beans.factory.support.DefaultListableBeanFactory.resolveDependency(DefaultListableBeanFactory.java:1300) ~[spring-beans-5.3.7.jar:5.3.7]
	at org.springframework.beans.factory.support.ConstructorResolver.resolveAutowiredArgument(ConstructorResolver.java:887) ~[spring-beans-5.3.7.jar:5.3.7]
	at org.springframework.beans.factory.support.ConstructorResolver.createArgumentArray(ConstructorResolver.java:791) ~[spring-beans-5.3.7.jar:5.3.7]
	... 144 common frames omitted
Caused by: java.lang.IllegalArgumentException: Could not resolve placeholder 'JWT_SECRET' in value "${JWT_SECRET}"
	at org.springframework.util.PropertyPlaceholderHelper.parseStringValue(PropertyPlaceholderHelper.java:180) ~[spring-core-5.3.7.jar:5.3.7]
	at org.springframework.util.PropertyPlaceholderHelper.replacePlaceholders(PropertyPlaceholderHelper.java:126) ~[spring-core-5.3.7.jar:5.3.7]
	at org.springframework.core.env.AbstractPropertyResolver.doResolvePlaceholders(AbstractPropertyResolver.java:239) ~[spring-core-5.3.7.jar:5.3.7]
	at org.springframework.core.env.AbstractPropertyResolver.resolveRequiredPlaceholders(AbstractPropertyResolver.java:210) ~[spring-core-5.3.7.jar:5.3.7]
	at org.springframework.core.env.AbstractPropertyResolver.resolveNestedPlaceholders(AbstractPropertyResolver.java:230) ~[spring-core-5.3.7.jar:5.3.7]
	at org.springframework.core.env.PropertySourcesPropertyResolver.getProperty(PropertySourcesPropertyResolver.java:88) ~[spring-core-5.3.7.jar:5.3.7]
	at org.springframework.core.env.PropertySourcesPropertyResolver.getProperty(PropertySourcesPropertyResolver.java:62) ~[spring-core-5.3.7.jar:5.3.7]
	at org.springframework.core.env.AbstractEnvironment.getProperty(AbstractEnvironment.java:588) ~[spring-core-5.3.7.jar:5.3.7]
	at org.springframework.context.support.PropertySourcesPlaceholderConfigurer$1.getProperty(PropertySourcesPlaceholderConfigurer.java:137) ~[spring-context-5.3.7.jar:5.3.7]
	at org.springframework.context.support.PropertySourcesPlaceholderConfigurer$1.getProperty(PropertySourcesPlaceholderConfigurer.java:133) ~[spring-context-5.3.7.jar:5.3.7]
	at org.springframework.core.env.PropertySourcesPropertyResolver.getProperty(PropertySourcesPropertyResolver.java:85) ~[spring-core-5.3.7.jar:5.3.7]
	at org.springframework.core.env.PropertySourcesPropertyResolver.getPropertyAsRawString(PropertySourcesPropertyResolver.java:74) ~[spring-core-5.3.7.jar:5.3.7]
	at org.springframework.util.PropertyPlaceholderHelper.parseStringValue(PropertyPlaceholderHelper.java:153) ~[spring-core-5.3.7.jar:5.3.7]
	at org.springframework.util.PropertyPlaceholderHelper.replacePlaceholders(PropertyPlaceholderHelper.java:126) ~[spring-core-5.3.7.jar:5.3.7]
	at org.springframework.core.env.AbstractPropertyResolver.doResolvePlaceholders(AbstractPropertyResolver.java:239) ~[spring-core-5.3.7.jar:5.3.7]
	at org.springframework.core.env.AbstractPropertyResolver.resolveRequiredPlaceholders(AbstractPropertyResolver.java:210) ~[spring-core-5.3.7.jar:5.3.7]
	at org.springframework.context.support.PropertySourcesPlaceholderConfigurer.lambda$processProperties$0(PropertySourcesPlaceholderConfigurer.java:175) ~[spring-context-5.3.7.jar:5.3.7]
	at org.springframework.beans.factory.support.AbstractBeanFactory.resolveEmbeddedValue(AbstractBeanFactory.java:936) ~[spring-beans-5.3.7.jar:5.3.7]
	at org.springframework.beans.factory.support.DefaultListableBeanFactory.doResolveDependency(DefaultListableBeanFactory.java:1321) ~[spring-beans-5.3.7.jar:5.3.7]
	at org.springframework.beans.factory.support.DefaultListableBeanFactory.resolveDependency(DefaultListableBeanFactory.java:1300) ~[spring-beans-5.3.7.jar:5.3.7]
	at org.springframework.beans.factory.annotation.AutowiredAnnotationBeanPostProcessor$AutowiredFieldElement.resolveFieldValue(AutowiredAnnotationBeanPostProcessor.java:657) ~[spring-beans-5.3.7.jar:5.3.7]
	at org.springframework.beans.factory.annotation.AutowiredAnnotationBeanPostProcessor$AutowiredFieldElement.inject(AutowiredAnnotationBeanPostProcessor.java:640) ~[spring-beans-5.3.7.jar:5.3.7]
	at org.springframework.beans.factory.annotation.InjectionMetadata.inject(InjectionMetadata.java:119) ~[spring-beans-5.3.7.jar:5.3.7]
	at org.springframework.beans.factory.annotation.AutowiredAnnotationBeanPostProcessor.postProcessProperties(AutowiredAnnotationBeanPostProcessor.java:399) ~[spring-beans-5.3.7.jar:5.3.7]
	... 156 common frames omitted
02.09-15:49:41.709 &amp#27;[31m WARN&amp#27;[0;39m [main] o.s.w.c.support.GenericWebApplicationContext: Exception encountered during context initialization - cancelling refresh attempt: org.springframework.beans.factory.UnsatisfiedDependencyException: Error creating bean with name 'requestService' defined in file [C:\Users\java_basics\ComandDiplom\socnet\target\test-classes\ru\skillbox\team13\test_util\RequestService.class]: Unsatisfied dependency expressed through constructor parameter 0; nested exception is org.springframework.beans.factory.BeanCreationException: Error creating bean with name 'mockMvc' defined in class path resource [org/springframework/boot/test/autoconfigure/web/servlet/MockMvcAutoConfiguration.class]: Bean instantiation via factory method failed; nested exception is org.springframework.beans.BeanInstantiationException: Failed to instantiate [org.springframework.test.web.servlet.MockMvc]: Factory method 'mockMvc' threw exception; nested exception is org.springframework.beans.factory.UnsatisfiedDependencyException: Error creating bean with name 'org.springframework.boot.autoconfigure.web.servlet.WebMvcAutoConfiguration$EnableWebMvcConfiguration': Unsatisfied dependency expressed through method 'setConfigurers' parameter 0; nested exception is org.springframework.beans.factory.UnsatisfiedDependencyException: Error creating bean with name 'securityConfig' defined in file [C:\Users\java_basics\ComandDiplom\socnet\target\classes\ru\skillbox\team13\config\SecurityConfig.class]: Unsatisfied dependency expressed through constructor parameter 0; nested exception is org.springframework.beans.factory.BeanCreationException: Error creating bean with name 'jwtTokenProvider': Injection of autowired dependencies failed; nested exception is java.lang.IllegalArgumentException: Could not resolve placeholder 'JWT_SECRET' in value "${JWT_SECRET}" 
02.09-15:49:41.710 &amp#27;[34m INFO&amp#27;[0;39m [main] o.s.o.j.LocalContainerEntityManagerFactoryBean: Closing JPA EntityManagerFactory for persistence unit 'default' 
02.09-15:49:41.711 &amp#27;[34m INFO&amp#27;[0;39m [main] o.s.j.d.embedded.EmbeddedDatabaseFactory: Shutting down embedded database: url='jdbc:h2:mem:1aa37492-4044-46c7-8edd-96cfbf0bb7d2;DB_CLOSE_DELAY=-1;DB_CLOSE_ON_EXIT=false' 
02.09-15:49:41.956 &amp#27;[34m INFO&amp#27;[0;39m [main] o.s.b.a.l.ConditionEvaluationReportLoggingListener: 

Error starting ApplicationContext. To display the conditions report re-run your application with 'debug' enabled. 
02.09-15:49:41.963 &amp#27;[1;31mERROR&amp#27;[0;39m [main] org.springframework.boot.SpringApplication: Application run failed 
org.springframework.beans.factory.UnsatisfiedDependencyException: Error creating bean with name 'requestService' defined in file [C:\Users\java_basics\ComandDiplom\socnet\target\test-classes\ru\skillbox\team13\test_util\RequestService.class]: Unsatisfied dependency expressed through constructor parameter 0; nested exception is org.springframework.beans.factory.BeanCreationException: Error creating bean with name 'mockMvc' defined in class path resource [org/springframework/boot/test/autoconfigure/web/servlet/MockMvcAutoConfiguration.class]: Bean instantiation via factory method failed; nested exception is org.springframework.beans.BeanInstantiationException: Failed to instantiate [org.springframework.test.web.servlet.MockMvc]: Factory method 'mockMvc' threw exception; nested exception is org.springframework.beans.factory.UnsatisfiedDependencyException: Error creating bean with name 'org.springframework.boot.autoconfigure.web.servlet.WebMvcAutoConfiguration$EnableWebMvcConfiguration': Unsatisfied dependency expressed through method 'setConfigurers' parameter 0; nested exception is org.springframework.beans.factory.UnsatisfiedDependencyException: Error creating bean with name 'securityConfig' defined in file [C:\Users\java_basics\ComandDiplom\socnet\target\classes\ru\skillbox\team13\config\SecurityConfig.class]: Unsatisfied dependency expressed through constructor parameter 0; nested exception is org.springframework.beans.factory.BeanCreationException: Error creating bean with name 'jwtTokenProvider': Injection of autowired dependencies failed; nested exception is java.lang.IllegalArgumentException: Could not resolve placeholder 'JWT_SECRET' in value "${JWT_SECRET}"
	at org.springframework.beans.factory.support.ConstructorResolver.createArgumentArray(ConstructorResolver.java:800) ~[spring-beans-5.3.7.jar:5.3.7]
	at org.springframework.beans.factory.support.ConstructorResolver.autowireConstructor(ConstructorResolver.java:229) ~[spring-beans-5.3.7.jar:5.3.7]
	at org.springframework.beans.factory.support.AbstractAutowireCapableBeanFactory.autowireConstructor(AbstractAutowireCapableBeanFactory.java:1354) ~[spring-beans-5.3.7.jar:5.3.7]
	at org.springframework.beans.factory.support.AbstractAutowireCapableBeanFactory.createBeanInstance(AbstractAutowireCapableBeanFactory.java:1204) ~[spring-beans-5.3.7.jar:5.3.7]
	at org.springframework.beans.factory.support.AbstractAutowireCapableBeanFactory.doCreateBean(AbstractAutowireCapableBeanFactory.java:564) ~[spring-beans-5.3.7.jar:5.3.7]
	at org.springframework.beans.factory.support.AbstractAutowireCapableBeanFactory.createBean(AbstractAutowireCapableBeanFactory.java:524) ~[spring-beans-5.3.7.jar:5.3.7]
	at org.springframework.beans.factory.support.AbstractBeanFactory.lambda$doGetBean$0(AbstractBeanFactory.java:335) ~[spring-beans-5.3.7.jar:5.3.7]
	at org.springframework.beans.factory.support.DefaultSingletonBeanRegistry.getSingleton(DefaultSingletonBeanRegistry.java:234) ~[spring-beans-5.3.7.jar:5.3.7]
	at org.springframework.beans.factory.support.AbstractBeanFactory.doGetBean(AbstractBeanFactory.java:333) ~[spring-beans-5.3.7.jar:5.3.7]
	at org.springframework.beans.factory.support.AbstractBeanFactory.getBean(AbstractBeanFactory.java:208) ~[spring-beans-5.3.7.jar:5.3.7]
	at org.springframework.beans.factory.support.DefaultListableBeanFactory.preInstantiateSingletons(DefaultListableBeanFactory.java:944) ~[spring-beans-5.3.7.jar:5.3.7]
	at org.springframework.context.support.AbstractApplicationContext.finishBeanFactoryInitialization(AbstractApplicationContext.java:918) ~[spring-context-5.3.7.jar:5.3.7]
	at org.springframework.context.support.AbstractApplicationContext.refresh(AbstractApplicationContext.java:583) ~[spring-context-5.3.7.jar:5.3.7]
	at org.springframework.boot.SpringApplication.refresh(SpringApplication.java:758) ~[spring-boot-2.5.0.jar:2.5.0]
	at org.springframework.boot.SpringApplication.refreshContext(SpringApplication.java:438) ~[spring-boot-2.5.0.jar:2.5.0]
	at org.springframework.boot.SpringApplication.run(SpringApplication.java:337) ~[spring-boot-2.5.0.jar:2.5.0]
	at org.springframework.boot.test.context.SpringBootContextLoader.loadContext(SpringBootContextLoader.java:123) ~[spring-boot-test-2.5.0.jar:2.5.0]
	at org.springframework.test.context.cache.DefaultCacheAwareContextLoaderDelegate.loadContextInternal(DefaultCacheAwareContextLoaderDelegate.java:99) ~[spring-test-5.3.7.jar:5.3.7]
	at org.springframework.test.context.cache.DefaultCacheAwareContextLoaderDelegate.loadContext(DefaultCacheAwareContextLoaderDelegate.java:124) ~[spring-test-5.3.7.jar:5.3.7]
	at org.springframework.test.context.support.DefaultTestContext.getApplicationContext(DefaultTestContext.java:124) ~[spring-test-5.3.7.jar:5.3.7]
	at org.springframework.test.context.web.ServletTestExecutionListener.setUpRequestContextIfNecessary(ServletTestExecutionListener.java:190) ~[spring-test-5.3.7.jar:5.3.7]
	at org.springframework.test.context.web.ServletTestExecutionListener.prepareTestInstance(ServletTestExecutionListener.java:132) ~[spring-test-5.3.7.jar:5.3.7]
	at org.springframework.test.context.TestContextManager.prepareTestInstance(TestContextManager.java:244) ~[spring-test-5.3.7.jar:5.3.7]
	at org.springframework.test.context.junit.jupiter.SpringExtension.postProcessTestInstance(SpringExtension.java:138) ~[spring-test-5.3.7.jar:5.3.7]
	at org.junit.jupiter.engine.descriptor.ClassBasedTestDescriptor.lambda$invokeTestInstancePostProcessors$6(ClassBasedTestDescriptor.java:350) ~[junit-jupiter-engine-5.7.2.jar:5.7.2]
	at org.junit.jupiter.engine.descriptor.ClassBasedTestDescriptor.executeAndMaskThrowable(ClassBasedTestDescriptor.java:355) ~[junit-jupiter-engine-5.7.2.jar:5.7.2]
	at org.junit.jupiter.engine.descriptor.ClassBasedTestDescriptor.lambda$invokeTestInstancePostProcessors$7(ClassBasedTestDescriptor.java:350) ~[junit-jupiter-engine-5.7.2.jar:5.7.2]
	at java.base/java.util.stream.ReferencePipeline$3$1.accept(ReferencePipeline.java:197) ~[na:na]
	at java.base/java.util.stream.ReferencePipeline$2$1.accept(ReferencePipeline.java:179) ~[na:na]
	at java.base/java.util.ArrayList$ArrayListSpliterator.forEachRemaining(ArrayList.java:1625) ~[na:na]
	at java.base/java.util.stream.AbstractPipeline.copyInto(AbstractPipeline.java:484) ~[na:na]
	at java.base/java.util.stream.AbstractPipeline.wrapAndCopyInto(AbstractPipeline.java:474) ~[na:na]
	at java.base/java.util.stream.StreamSpliterators$WrappingSpliterator.forEachRemaining(StreamSpliterators.java:312) ~[na:na]
	at java.base/java.util.stream.Streams$ConcatSpliterator.forEachRemaining(Streams.java:735) ~[na:na]
	at java.base/java.util.stream.ReferencePipeline$Head.forEach(ReferencePipeline.java:762) ~[na:na]
	at org.junit.jupiter.engine.descriptor.ClassBasedTestDescriptor.invokeTestInstancePostProcessors(ClassBasedTestDescriptor.java:349) ~[junit-jupiter-engine-5.7.2.jar:5.7.2]
	at org.junit.jupiter.engine.descriptor.ClassBasedTestDescriptor.lambda$instantiateAndPostProcessTestInstance$4(ClassBasedTestDescriptor.java:270) ~[junit-jupiter-engine-5.7.2.jar:5.7.2]
	at org.junit.platform.engine.support.hierarchical.ThrowableCollector.execute(ThrowableCollector.java:73) ~[junit-platform-engine-1.7.2.jar:1.7.2]
	at org.junit.jupiter.engine.descriptor.ClassBasedTestDescriptor.instantiateAndPostProcessTestInstance(ClassBasedTestDescriptor.java:269) ~[junit-jupiter-engine-5.7.2.jar:5.7.2]
	at org.junit.jupiter.engine.descriptor.ClassBasedTestDescriptor.lambda$testInstancesProvider$2(ClassBasedTestDescriptor.java:259) ~[junit-jupiter-engine-5.7.2.jar:5.7.2]
	at java.base/java.util.Optional.orElseGet(Optional.java:364) ~[na:na]
	at org.junit.jupiter.engine.descriptor.ClassBasedTestDescriptor.lambda$testInstancesProvider$3(ClassBasedTestDescriptor.java:258) ~[junit-jupiter-engine-5.7.2.jar:5.7.2]
	at org.junit.jupiter.engine.execution.TestInstancesProvider.getTestInstances(TestInstancesProvider.java:31) ~[junit-jupiter-engine-5.7.2.jar:5.7.2]
	at org.junit.jupiter.engine.descriptor.ClassBasedTestDescriptor.lambda$before$0(ClassBasedTestDescriptor.java:184) ~[junit-jupiter-engine-5.7.2.jar:5.7.2]
	at org.junit.platform.engine.support.hierarchical.ThrowableCollector.execute(ThrowableCollector.java:73) ~[junit-platform-engine-1.7.2.jar:1.7.2]
	at org.junit.jupiter.engine.descriptor.ClassBasedTestDescriptor.before(ClassBasedTestDescriptor.java:183) ~[junit-jupiter-engine-5.7.2.jar:5.7.2]
	at org.junit.jupiter.engine.descriptor.ClassBasedTestDescriptor.before(ClassBasedTestDescriptor.java:78) ~[junit-jupiter-engine-5.7.2.jar:5.7.2]
	at org.junit.platform.engine.support.hierarchical.NodeTestTask.lambda$executeRecursively$5(NodeTestTask.java:136) ~[junit-platform-engine-1.7.2.jar:1.7.2]
	at org.junit.platform.engine.support.hierarchical.ThrowableCollector.execute(ThrowableCollector.java:73) ~[junit-platform-engine-1.7.2.jar:1.7.2]
	at org.junit.platform.engine.support.hierarchical.NodeTestTask.lambda$executeRecursively$7(NodeTestTask.java:129) ~[junit-platform-engine-1.7.2.jar:1.7.2]
	at org.junit.platform.engine.support.hierarchical.Node.around(Node.java:137) ~[junit-platform-engine-1.7.2.jar:1.7.2]
	at org.junit.platform.engine.support.hierarchical.NodeTestTask.lambda$executeRecursively$8(NodeTestTask.java:127) ~[junit-platform-engine-1.7.2.jar:1.7.2]
	at org.junit.platform.engine.support.hierarchical.ThrowableCollector.execute(ThrowableCollector.java:73) ~[junit-platform-engine-1.7.2.jar:1.7.2]
	at org.junit.platform.engine.support.hierarchical.NodeTestTask.executeRecursively(NodeTestTask.java:126) ~[junit-platform-engine-1.7.2.jar:1.7.2]
	at org.junit.platform.engine.support.hierarchical.NodeTestTask.execute(NodeTestTask.java:84) ~[junit-platform-engine-1.7.2.jar:1.7.2]
	at java.base/java.util.ArrayList.forEach(ArrayList.java:1511) ~[na:na]
	at org.junit.platform.engine.support.hierarchical.SameThreadHierarchicalTestExecutorService.invokeAll(SameThreadHierarchicalTestExecutorService.java:38) ~[junit-platform-engine-1.7.2.jar:1.7.2]
	at org.junit.platform.engine.support.hierarchical.NodeTestTask.lambda$executeRecursively$5(NodeTestTask.java:143) ~[junit-platform-engine-1.7.2.jar:1.7.2]
	at org.junit.platform.engine.support.hierarchical.ThrowableCollector.execute(ThrowableCollector.java:73) ~[junit-platform-engine-1.7.2.jar:1.7.2]
	at org.junit.platform.engine.support.hierarchical.NodeTestTask.lambda$executeRecursively$7(NodeTestTask.java:129) ~[junit-platform-engine-1.7.2.jar:1.7.2]
	at org.junit.platform.engine.support.hierarchical.Node.around(Node.java:137) ~[junit-platform-engine-1.7.2.jar:1.7.2]
	at org.junit.platform.engine.support.hierarchical.NodeTestTask.lambda$executeRecursively$8(NodeTestTask.java:127) ~[junit-platform-engine-1.7.2.jar:1.7.2]
	at org.junit.platform.engine.support.hierarchical.ThrowableCollector.execute(ThrowableCollector.java:73) ~[junit-platform-engine-1.7.2.jar:1.7.2]
	at org.junit.platform.engine.support.hierarchical.NodeTestTask.executeRecursively(NodeTestTask.java:126) ~[junit-platform-engine-1.7.2.jar:1.7.2]
	at org.junit.platform.engine.support.hierarchical.NodeTestTask.execute(NodeTestTask.java:84) ~[junit-platform-engine-1.7.2.jar:1.7.2]
	at org.junit.platform.engine.support.hierarchical.SameThreadHierarchicalTestExecutorService.submit(SameThreadHierarchicalTestExecutorService.java:32) ~[junit-platform-engine-1.7.2.jar:1.7.2]
	at org.junit.platform.engine.support.hierarchical.HierarchicalTestExecutor.execute(HierarchicalTestExecutor.java:57) ~[junit-platform-engine-1.7.2.jar:1.7.2]
	at org.junit.platform.engine.support.hierarchical.HierarchicalTestEngine.execute(HierarchicalTestEngine.java:51) ~[junit-platform-engine-1.7.2.jar:1.7.2]
	at org.junit.platform.launcher.core.DefaultLauncher.execute(DefaultLauncher.java:220) ~[junit-platform-launcher-1.3.1.jar:1.3.1]
	at org.junit.platform.launcher.core.DefaultLauncher.lambda$execute$6(DefaultLauncher.java:188) ~[junit-platform-launcher-1.3.1.jar:1.3.1]
	at org.junit.platform.launcher.core.DefaultLauncher.withInterceptedStreams(DefaultLauncher.java:202) ~[junit-platform-launcher-1.3.1.jar:1.3.1]
	at org.junit.platform.launcher.core.DefaultLauncher.execute(DefaultLauncher.java:181) ~[junit-platform-launcher-1.3.1.jar:1.3.1]
	at org.junit.platform.launcher.core.DefaultLauncher.execute(DefaultLauncher.java:128) ~[junit-platform-launcher-1.3.1.jar:1.3.1]
	at org.apache.maven.surefire.junitplatform.JUnitPlatformProvider.invokeAllTests(JUnitPlatformProvider.java:150) ~[surefire-junit-platform-2.22.2.jar:2.22.2]
	at org.apache.maven.surefire.junitplatform.JUnitPlatformProvider.invoke(JUnitPlatformProvider.java:124) ~[surefire-junit-platform-2.22.2.jar:2.22.2]
	at org.apache.maven.surefire.booter.ForkedBooter.invokeProviderInSameClassLoader(ForkedBooter.java:384) ~[surefire-booter-2.22.2.jar:2.22.2]
	at org.apache.maven.surefire.booter.ForkedBooter.runSuitesInProcess(ForkedBooter.java:345) ~[surefire-booter-2.22.2.jar:2.22.2]
	at org.apache.maven.surefire.booter.ForkedBooter.execute(ForkedBooter.java:126) ~[surefire-booter-2.22.2.jar:2.22.2]
	at org.apache.maven.surefire.booter.ForkedBooter.main(ForkedBooter.java:418) ~[surefire-booter-2.22.2.jar:2.22.2]
Caused by: org.springframework.beans.factory.BeanCreationException: Error creating bean with name 'mockMvc' defined in class path resource [org/springframework/boot/test/autoconfigure/web/servlet/MockMvcAutoConfiguration.class]: Bean instantiation via factory method failed; nested exception is org.springframework.beans.BeanInstantiationException: Failed to instantiate [org.springframework.test.web.servlet.MockMvc]: Factory method 'mockMvc' threw exception; nested exception is org.springframework.beans.factory.UnsatisfiedDependencyException: Error creating bean with name 'org.springframework.boot.autoconfigure.web.servlet.WebMvcAutoConfiguration$EnableWebMvcConfiguration': Unsatisfied dependency expressed through method 'setConfigurers' parameter 0; nested exception is org.springframework.beans.factory.UnsatisfiedDependencyException: Error creating bean with name 'securityConfig' defined in file [C:\Users\java_basics\ComandDiplom\socnet\target\classes\ru\skillbox\team13\config\SecurityConfig.class]: Unsatisfied dependency expressed through constructor parameter 0; nested exception is org.springframework.beans.factory.BeanCreationException: Error creating bean with name 'jwtTokenProvider': Injection of autowired dependencies failed; nested exception is java.lang.IllegalArgumentException: Could not resolve placeholder 'JWT_SECRET' in value "${JWT_SECRET}"
	at org.springframework.beans.factory.support.ConstructorResolver.instantiate(ConstructorResolver.java:658) ~[spring-beans-5.3.7.jar:5.3.7]
	at org.springframework.beans.factory.support.ConstructorResolver.instantiateUsingFactoryMethod(ConstructorResolver.java:638) ~[spring-beans-5.3.7.jar:5.3.7]
	at org.springframework.beans.factory.support.AbstractAutowireCapableBeanFactory.instantiateUsingFactoryMethod(AbstractAutowireCapableBeanFactory.java:1334) ~[spring-beans-5.3.7.jar:5.3.7]
	at org.springframework.beans.factory.support.AbstractAutowireCapableBeanFactory.createBeanInstance(AbstractAutowireCapableBeanFactory.java:1177) ~[spring-beans-5.3.7.jar:5.3.7]
	at org.springframework.beans.factory.support.AbstractAutowireCapableBeanFactory.doCreateBean(AbstractAutowireCapableBeanFactory.java:564) ~[spring-beans-5.3.7.jar:5.3.7]
	at org.springframework.beans.factory.support.AbstractAutowireCapableBeanFactory.createBean(AbstractAutowireCapableBeanFactory.java:524) ~[spring-beans-5.3.7.jar:5.3.7]
	at org.springframework.beans.factory.support.AbstractBeanFactory.lambda$doGetBean$0(AbstractBeanFactory.java:335) ~[spring-beans-5.3.7.jar:5.3.7]
	at org.springframework.beans.factory.support.DefaultSingletonBeanRegistry.getSingleton(DefaultSingletonBeanRegistry.java:234) ~[spring-beans-5.3.7.jar:5.3.7]
	at org.springframework.beans.factory.support.AbstractBeanFactory.doGetBean(AbstractBeanFactory.java:333) ~[spring-beans-5.3.7.jar:5.3.7]
	at org.springframework.beans.factory.support.AbstractBeanFactory.getBean(AbstractBeanFactory.java:208) ~[spring-beans-5.3.7.jar:5.3.7]
	at org.springframework.beans.factory.config.DependencyDescriptor.resolveCandidate(DependencyDescriptor.java:276) ~[spring-beans-5.3.7.jar:5.3.7]
	at org.springframework.beans.factory.support.DefaultListableBeanFactory.doResolveDependency(DefaultListableBeanFactory.java:1380) ~[spring-beans-5.3.7.jar:5.3.7]
	at org.springframework.beans.factory.support.DefaultListableBeanFactory.resolveDependency(DefaultListableBeanFactory.java:1300) ~[spring-beans-5.3.7.jar:5.3.7]
	at org.springframework.beans.factory.support.ConstructorResolver.resolveAutowiredArgument(ConstructorResolver.java:887) ~[spring-beans-5.3.7.jar:5.3.7]
	at org.springframework.beans.factory.support.ConstructorResolver.createArgumentArray(ConstructorResolver.java:791) ~[spring-beans-5.3.7.jar:5.3.7]
	... 78 common frames omitted
Caused by: org.springframework.beans.BeanInstantiationException: Failed to instantiate [org.springframework.test.web.servlet.MockMvc]: Factory method 'mockMvc' threw exception; nested exception is org.springframework.beans.factory.UnsatisfiedDependencyException: Error creating bean with name 'org.springframework.boot.autoconfigure.web.servlet.WebMvcAutoConfiguration$EnableWebMvcConfiguration': Unsatisfied dependency expressed through method 'setConfigurers' parameter 0; nested exception is org.springframework.beans.factory.UnsatisfiedDependencyException: Error creating bean with name 'securityConfig' defined in file [C:\Users\java_basics\ComandDiplom\socnet\target\classes\ru\skillbox\team13\config\SecurityConfig.class]: Unsatisfied dependency expressed through constructor parameter 0; nested exception is org.springframework.beans.factory.BeanCreationException: Error creating bean with name 'jwtTokenProvider': Injection of autowired dependencies failed; nested exception is java.lang.IllegalArgumentException: Could not resolve placeholder 'JWT_SECRET' in value "${JWT_SECRET}"
	at org.springframework.beans.factory.support.SimpleInstantiationStrategy.instantiate(SimpleInstantiationStrategy.java:185) ~[spring-beans-5.3.7.jar:5.3.7]
	at org.springframework.beans.factory.support.ConstructorResolver.instantiate(ConstructorResolver.java:653) ~[spring-beans-5.3.7.jar:5.3.7]
	... 92 common frames omitted
Caused by: org.springframework.beans.factory.UnsatisfiedDependencyException: Error creating bean with name 'org.springframework.boot.autoconfigure.web.servlet.WebMvcAutoConfiguration$EnableWebMvcConfiguration': Unsatisfied dependency expressed through method 'setConfigurers' parameter 0; nested exception is org.springframework.beans.factory.UnsatisfiedDependencyException: Error creating bean with name 'securityConfig' defined in file [C:\Users\java_basics\ComandDiplom\socnet\target\classes\ru\skillbox\team13\config\SecurityConfig.class]: Unsatisfied dependency expressed through constructor parameter 0; nested exception is org.springframework.beans.factory.BeanCreationException: Error creating bean with name 'jwtTokenProvider': Injection of autowired dependencies failed; nested exception is java.lang.IllegalArgumentException: Could not resolve placeholder 'JWT_SECRET' in value "${JWT_SECRET}"
	at org.springframework.beans.factory.annotation.AutowiredAnnotationBeanPostProcessor$AutowiredMethodElement.resolveMethodArguments(AutowiredAnnotationBeanPostProcessor.java:768) ~[spring-beans-5.3.7.jar:5.3.7]
	at org.springframework.beans.factory.annotation.AutowiredAnnotationBeanPostProcessor$AutowiredMethodElement.inject(AutowiredAnnotationBeanPostProcessor.java:720) ~[spring-beans-5.3.7.jar:5.3.7]
	at org.springframework.beans.factory.annotation.InjectionMetadata.inject(InjectionMetadata.java:119) ~[spring-beans-5.3.7.jar:5.3.7]
	at org.springframework.beans.factory.annotation.AutowiredAnnotationBeanPostProcessor.postProcessProperties(AutowiredAnnotationBeanPostProcessor.java:399) ~[spring-beans-5.3.7.jar:5.3.7]
	at org.springframework.beans.factory.support.AbstractAutowireCapableBeanFactory.populateBean(AbstractAutowireCapableBeanFactory.java:1413) ~[spring-beans-5.3.7.jar:5.3.7]
	at org.springframework.beans.factory.support.AbstractAutowireCapableBeanFactory.doCreateBean(AbstractAutowireCapableBeanFactory.java:601) ~[spring-beans-5.3.7.jar:5.3.7]
	at org.springframework.beans.factory.support.AbstractAutowireCapableBeanFactory.createBean(AbstractAutowireCapableBeanFactory.java:524) ~[spring-beans-5.3.7.jar:5.3.7]
	at org.springframework.beans.factory.support.AbstractBeanFactory.lambda$doGetBean$0(AbstractBeanFactory.java:335) ~[spring-beans-5.3.7.jar:5.3.7]
	at org.springframework.beans.factory.support.DefaultSingletonBeanRegistry.getSingleton(DefaultSingletonBeanRegistry.java:234) ~[spring-beans-5.3.7.jar:5.3.7]
	at org.springframework.beans.factory.support.AbstractBeanFactory.doGetBean(AbstractBeanFactory.java:333) ~[spring-beans-5.3.7.jar:5.3.7]
	at org.springframework.beans.factory.support.AbstractBeanFactory.getBean(AbstractBeanFactory.java:208) ~[spring-beans-5.3.7.jar:5.3.7]
	at org.springframework.beans.factory.support.ConstructorResolver.instantiateUsingFactoryMethod(ConstructorResolver.java:410) ~[spring-beans-5.3.7.jar:5.3.7]
	at org.springframework.beans.factory.support.AbstractAutowireCapableBeanFactory.instantiateUsingFactoryMethod(AbstractAutowireCapableBeanFactory.java:1334) ~[spring-beans-5.3.7.jar:5.3.7]
	at org.springframework.beans.factory.support.AbstractAutowireCapableBeanFactory.createBeanInstance(AbstractAutowireCapableBeanFactory.java:1177) ~[spring-beans-5.3.7.jar:5.3.7]
	at org.springframework.beans.factory.support.AbstractAutowireCapableBeanFactory.doCreateBean(AbstractAutowireCapableBeanFactory.java:564) ~[spring-beans-5.3.7.jar:5.3.7]
	at org.springframework.beans.factory.support.AbstractAutowireCapableBeanFactory.createBean(AbstractAutowireCapableBeanFactory.java:524) ~[spring-beans-5.3.7.jar:5.3.7]
	at org.springframework.beans.factory.support.AbstractBeanFactory.lambda$doGetBean$0(AbstractBeanFactory.java:335) ~[spring-beans-5.3.7.jar:5.3.7]
	at org.springframework.beans.factory.support.DefaultSingletonBeanRegistry.getSingleton(DefaultSingletonBeanRegistry.java:234) ~[spring-beans-5.3.7.jar:5.3.7]
	at org.springframework.beans.factory.support.AbstractBeanFactory.doGetBean(AbstractBeanFactory.java:333) ~[spring-beans-5.3.7.jar:5.3.7]
	at org.springframework.beans.factory.support.AbstractBeanFactory.getBean(AbstractBeanFactory.java:213) ~[spring-beans-5.3.7.jar:5.3.7]
	at org.springframework.context.support.AbstractApplicationContext.getBean(AbstractApplicationContext.java:1160) ~[spring-context-5.3.7.jar:5.3.7]
	at org.springframework.web.servlet.DispatcherServlet.initLocaleResolver(DispatcherServlet.java:539) ~[spring-webmvc-5.3.7.jar:5.3.7]
	at org.springframework.web.servlet.DispatcherServlet.initStrategies(DispatcherServlet.java:498) ~[spring-webmvc-5.3.7.jar:5.3.7]
	at org.springframework.web.servlet.DispatcherServlet.onRefresh(DispatcherServlet.java:489) ~[spring-webmvc-5.3.7.jar:5.3.7]
	at org.springframework.web.servlet.FrameworkServlet.initWebApplicationContext(FrameworkServlet.java:599) ~[spring-webmvc-5.3.7.jar:5.3.7]
	at org.springframework.web.servlet.FrameworkServlet.initServletBean(FrameworkServlet.java:530) ~[spring-webmvc-5.3.7.jar:5.3.7]
	at org.springframework.web.servlet.HttpServletBean.init(HttpServletBean.java:170) ~[spring-webmvc-5.3.7.jar:5.3.7]
	at javax.servlet.GenericServlet.init(GenericServlet.java:158) ~[tomcat-embed-core-9.0.46.jar:4.0.FR]
	at org.springframework.test.web.servlet.MockMvcBuilderSupport.createMockMvc(MockMvcBuilderSupport.java:56) ~[spring-test-5.3.7.jar:5.3.7]
	at org.springframework.test.web.servlet.setup.AbstractMockMvcBuilder.build(AbstractMockMvcBuilder.java:159) ~[spring-test-5.3.7.jar:5.3.7]
	at org.springframework.boot.test.autoconfigure.web.servlet.MockMvcAutoConfiguration.mockMvc(MockMvcAutoConfiguration.java:91) ~[spring-boot-test-autoconfigure-2.5.0.jar:2.5.0]
	at java.base/jdk.internal.reflect.NativeMethodAccessorImpl.invoke0(Native Method) ~[na:na]
	at java.base/jdk.internal.reflect.NativeMethodAccessorImpl.invoke(NativeMethodAccessorImpl.java:78) ~[na:na]
	at java.base/jdk.internal.reflect.DelegatingMethodAccessorImpl.invoke(DelegatingMethodAccessorImpl.java:43) ~[na:na]
	at java.base/java.lang.reflect.Method.invoke(Method.java:567) ~[na:na]
	at org.springframework.beans.factory.support.SimpleInstantiationStrategy.instantiate(SimpleInstantiationStrategy.java:154) ~[spring-beans-5.3.7.jar:5.3.7]
	... 93 common frames omitted
Caused by: org.springframework.beans.factory.UnsatisfiedDependencyException: Error creating bean with name 'securityConfig' defined in file [C:\Users\java_basics\ComandDiplom\socnet\target\classes\ru\skillbox\team13\config\SecurityConfig.class]: Unsatisfied dependency expressed through constructor parameter 0; nested exception is org.springframework.beans.factory.BeanCreationException: Error creating bean with name 'jwtTokenProvider': Injection of autowired dependencies failed; nested exception is java.lang.IllegalArgumentException: Could not resolve placeholder 'JWT_SECRET' in value "${JWT_SECRET}"
	at org.springframework.beans.factory.support.ConstructorResolver.createArgumentArray(ConstructorResolver.java:800) ~[spring-beans-5.3.7.jar:5.3.7]
	at org.springframework.beans.factory.support.ConstructorResolver.autowireConstructor(ConstructorResolver.java:229) ~[spring-beans-5.3.7.jar:5.3.7]
	at org.springframework.beans.factory.support.AbstractAutowireCapableBeanFactory.autowireConstructor(AbstractAutowireCapableBeanFactory.java:1354) ~[spring-beans-5.3.7.jar:5.3.7]
	at org.springframework.beans.factory.support.AbstractAutowireCapableBeanFactory.createBeanInstance(AbstractAutowireCapableBeanFactory.java:1204) ~[spring-beans-5.3.7.jar:5.3.7]
	at org.springframework.beans.factory.support.AbstractAutowireCapableBeanFactory.doCreateBean(AbstractAutowireCapableBeanFactory.java:564) ~[spring-beans-5.3.7.jar:5.3.7]
	at org.springframework.beans.factory.support.AbstractAutowireCapableBeanFactory.createBean(AbstractAutowireCapableBeanFactory.java:524) ~[spring-beans-5.3.7.jar:5.3.7]
	at org.springframework.beans.factory.support.AbstractBeanFactory.lambda$doGetBean$0(AbstractBeanFactory.java:335) ~[spring-beans-5.3.7.jar:5.3.7]
	at org.springframework.beans.factory.support.DefaultSingletonBeanRegistry.getSingleton(DefaultSingletonBeanRegistry.java:234) ~[spring-beans-5.3.7.jar:5.3.7]
	at org.springframework.beans.factory.support.AbstractBeanFactory.doGetBean(AbstractBeanFactory.java:333) ~[spring-beans-5.3.7.jar:5.3.7]
	at org.springframework.beans.factory.support.AbstractBeanFactory.getBean(AbstractBeanFactory.java:208) ~[spring-beans-5.3.7.jar:5.3.7]
	at org.springframework.beans.factory.config.DependencyDescriptor.resolveCandidate(DependencyDescriptor.java:276) ~[spring-beans-5.3.7.jar:5.3.7]
	at org.springframework.beans.factory.support.DefaultListableBeanFactory.addCandidateEntry(DefaultListableBeanFactory.java:1598) ~[spring-beans-5.3.7.jar:5.3.7]
	at org.springframework.beans.factory.support.DefaultListableBeanFactory.findAutowireCandidates(DefaultListableBeanFactory.java:1562) ~[spring-beans-5.3.7.jar:5.3.7]
	at org.springframework.beans.factory.support.DefaultListableBeanFactory.resolveMultipleBeans(DefaultListableBeanFactory.java:1451) ~[spring-beans-5.3.7.jar:5.3.7]
	at org.springframework.beans.factory.support.DefaultListableBeanFactory.doResolveDependency(DefaultListableBeanFactory.java:1338) ~[spring-beans-5.3.7.jar:5.3.7]
	at org.springframework.beans.factory.support.DefaultListableBeanFactory.resolveDependency(DefaultListableBeanFactory.java:1300) ~[spring-beans-5.3.7.jar:5.3.7]
	at org.springframework.beans.factory.annotation.AutowiredAnnotationBeanPostProcessor$AutowiredMethodElement.resolveMethodArguments(AutowiredAnnotationBeanPostProcessor.java:760) ~[spring-beans-5.3.7.jar:5.3.7]
	... 128 common frames omitted
Caused by: org.springframework.beans.factory.BeanCreationException: Error creating bean with name 'jwtTokenProvider': Injection of autowired dependencies failed; nested exception is java.lang.IllegalArgumentException: Could not resolve placeholder 'JWT_SECRET' in value "${JWT_SECRET}"
	at org.springframework.beans.factory.annotation.AutowiredAnnotationBeanPostProcessor.postProcessProperties(AutowiredAnnotationBeanPostProcessor.java:405) ~[spring-beans-5.3.7.jar:5.3.7]
	at org.springframework.beans.factory.support.AbstractAutowireCapableBeanFactory.populateBean(AbstractAutowireCapableBeanFactory.java:1413) ~[spring-beans-5.3.7.jar:5.3.7]
	at org.springframework.beans.factory.support.AbstractAutowireCapableBeanFactory.doCreateBean(AbstractAutowireCapableBeanFactory.java:601) ~[spring-beans-5.3.7.jar:5.3.7]
	at org.springframework.beans.factory.support.AbstractAutowireCapableBeanFactory.createBean(AbstractAutowireCapableBeanFactory.java:524) ~[spring-beans-5.3.7.jar:5.3.7]
	at org.springframework.beans.factory.support.AbstractBeanFactory.lambda$doGetBean$0(AbstractBeanFactory.java:335) ~[spring-beans-5.3.7.jar:5.3.7]
	at org.springframework.beans.factory.support.DefaultSingletonBeanRegistry.getSingleton(DefaultSingletonBeanRegistry.java:234) ~[spring-beans-5.3.7.jar:5.3.7]
	at org.springframework.beans.factory.support.AbstractBeanFactory.doGetBean(AbstractBeanFactory.java:333) ~[spring-beans-5.3.7.jar:5.3.7]
	at org.springframework.beans.factory.support.AbstractBeanFactory.getBean(AbstractBeanFactory.java:208) ~[spring-beans-5.3.7.jar:5.3.7]
	at org.springframework.beans.factory.config.DependencyDescriptor.resolveCandidate(DependencyDescriptor.java:276) ~[spring-beans-5.3.7.jar:5.3.7]
	at org.springframework.beans.factory.support.DefaultListableBeanFactory.doResolveDependency(DefaultListableBeanFactory.java:1380) ~[spring-beans-5.3.7.jar:5.3.7]
	at org.springframework.beans.factory.support.DefaultListableBeanFactory.resolveDependency(DefaultListableBeanFactory.java:1300) ~[spring-beans-5.3.7.jar:5.3.7]
	at org.springframework.beans.factory.support.ConstructorResolver.resolveAutowiredArgument(ConstructorResolver.java:887) ~[spring-beans-5.3.7.jar:5.3.7]
	at org.springframework.beans.factory.support.ConstructorResolver.createArgumentArray(ConstructorResolver.java:791) ~[spring-beans-5.3.7.jar:5.3.7]
	... 144 common frames omitted
Caused by: java.lang.IllegalArgumentException: Could not resolve placeholder 'JWT_SECRET' in value "${JWT_SECRET}"
	at org.springframework.util.PropertyPlaceholderHelper.parseStringValue(PropertyPlaceholderHelper.java:180) ~[spring-core-5.3.7.jar:5.3.7]
	at org.springframework.util.PropertyPlaceholderHelper.replacePlaceholders(PropertyPlaceholderHelper.java:126) ~[spring-core-5.3.7.jar:5.3.7]
	at org.springframework.core.env.AbstractPropertyResolver.doResolvePlaceholders(AbstractPropertyResolver.java:239) ~[spring-core-5.3.7.jar:5.3.7]
	at org.springframework.core.env.AbstractPropertyResolver.resolveRequiredPlaceholders(AbstractPropertyResolver.java:210) ~[spring-core-5.3.7.jar:5.3.7]
	at org.springframework.core.env.AbstractPropertyResolver.resolveNestedPlaceholders(AbstractPropertyResolver.java:230) ~[spring-core-5.3.7.jar:5.3.7]
	at org.springframework.core.env.PropertySourcesPropertyResolver.getProperty(PropertySourcesPropertyResolver.java:88) ~[spring-core-5.3.7.jar:5.3.7]
	at org.springframework.core.env.PropertySourcesPropertyResolver.getProperty(PropertySourcesPropertyResolver.java:62) ~[spring-core-5.3.7.jar:5.3.7]
	at org.springframework.core.env.AbstractEnvironment.getProperty(AbstractEnvironment.java:588) ~[spring-core-5.3.7.jar:5.3.7]
	at org.springframework.context.support.PropertySourcesPlaceholderConfigurer$1.getProperty(PropertySourcesPlaceholderConfigurer.java:137) ~[spring-context-5.3.7.jar:5.3.7]
	at org.springframework.context.support.PropertySourcesPlaceholderConfigurer$1.getProperty(PropertySourcesPlaceholderConfigurer.java:133) ~[spring-context-5.3.7.jar:5.3.7]
	at org.springframework.core.env.PropertySourcesPropertyResolver.getProperty(PropertySourcesPropertyResolver.java:85) ~[spring-core-5.3.7.jar:5.3.7]
	at org.springframework.core.env.PropertySourcesPropertyResolver.getPropertyAsRawString(PropertySourcesPropertyResolver.java:74) ~[spring-core-5.3.7.jar:5.3.7]
	at org.springframework.util.PropertyPlaceholderHelper.parseStringValue(PropertyPlaceholderHelper.java:153) ~[spring-core-5.3.7.jar:5.3.7]
	at org.springframework.util.PropertyPlaceholderHelper.replacePlaceholders(PropertyPlaceholderHelper.java:126) ~[spring-core-5.3.7.jar:5.3.7]
	at org.springframework.core.env.AbstractPropertyResolver.doResolvePlaceholders(AbstractPropertyResolver.java:239) ~[spring-core-5.3.7.jar:5.3.7]
	at org.springframework.core.env.AbstractPropertyResolver.resolveRequiredPlaceholders(AbstractPropertyResolver.java:210) ~[spring-core-5.3.7.jar:5.3.7]
	at org.springframework.context.support.PropertySourcesPlaceholderConfigurer.lambda$processProperties$0(PropertySourcesPlaceholderConfigurer.java:175) ~[spring-context-5.3.7.jar:5.3.7]
	at org.springframework.beans.factory.support.AbstractBeanFactory.resolveEmbeddedValue(AbstractBeanFactory.java:936) ~[spring-beans-5.3.7.jar:5.3.7]
	at org.springframework.beans.factory.support.DefaultListableBeanFactory.doResolveDependency(DefaultListableBeanFactory.java:1321) ~[spring-beans-5.3.7.jar:5.3.7]
	at org.springframework.beans.factory.support.DefaultListableBeanFactory.resolveDependency(DefaultListableBeanFactory.java:1300) ~[spring-beans-5.3.7.jar:5.3.7]
	at org.springframework.beans.factory.annotation.AutowiredAnnotationBeanPostProcessor$AutowiredFieldElement.resolveFieldValue(AutowiredAnnotationBeanPostProcessor.java:657) ~[spring-beans-5.3.7.jar:5.3.7]
	at org.springframework.beans.factory.annotation.AutowiredAnnotationBeanPostProcessor$AutowiredFieldElement.inject(AutowiredAnnotationBeanPostProcessor.java:640) ~[spring-beans-5.3.7.jar:5.3.7]
	at org.springframework.beans.factory.annotation.InjectionMetadata.inject(InjectionMetadata.java:119) ~[spring-beans-5.3.7.jar:5.3.7]
	at org.springframework.beans.factory.annotation.AutowiredAnnotationBeanPostProcessor.postProcessProperties(AutowiredAnnotationBeanPostProcessor.java:399) ~[spring-beans-5.3.7.jar:5.3.7]
	... 156 common frames omitted
02.09-15:49:41.972 &amp#27;[1;31mERROR&amp#27;[0;39m [main] o.s.test.context.TestContextManager: Caught exception while allowing TestExecutionListener [org.springframework.test.context.web.ServletTestExecutionListener@16a89351] to prepare test instance [ru.skillbox.team13.legacy.controller_integration.PlatformControllerTest@78b20c7f] 
java.lang.IllegalStateException: Failed to load ApplicationContext
	at org.springframework.test.context.cache.DefaultCacheAwareContextLoaderDelegate.loadContext(DefaultCacheAwareContextLoaderDelegate.java:132) ~[spring-test-5.3.7.jar:5.3.7]
	at org.springframework.test.context.support.DefaultTestContext.getApplicationContext(DefaultTestContext.java:124) ~[spring-test-5.3.7.jar:5.3.7]
	at org.springframework.test.context.web.ServletTestExecutionListener.setUpRequestContextIfNecessary(ServletTestExecutionListener.java:190) ~[spring-test-5.3.7.jar:5.3.7]
	at org.springframework.test.context.web.ServletTestExecutionListener.prepareTestInstance(ServletTestExecutionListener.java:132) ~[spring-test-5.3.7.jar:5.3.7]
	at org.springframework.test.context.TestContextManager.prepareTestInstance(TestContextManager.java:244) ~[spring-test-5.3.7.jar:5.3.7]
	at org.springframework.test.context.junit.jupiter.SpringExtension.postProcessTestInstance(SpringExtension.java:138) ~[spring-test-5.3.7.jar:5.3.7]
	at org.junit.jupiter.engine.descriptor.ClassBasedTestDescriptor.lambda$invokeTestInstancePostProcessors$6(ClassBasedTestDescriptor.java:350) ~[junit-jupiter-engine-5.7.2.jar:5.7.2]
	at org.junit.jupiter.engine.descriptor.ClassBasedTestDescriptor.executeAndMaskThrowable(ClassBasedTestDescriptor.java:355) ~[junit-jupiter-engine-5.7.2.jar:5.7.2]
	at org.junit.jupiter.engine.descriptor.ClassBasedTestDescriptor.lambda$invokeTestInstancePostProcessors$7(ClassBasedTestDescriptor.java:350) ~[junit-jupiter-engine-5.7.2.jar:5.7.2]
	at java.base/java.util.stream.ReferencePipeline$3$1.accept(ReferencePipeline.java:197) ~[na:na]
	at java.base/java.util.stream.ReferencePipeline$2$1.accept(ReferencePipeline.java:179) ~[na:na]
	at java.base/java.util.ArrayList$ArrayListSpliterator.forEachRemaining(ArrayList.java:1625) ~[na:na]
	at java.base/java.util.stream.AbstractPipeline.copyInto(AbstractPipeline.java:484) ~[na:na]
	at java.base/java.util.stream.AbstractPipeline.wrapAndCopyInto(AbstractPipeline.java:474) ~[na:na]
	at java.base/java.util.stream.StreamSpliterators$WrappingSpliterator.forEachRemaining(StreamSpliterators.java:312) ~[na:na]
	at java.base/java.util.stream.Streams$ConcatSpliterator.forEachRemaining(Streams.java:735) ~[na:na]
	at java.base/java.util.stream.ReferencePipeline$Head.forEach(ReferencePipeline.java:762) ~[na:na]
	at org.junit.jupiter.engine.descriptor.ClassBasedTestDescriptor.invokeTestInstancePostProcessors(ClassBasedTestDescriptor.java:349) ~[junit-jupiter-engine-5.7.2.jar:5.7.2]
	at org.junit.jupiter.engine.descriptor.ClassBasedTestDescriptor.lambda$instantiateAndPostProcessTestInstance$4(ClassBasedTestDescriptor.java:270) ~[junit-jupiter-engine-5.7.2.jar:5.7.2]
	at org.junit.platform.engine.support.hierarchical.ThrowableCollector.execute(ThrowableCollector.java:73) ~[junit-platform-engine-1.7.2.jar:1.7.2]
	at org.junit.jupiter.engine.descriptor.ClassBasedTestDescriptor.instantiateAndPostProcessTestInstance(ClassBasedTestDescriptor.java:269) ~[junit-jupiter-engine-5.7.2.jar:5.7.2]
	at org.junit.jupiter.engine.descriptor.ClassBasedTestDescriptor.lambda$testInstancesProvider$2(ClassBasedTestDescriptor.java:259) ~[junit-jupiter-engine-5.7.2.jar:5.7.2]
	at java.base/java.util.Optional.orElseGet(Optional.java:364) ~[na:na]
	at org.junit.jupiter.engine.descriptor.ClassBasedTestDescriptor.lambda$testInstancesProvider$3(ClassBasedTestDescriptor.java:258) ~[junit-jupiter-engine-5.7.2.jar:5.7.2]
	at org.junit.jupiter.engine.execution.TestInstancesProvider.getTestInstances(TestInstancesProvider.java:31) ~[junit-jupiter-engine-5.7.2.jar:5.7.2]
	at org.junit.jupiter.engine.descriptor.ClassBasedTestDescriptor.lambda$before$0(ClassBasedTestDescriptor.java:184) ~[junit-jupiter-engine-5.7.2.jar:5.7.2]
	at org.junit.platform.engine.support.hierarchical.ThrowableCollector.execute(ThrowableCollector.java:73) ~[junit-platform-engine-1.7.2.jar:1.7.2]
	at org.junit.jupiter.engine.descriptor.ClassBasedTestDescriptor.before(ClassBasedTestDescriptor.java:183) ~[junit-jupiter-engine-5.7.2.jar:5.7.2]
	at org.junit.jupiter.engine.descriptor.ClassBasedTestDescriptor.before(ClassBasedTestDescriptor.java:78) ~[junit-jupiter-engine-5.7.2.jar:5.7.2]
	at org.junit.platform.engine.support.hierarchical.NodeTestTask.lambda$executeRecursively$5(NodeTestTask.java:136) ~[junit-platform-engine-1.7.2.jar:1.7.2]
	at org.junit.platform.engine.support.hierarchical.ThrowableCollector.execute(ThrowableCollector.java:73) ~[junit-platform-engine-1.7.2.jar:1.7.2]
	at org.junit.platform.engine.support.hierarchical.NodeTestTask.lambda$executeRecursively$7(NodeTestTask.java:129) ~[junit-platform-engine-1.7.2.jar:1.7.2]
	at org.junit.platform.engine.support.hierarchical.Node.around(Node.java:137) ~[junit-platform-engine-1.7.2.jar:1.7.2]
	at org.junit.platform.engine.support.hierarchical.NodeTestTask.lambda$executeRecursively$8(NodeTestTask.java:127) ~[junit-platform-engine-1.7.2.jar:1.7.2]
	at org.junit.platform.engine.support.hierarchical.ThrowableCollector.execute(ThrowableCollector.java:73) ~[junit-platform-engine-1.7.2.jar:1.7.2]
	at org.junit.platform.engine.support.hierarchical.NodeTestTask.executeRecursively(NodeTestTask.java:126) ~[junit-platform-engine-1.7.2.jar:1.7.2]
	at org.junit.platform.engine.support.hierarchical.NodeTestTask.execute(NodeTestTask.java:84) ~[junit-platform-engine-1.7.2.jar:1.7.2]
	at java.base/java.util.ArrayList.forEach(ArrayList.java:1511) ~[na:na]
	at org.junit.platform.engine.support.hierarchical.SameThreadHierarchicalTestExecutorService.invokeAll(SameThreadHierarchicalTestExecutorService.java:38) ~[junit-platform-engine-1.7.2.jar:1.7.2]
	at org.junit.platform.engine.support.hierarchical.NodeTestTask.lambda$executeRecursively$5(NodeTestTask.java:143) ~[junit-platform-engine-1.7.2.jar:1.7.2]
	at org.junit.platform.engine.support.hierarchical.ThrowableCollector.execute(ThrowableCollector.java:73) ~[junit-platform-engine-1.7.2.jar:1.7.2]
	at org.junit.platform.engine.support.hierarchical.NodeTestTask.lambda$executeRecursively$7(NodeTestTask.java:129) ~[junit-platform-engine-1.7.2.jar:1.7.2]
	at org.junit.platform.engine.support.hierarchical.Node.around(Node.java:137) ~[junit-platform-engine-1.7.2.jar:1.7.2]
	at org.junit.platform.engine.support.hierarchical.NodeTestTask.lambda$executeRecursively$8(NodeTestTask.java:127) ~[junit-platform-engine-1.7.2.jar:1.7.2]
	at org.junit.platform.engine.support.hierarchical.ThrowableCollector.execute(ThrowableCollector.java:73) ~[junit-platform-engine-1.7.2.jar:1.7.2]
	at org.junit.platform.engine.support.hierarchical.NodeTestTask.executeRecursively(NodeTestTask.java:126) ~[junit-platform-engine-1.7.2.jar:1.7.2]
	at org.junit.platform.engine.support.hierarchical.NodeTestTask.execute(NodeTestTask.java:84) ~[junit-platform-engine-1.7.2.jar:1.7.2]
	at org.junit.platform.engine.support.hierarchical.SameThreadHierarchicalTestExecutorService.submit(SameThreadHierarchicalTestExecutorService.java:32) ~[junit-platform-engine-1.7.2.jar:1.7.2]
	at org.junit.platform.engine.support.hierarchical.HierarchicalTestExecutor.execute(HierarchicalTestExecutor.java:57) ~[junit-platform-engine-1.7.2.jar:1.7.2]
	at org.junit.platform.engine.support.hierarchical.HierarchicalTestEngine.execute(HierarchicalTestEngine.java:51) ~[junit-platform-engine-1.7.2.jar:1.7.2]
	at org.junit.platform.launcher.core.DefaultLauncher.execute(DefaultLauncher.java:220) ~[junit-platform-launcher-1.3.1.jar:1.3.1]
	at org.junit.platform.launcher.core.DefaultLauncher.lambda$execute$6(DefaultLauncher.java:188) ~[junit-platform-launcher-1.3.1.jar:1.3.1]
	at org.junit.platform.launcher.core.DefaultLauncher.withInterceptedStreams(DefaultLauncher.java:202) ~[junit-platform-launcher-1.3.1.jar:1.3.1]
	at org.junit.platform.launcher.core.DefaultLauncher.execute(DefaultLauncher.java:181) ~[junit-platform-launcher-1.3.1.jar:1.3.1]
	at org.junit.platform.launcher.core.DefaultLauncher.execute(DefaultLauncher.java:128) ~[junit-platform-launcher-1.3.1.jar:1.3.1]
	at org.apache.maven.surefire.junitplatform.JUnitPlatformProvider.invokeAllTests(JUnitPlatformProvider.java:150) ~[surefire-junit-platform-2.22.2.jar:2.22.2]
	at org.apache.maven.surefire.junitplatform.JUnitPlatformProvider.invoke(JUnitPlatformProvider.java:124) ~[surefire-junit-platform-2.22.2.jar:2.22.2]
	at org.apache.maven.surefire.booter.ForkedBooter.invokeProviderInSameClassLoader(ForkedBooter.java:384) ~[surefire-booter-2.22.2.jar:2.22.2]
	at org.apache.maven.surefire.booter.ForkedBooter.runSuitesInProcess(ForkedBooter.java:345) ~[surefire-booter-2.22.2.jar:2.22.2]
	at org.apache.maven.surefire.booter.ForkedBooter.execute(ForkedBooter.java:126) ~[surefire-booter-2.22.2.jar:2.22.2]
	at org.apache.maven.surefire.booter.ForkedBooter.main(ForkedBooter.java:418) ~[surefire-booter-2.22.2.jar:2.22.2]
Caused by: org.springframework.beans.factory.UnsatisfiedDependencyException: Error creating bean with name 'requestService' defined in file [C:\Users\java_basics\ComandDiplom\socnet\target\test-classes\ru\skillbox\team13\test_util\RequestService.class]: Unsatisfied dependency expressed through constructor parameter 0; nested exception is org.springframework.beans.factory.BeanCreationException: Error creating bean with name 'mockMvc' defined in class path resource [org/springframework/boot/test/autoconfigure/web/servlet/MockMvcAutoConfiguration.class]: Bean instantiation via factory method failed; nested exception is org.springframework.beans.BeanInstantiationException: Failed to instantiate [org.springframework.test.web.servlet.MockMvc]: Factory method 'mockMvc' threw exception; nested exception is org.springframework.beans.factory.UnsatisfiedDependencyException: Error creating bean with name 'org.springframework.boot.autoconfigure.web.servlet.WebMvcAutoConfiguration$EnableWebMvcConfiguration': Unsatisfied dependency expressed through method 'setConfigurers' parameter 0; nested exception is org.springframework.beans.factory.UnsatisfiedDependencyException: Error creating bean with name 'securityConfig' defined in file [C:\Users\java_basics\ComandDiplom\socnet\target\classes\ru\skillbox\team13\config\SecurityConfig.class]: Unsatisfied dependency expressed through constructor parameter 0; nested exception is org.springframework.beans.factory.BeanCreationException: Error creating bean with name 'jwtTokenProvider': Injection of autowired dependencies failed; nested exception is java.lang.IllegalArgumentException: Could not resolve placeholder 'JWT_SECRET' in value "${JWT_SECRET}"
	at org.springframework.beans.factory.support.ConstructorResolver.createArgumentArray(ConstructorResolver.java:800) ~[spring-beans-5.3.7.jar:5.3.7]
	at org.springframework.beans.factory.support.ConstructorResolver.autowireConstructor(ConstructorResolver.java:229) ~[spring-beans-5.3.7.jar:5.3.7]
	at org.springframework.beans.factory.support.AbstractAutowireCapableBeanFactory.autowireConstructor(AbstractAutowireCapableBeanFactory.java:1354) ~[spring-beans-5.3.7.jar:5.3.7]
	at org.springframework.beans.factory.support.AbstractAutowireCapableBeanFactory.createBeanInstance(AbstractAutowireCapableBeanFactory.java:1204) ~[spring-beans-5.3.7.jar:5.3.7]
	at org.springframework.beans.factory.support.AbstractAutowireCapableBeanFactory.doCreateBean(AbstractAutowireCapableBeanFactory.java:564) ~[spring-beans-5.3.7.jar:5.3.7]
	at org.springframework.beans.factory.support.AbstractAutowireCapableBeanFactory.createBean(AbstractAutowireCapableBeanFactory.java:524) ~[spring-beans-5.3.7.jar:5.3.7]
	at org.springframework.beans.factory.support.AbstractBeanFactory.lambda$doGetBean$0(AbstractBeanFactory.java:335) ~[spring-beans-5.3.7.jar:5.3.7]
	at org.springframework.beans.factory.support.DefaultSingletonBeanRegistry.getSingleton(DefaultSingletonBeanRegistry.java:234) ~[spring-beans-5.3.7.jar:5.3.7]
	at org.springframework.beans.factory.support.AbstractBeanFactory.doGetBean(AbstractBeanFactory.java:333) ~[spring-beans-5.3.7.jar:5.3.7]
	at org.springframework.beans.factory.support.AbstractBeanFactory.getBean(AbstractBeanFactory.java:208) ~[spring-beans-5.3.7.jar:5.3.7]
	at org.springframework.beans.factory.support.DefaultListableBeanFactory.preInstantiateSingletons(DefaultListableBeanFactory.java:944) ~[spring-beans-5.3.7.jar:5.3.7]
	at org.springframework.context.support.AbstractApplicationContext.finishBeanFactoryInitialization(AbstractApplicationContext.java:918) ~[spring-context-5.3.7.jar:5.3.7]
	at org.springframework.context.support.AbstractApplicationContext.refresh(AbstractApplicationContext.java:583) ~[spring-context-5.3.7.jar:5.3.7]
	at org.springframework.boot.SpringApplication.refresh(SpringApplication.java:758) ~[spring-boot-2.5.0.jar:2.5.0]
	at org.springframework.boot.SpringApplication.refreshContext(SpringApplication.java:438) ~[spring-boot-2.5.0.jar:2.5.0]
	at org.springframework.boot.SpringApplication.run(SpringApplication.java:337) ~[spring-boot-2.5.0.jar:2.5.0]
	at org.springframework.boot.test.context.SpringBootContextLoader.loadContext(SpringBootContextLoader.java:123) ~[spring-boot-test-2.5.0.jar:2.5.0]
	at org.springframework.test.context.cache.DefaultCacheAwareContextLoaderDelegate.loadContextInternal(DefaultCacheAwareContextLoaderDelegate.java:99) ~[spring-test-5.3.7.jar:5.3.7]
	at org.springframework.test.context.cache.DefaultCacheAwareContextLoaderDelegate.loadContext(DefaultCacheAwareContextLoaderDelegate.java:124) ~[spring-test-5.3.7.jar:5.3.7]
	... 60 common frames omitted
Caused by: org.springframework.beans.factory.BeanCreationException: Error creating bean with name 'mockMvc' defined in class path resource [org/springframework/boot/test/autoconfigure/web/servlet/MockMvcAutoConfiguration.class]: Bean instantiation via factory method failed; nested exception is org.springframework.beans.BeanInstantiationException: Failed to instantiate [org.springframework.test.web.servlet.MockMvc]: Factory method 'mockMvc' threw exception; nested exception is org.springframework.beans.factory.UnsatisfiedDependencyException: Error creating bean with name 'org.springframework.boot.autoconfigure.web.servlet.WebMvcAutoConfiguration$EnableWebMvcConfiguration': Unsatisfied dependency expressed through method 'setConfigurers' parameter 0; nested exception is org.springframework.beans.factory.UnsatisfiedDependencyException: Error creating bean with name 'securityConfig' defined in file [C:\Users\java_basics\ComandDiplom\socnet\target\classes\ru\skillbox\team13\config\SecurityConfig.class]: Unsatisfied dependency expressed through constructor parameter 0; nested exception is org.springframework.beans.factory.BeanCreationException: Error creating bean with name 'jwtTokenProvider': Injection of autowired dependencies failed; nested exception is java.lang.IllegalArgumentException: Could not resolve placeholder 'JWT_SECRET' in value "${JWT_SECRET}"
	at org.springframework.beans.factory.support.ConstructorResolver.instantiate(ConstructorResolver.java:658) ~[spring-beans-5.3.7.jar:5.3.7]
	at org.springframework.beans.factory.support.ConstructorResolver.instantiateUsingFactoryMethod(ConstructorResolver.java:638) ~[spring-beans-5.3.7.jar:5.3.7]
	at org.springframework.beans.factory.support.AbstractAutowireCapableBeanFactory.instantiateUsingFactoryMethod(AbstractAutowireCapableBeanFactory.java:1334) ~[spring-beans-5.3.7.jar:5.3.7]
	at org.springframework.beans.factory.support.AbstractAutowireCapableBeanFactory.createBeanInstance(AbstractAutowireCapableBeanFactory.java:1177) ~[spring-beans-5.3.7.jar:5.3.7]
	at org.springframework.beans.factory.support.AbstractAutowireCapableBeanFactory.doCreateBean(AbstractAutowireCapableBeanFactory.java:564) ~[spring-beans-5.3.7.jar:5.3.7]
	at org.springframework.beans.factory.support.AbstractAutowireCapableBeanFactory.createBean(AbstractAutowireCapableBeanFactory.java:524) ~[spring-beans-5.3.7.jar:5.3.7]
	at org.springframework.beans.factory.support.AbstractBeanFactory.lambda$doGetBean$0(AbstractBeanFactory.java:335) ~[spring-beans-5.3.7.jar:5.3.7]
	at org.springframework.beans.factory.support.DefaultSingletonBeanRegistry.getSingleton(DefaultSingletonBeanRegistry.java:234) ~[spring-beans-5.3.7.jar:5.3.7]
	at org.springframework.beans.factory.support.AbstractBeanFactory.doGetBean(AbstractBeanFactory.java:333) ~[spring-beans-5.3.7.jar:5.3.7]
	at org.springframework.beans.factory.support.AbstractBeanFactory.getBean(AbstractBeanFactory.java:208) ~[spring-beans-5.3.7.jar:5.3.7]
	at org.springframework.beans.factory.config.DependencyDescriptor.resolveCandidate(DependencyDescriptor.java:276) ~[spring-beans-5.3.7.jar:5.3.7]
	at org.springframework.beans.factory.support.DefaultListableBeanFactory.doResolveDependency(DefaultListableBeanFactory.java:1380) ~[spring-beans-5.3.7.jar:5.3.7]
	at org.springframework.beans.factory.support.DefaultListableBeanFactory.resolveDependency(DefaultListableBeanFactory.java:1300) ~[spring-beans-5.3.7.jar:5.3.7]
	at org.springframework.beans.factory.support.ConstructorResolver.resolveAutowiredArgument(ConstructorResolver.java:887) ~[spring-beans-5.3.7.jar:5.3.7]
	at org.springframework.beans.factory.support.ConstructorResolver.createArgumentArray(ConstructorResolver.java:791) ~[spring-beans-5.3.7.jar:5.3.7]
	... 78 common frames omitted
Caused by: org.springframework.beans.BeanInstantiationException: Failed to instantiate [org.springframework.test.web.servlet.MockMvc]: Factory method 'mockMvc' threw exception; nested exception is org.springframework.beans.factory.UnsatisfiedDependencyException: Error creating bean with name 'org.springframework.boot.autoconfigure.web.servlet.WebMvcAutoConfiguration$EnableWebMvcConfiguration': Unsatisfied dependency expressed through method 'setConfigurers' parameter 0; nested exception is org.springframework.beans.factory.UnsatisfiedDependencyException: Error creating bean with name 'securityConfig' defined in file [C:\Users\java_basics\ComandDiplom\socnet\target\classes\ru\skillbox\team13\config\SecurityConfig.class]: Unsatisfied dependency expressed through constructor parameter 0; nested exception is org.springframework.beans.factory.BeanCreationException: Error creating bean with name 'jwtTokenProvider': Injection of autowired dependencies failed; nested exception is java.lang.IllegalArgumentException: Could not resolve placeholder 'JWT_SECRET' in value "${JWT_SECRET}"
	at org.springframework.beans.factory.support.SimpleInstantiationStrategy.instantiate(SimpleInstantiationStrategy.java:185) ~[spring-beans-5.3.7.jar:5.3.7]
	at org.springframework.beans.factory.support.ConstructorResolver.instantiate(ConstructorResolver.java:653) ~[spring-beans-5.3.7.jar:5.3.7]
	... 92 common frames omitted
Caused by: org.springframework.beans.factory.UnsatisfiedDependencyException: Error creating bean with name 'org.springframework.boot.autoconfigure.web.servlet.WebMvcAutoConfiguration$EnableWebMvcConfiguration': Unsatisfied dependency expressed through method 'setConfigurers' parameter 0; nested exception is org.springframework.beans.factory.UnsatisfiedDependencyException: Error creating bean with name 'securityConfig' defined in file [C:\Users\java_basics\ComandDiplom\socnet\target\classes\ru\skillbox\team13\config\SecurityConfig.class]: Unsatisfied dependency expressed through constructor parameter 0; nested exception is org.springframework.beans.factory.BeanCreationException: Error creating bean with name 'jwtTokenProvider': Injection of autowired dependencies failed; nested exception is java.lang.IllegalArgumentException: Could not resolve placeholder 'JWT_SECRET' in value "${JWT_SECRET}"
	at org.springframework.beans.factory.annotation.AutowiredAnnotationBeanPostProcessor$AutowiredMethodElement.resolveMethodArguments(AutowiredAnnotationBeanPostProcessor.java:768) ~[spring-beans-5.3.7.jar:5.3.7]
	at org.springframework.beans.factory.annotation.AutowiredAnnotationBeanPostProcessor$AutowiredMethodElement.inject(AutowiredAnnotationBeanPostProcessor.java:720) ~[spring-beans-5.3.7.jar:5.3.7]
	at org.springframework.beans.factory.annotation.InjectionMetadata.inject(InjectionMetadata.java:119) ~[spring-beans-5.3.7.jar:5.3.7]
	at org.springframework.beans.factory.annotation.AutowiredAnnotationBeanPostProcessor.postProcessProperties(AutowiredAnnotationBeanPostProcessor.java:399) ~[spring-beans-5.3.7.jar:5.3.7]
	at org.springframework.beans.factory.support.AbstractAutowireCapableBeanFactory.populateBean(AbstractAutowireCapableBeanFactory.java:1413) ~[spring-beans-5.3.7.jar:5.3.7]
	at org.springframework.beans.factory.support.AbstractAutowireCapableBeanFactory.doCreateBean(AbstractAutowireCapableBeanFactory.java:601) ~[spring-beans-5.3.7.jar:5.3.7]
	at org.springframework.beans.factory.support.AbstractAutowireCapableBeanFactory.createBean(AbstractAutowireCapableBeanFactory.java:524) ~[spring-beans-5.3.7.jar:5.3.7]
	at org.springframework.beans.factory.support.AbstractBeanFactory.lambda$doGetBean$0(AbstractBeanFactory.java:335) ~[spring-beans-5.3.7.jar:5.3.7]
	at org.springframework.beans.factory.support.DefaultSingletonBeanRegistry.getSingleton(DefaultSingletonBeanRegistry.java:234) ~[spring-beans-5.3.7.jar:5.3.7]
	at org.springframework.beans.factory.support.AbstractBeanFactory.doGetBean(AbstractBeanFactory.java:333) ~[spring-beans-5.3.7.jar:5.3.7]
	at org.springframework.beans.factory.support.AbstractBeanFactory.getBean(AbstractBeanFactory.java:208) ~[spring-beans-5.3.7.jar:5.3.7]
	at org.springframework.beans.factory.support.ConstructorResolver.instantiateUsingFactoryMethod(ConstructorResolver.java:410) ~[spring-beans-5.3.7.jar:5.3.7]
	at org.springframework.beans.factory.support.AbstractAutowireCapableBeanFactory.instantiateUsingFactoryMethod(AbstractAutowireCapableBeanFactory.java:1334) ~[spring-beans-5.3.7.jar:5.3.7]
	at org.springframework.beans.factory.support.AbstractAutowireCapableBeanFactory.createBeanInstance(AbstractAutowireCapableBeanFactory.java:1177) ~[spring-beans-5.3.7.jar:5.3.7]
	at org.springframework.beans.factory.support.AbstractAutowireCapableBeanFactory.doCreateBean(AbstractAutowireCapableBeanFactory.java:564) ~[spring-beans-5.3.7.jar:5.3.7]
	at org.springframework.beans.factory.support.AbstractAutowireCapableBeanFactory.createBean(AbstractAutowireCapableBeanFactory.java:524) ~[spring-beans-5.3.7.jar:5.3.7]
	at org.springframework.beans.factory.support.AbstractBeanFactory.lambda$doGetBean$0(AbstractBeanFactory.java:335) ~[spring-beans-5.3.7.jar:5.3.7]
	at org.springframework.beans.factory.support.DefaultSingletonBeanRegistry.getSingleton(DefaultSingletonBeanRegistry.java:234) ~[spring-beans-5.3.7.jar:5.3.7]
	at org.springframework.beans.factory.support.AbstractBeanFactory.doGetBean(AbstractBeanFactory.java:333) ~[spring-beans-5.3.7.jar:5.3.7]
	at org.springframework.beans.factory.support.AbstractBeanFactory.getBean(AbstractBeanFactory.java:213) ~[spring-beans-5.3.7.jar:5.3.7]
	at org.springframework.context.support.AbstractApplicationContext.getBean(AbstractApplicationContext.java:1160) ~[spring-context-5.3.7.jar:5.3.7]
	at org.springframework.web.servlet.DispatcherServlet.initLocaleResolver(DispatcherServlet.java:539) ~[spring-webmvc-5.3.7.jar:5.3.7]
	at org.springframework.web.servlet.DispatcherServlet.initStrategies(DispatcherServlet.java:498) ~[spring-webmvc-5.3.7.jar:5.3.7]
	at org.springframework.web.servlet.DispatcherServlet.onRefresh(DispatcherServlet.java:489) ~[spring-webmvc-5.3.7.jar:5.3.7]
	at org.springframework.web.servlet.FrameworkServlet.initWebApplicationContext(FrameworkServlet.java:599) ~[spring-webmvc-5.3.7.jar:5.3.7]
	at org.springframework.web.servlet.FrameworkServlet.initServletBean(FrameworkServlet.java:530) ~[spring-webmvc-5.3.7.jar:5.3.7]
	at org.springframework.web.servlet.HttpServletBean.init(HttpServletBean.java:170) ~[spring-webmvc-5.3.7.jar:5.3.7]
	at javax.servlet.GenericServlet.init(GenericServlet.java:158) ~[tomcat-embed-core-9.0.46.jar:4.0.FR]
	at org.springframework.test.web.servlet.MockMvcBuilderSupport.createMockMvc(MockMvcBuilderSupport.java:56) ~[spring-test-5.3.7.jar:5.3.7]
	at org.springframework.test.web.servlet.setup.AbstractMockMvcBuilder.build(AbstractMockMvcBuilder.java:159) ~[spring-test-5.3.7.jar:5.3.7]
	at org.springframework.boot.test.autoconfigure.web.servlet.MockMvcAutoConfiguration.mockMvc(MockMvcAutoConfiguration.java:91) ~[spring-boot-test-autoconfigure-2.5.0.jar:2.5.0]
	at java.base/jdk.internal.reflect.NativeMethodAccessorImpl.invoke0(Native Method) ~[na:na]
	at java.base/jdk.internal.reflect.NativeMethodAccessorImpl.invoke(NativeMethodAccessorImpl.java:78) ~[na:na]
	at java.base/jdk.internal.reflect.DelegatingMethodAccessorImpl.invoke(DelegatingMethodAccessorImpl.java:43) ~[na:na]
	at java.base/java.lang.reflect.Method.invoke(Method.java:567) ~[na:na]
	at org.springframework.beans.factory.support.SimpleInstantiationStrategy.instantiate(SimpleInstantiationStrategy.java:154) ~[spring-beans-5.3.7.jar:5.3.7]
	... 93 common frames omitted
Caused by: org.springframework.beans.factory.UnsatisfiedDependencyException: Error creating bean with name 'securityConfig' defined in file [C:\Users\java_basics\ComandDiplom\socnet\target\classes\ru\skillbox\team13\config\SecurityConfig.class]: Unsatisfied dependency expressed through constructor parameter 0; nested exception is org.springframework.beans.factory.BeanCreationException: Error creating bean with name 'jwtTokenProvider': Injection of autowired dependencies failed; nested exception is java.lang.IllegalArgumentException: Could not resolve placeholder 'JWT_SECRET' in value "${JWT_SECRET}"
	at org.springframework.beans.factory.support.ConstructorResolver.createArgumentArray(ConstructorResolver.java:800) ~[spring-beans-5.3.7.jar:5.3.7]
	at org.springframework.beans.factory.support.ConstructorResolver.autowireConstructor(ConstructorResolver.java:229) ~[spring-beans-5.3.7.jar:5.3.7]
	at org.springframework.beans.factory.support.AbstractAutowireCapableBeanFactory.autowireConstructor(AbstractAutowireCapableBeanFactory.java:1354) ~[spring-beans-5.3.7.jar:5.3.7]
	at org.springframework.beans.factory.support.AbstractAutowireCapableBeanFactory.createBeanInstance(AbstractAutowireCapableBeanFactory.java:1204) ~[spring-beans-5.3.7.jar:5.3.7]
	at org.springframework.beans.factory.support.AbstractAutowireCapableBeanFactory.doCreateBean(AbstractAutowireCapableBeanFactory.java:564) ~[spring-beans-5.3.7.jar:5.3.7]
	at org.springframework.beans.factory.support.AbstractAutowireCapableBeanFactory.createBean(AbstractAutowireCapableBeanFactory.java:524) ~[spring-beans-5.3.7.jar:5.3.7]
	at org.springframework.beans.factory.support.AbstractBeanFactory.lambda$doGetBean$0(AbstractBeanFactory.java:335) ~[spring-beans-5.3.7.jar:5.3.7]
	at org.springframework.beans.factory.support.DefaultSingletonBeanRegistry.getSingleton(DefaultSingletonBeanRegistry.java:234) ~[spring-beans-5.3.7.jar:5.3.7]
	at org.springframework.beans.factory.support.AbstractBeanFactory.doGetBean(AbstractBeanFactory.java:333) ~[spring-beans-5.3.7.jar:5.3.7]
	at org.springframework.beans.factory.support.AbstractBeanFactory.getBean(AbstractBeanFactory.java:208) ~[spring-beans-5.3.7.jar:5.3.7]
	at org.springframework.beans.factory.config.DependencyDescriptor.resolveCandidate(DependencyDescriptor.java:276) ~[spring-beans-5.3.7.jar:5.3.7]
	at org.springframework.beans.factory.support.DefaultListableBeanFactory.addCandidateEntry(DefaultListableBeanFactory.java:1598) ~[spring-beans-5.3.7.jar:5.3.7]
	at org.springframework.beans.factory.support.DefaultListableBeanFactory.findAutowireCandidates(DefaultListableBeanFactory.java:1562) ~[spring-beans-5.3.7.jar:5.3.7]
	at org.springframework.beans.factory.support.DefaultListableBeanFactory.resolveMultipleBeans(DefaultListableBeanFactory.java:1451) ~[spring-beans-5.3.7.jar:5.3.7]
	at org.springframework.beans.factory.support.DefaultListableBeanFactory.doResolveDependency(DefaultListableBeanFactory.java:1338) ~[spring-beans-5.3.7.jar:5.3.7]
	at org.springframework.beans.factory.support.DefaultListableBeanFactory.resolveDependency(DefaultListableBeanFactory.java:1300) ~[spring-beans-5.3.7.jar:5.3.7]
	at org.springframework.beans.factory.annotation.AutowiredAnnotationBeanPostProcessor$AutowiredMethodElement.resolveMethodArguments(AutowiredAnnotationBeanPostProcessor.java:760) ~[spring-beans-5.3.7.jar:5.3.7]
	... 128 common frames omitted
Caused by: org.springframework.beans.factory.BeanCreationException: Error creating bean with name 'jwtTokenProvider': Injection of autowired dependencies failed; nested exception is java.lang.IllegalArgumentException: Could not resolve placeholder 'JWT_SECRET' in value "${JWT_SECRET}"
	at org.springframework.beans.factory.annotation.AutowiredAnnotationBeanPostProcessor.postProcessProperties(AutowiredAnnotationBeanPostProcessor.java:405) ~[spring-beans-5.3.7.jar:5.3.7]
	at org.springframework.beans.factory.support.AbstractAutowireCapableBeanFactory.populateBean(AbstractAutowireCapableBeanFactory.java:1413) ~[spring-beans-5.3.7.jar:5.3.7]
	at org.springframework.beans.factory.support.AbstractAutowireCapableBeanFactory.doCreateBean(AbstractAutowireCapableBeanFactory.java:601) ~[spring-beans-5.3.7.jar:5.3.7]
	at org.springframework.beans.factory.support.AbstractAutowireCapableBeanFactory.createBean(AbstractAutowireCapableBeanFactory.java:524) ~[spring-beans-5.3.7.jar:5.3.7]
	at org.springframework.beans.factory.support.AbstractBeanFactory.lambda$doGetBean$0(AbstractBeanFactory.java:335) ~[spring-beans-5.3.7.jar:5.3.7]
	at org.springframework.beans.factory.support.DefaultSingletonBeanRegistry.getSingleton(DefaultSingletonBeanRegistry.java:234) ~[spring-beans-5.3.7.jar:5.3.7]
	at org.springframework.beans.factory.support.AbstractBeanFactory.doGetBean(AbstractBeanFactory.java:333) ~[spring-beans-5.3.7.jar:5.3.7]
	at org.springframework.beans.factory.support.AbstractBeanFactory.getBean(AbstractBeanFactory.java:208) ~[spring-beans-5.3.7.jar:5.3.7]
	at org.springframework.beans.factory.config.DependencyDescriptor.resolveCandidate(DependencyDescriptor.java:276) ~[spring-beans-5.3.7.jar:5.3.7]
	at org.springframework.beans.factory.support.DefaultListableBeanFactory.doResolveDependency(DefaultListableBeanFactory.java:1380) ~[spring-beans-5.3.7.jar:5.3.7]
	at org.springframework.beans.factory.support.DefaultListableBeanFactory.resolveDependency(DefaultListableBeanFactory.java:1300) ~[spring-beans-5.3.7.jar:5.3.7]
	at org.springframework.beans.factory.support.ConstructorResolver.resolveAutowiredArgument(ConstructorResolver.java:887) ~[spring-beans-5.3.7.jar:5.3.7]
	at org.springframework.beans.factory.support.ConstructorResolver.createArgumentArray(ConstructorResolver.java:791) ~[spring-beans-5.3.7.jar:5.3.7]
	... 144 common frames omitted
Caused by: java.lang.IllegalArgumentException: Could not resolve placeholder 'JWT_SECRET' in value "${JWT_SECRET}"
	at org.springframework.util.PropertyPlaceholderHelper.parseStringValue(PropertyPlaceholderHelper.java:180) ~[spring-core-5.3.7.jar:5.3.7]
	at org.springframework.util.PropertyPlaceholderHelper.replacePlaceholders(PropertyPlaceholderHelper.java:126) ~[spring-core-5.3.7.jar:5.3.7]
	at org.springframework.core.env.AbstractPropertyResolver.doResolvePlaceholders(AbstractPropertyResolver.java:239) ~[spring-core-5.3.7.jar:5.3.7]
	at org.springframework.core.env.AbstractPropertyResolver.resolveRequiredPlaceholders(AbstractPropertyResolver.java:210) ~[spring-core-5.3.7.jar:5.3.7]
	at org.springframework.core.env.AbstractPropertyResolver.resolveNestedPlaceholders(AbstractPropertyResolver.java:230) ~[spring-core-5.3.7.jar:5.3.7]
	at org.springframework.core.env.PropertySourcesPropertyResolver.getProperty(PropertySourcesPropertyResolver.java:88) ~[spring-core-5.3.7.jar:5.3.7]
	at org.springframework.core.env.PropertySourcesPropertyResolver.getProperty(PropertySourcesPropertyResolver.java:62) ~[spring-core-5.3.7.jar:5.3.7]
	at org.springframework.core.env.AbstractEnvironment.getProperty(AbstractEnvironment.java:588) ~[spring-core-5.3.7.jar:5.3.7]
	at org.springframework.context.support.PropertySourcesPlaceholderConfigurer$1.getProperty(PropertySourcesPlaceholderConfigurer.java:137) ~[spring-context-5.3.7.jar:5.3.7]
	at org.springframework.context.support.PropertySourcesPlaceholderConfigurer$1.getProperty(PropertySourcesPlaceholderConfigurer.java:133) ~[spring-context-5.3.7.jar:5.3.7]
	at org.springframework.core.env.PropertySourcesPropertyResolver.getProperty(PropertySourcesPropertyResolver.java:85) ~[spring-core-5.3.7.jar:5.3.7]
	at org.springframework.core.env.PropertySourcesPropertyResolver.getPropertyAsRawString(PropertySourcesPropertyResolver.java:74) ~[spring-core-5.3.7.jar:5.3.7]
	at org.springframework.util.PropertyPlaceholderHelper.parseStringValue(PropertyPlaceholderHelper.java:153) ~[spring-core-5.3.7.jar:5.3.7]
	at org.springframework.util.PropertyPlaceholderHelper.replacePlaceholders(PropertyPlaceholderHelper.java:126) ~[spring-core-5.3.7.jar:5.3.7]
	at org.springframework.core.env.AbstractPropertyResolver.doResolvePlaceholders(AbstractPropertyResolver.java:239) ~[spring-core-5.3.7.jar:5.3.7]
	at org.springframework.core.env.AbstractPropertyResolver.resolveRequiredPlaceholders(AbstractPropertyResolver.java:210) ~[spring-core-5.3.7.jar:5.3.7]
	at org.springframework.context.support.PropertySourcesPlaceholderConfigurer.lambda$processProperties$0(PropertySourcesPlaceholderConfigurer.java:175) ~[spring-context-5.3.7.jar:5.3.7]
	at org.springframework.beans.factory.support.AbstractBeanFactory.resolveEmbeddedValue(AbstractBeanFactory.java:936) ~[spring-beans-5.3.7.jar:5.3.7]
	at org.springframework.beans.factory.support.DefaultListableBeanFactory.doResolveDependency(DefaultListableBeanFactory.java:1321) ~[spring-beans-5.3.7.jar:5.3.7]
	at org.springframework.beans.factory.support.DefaultListableBeanFactory.resolveDependency(DefaultListableBeanFactory.java:1300) ~[spring-beans-5.3.7.jar:5.3.7]
	at org.springframework.beans.factory.annotation.AutowiredAnnotationBeanPostProcessor$AutowiredFieldElement.resolveFieldValue(AutowiredAnnotationBeanPostProcessor.java:657) ~[spring-beans-5.3.7.jar:5.3.7]
	at org.springframework.beans.factory.annotation.AutowiredAnnotationBeanPostProcessor$AutowiredFieldElement.inject(AutowiredAnnotationBeanPostProcessor.java:640) ~[spring-beans-5.3.7.jar:5.3.7]
	at org.springframework.beans.factory.annotation.InjectionMetadata.inject(InjectionMetadata.java:119) ~[spring-beans-5.3.7.jar:5.3.7]
	at org.springframework.beans.factory.annotation.AutowiredAnnotationBeanPostProcessor.postProcessProperties(AutowiredAnnotationBeanPostProcessor.java:399) ~[spring-beans-5.3.7.jar:5.3.7]
	... 156 common frames omitted
]]></system-out>
  </testcase>
</testsuite>